[0.278s] Invoking command in '/home/alumno1/Documents/TPF-PRA-LopezVilaclara-Vulcano/ros2_ws/src/tpf_package': PYTHONPATH=/home/alumno1/Documents/TPF-PRA-LopezVilaclara-Vulcano/build/tpf_package/prefix_override:/usr/lib/python3/dist-packages/colcon_core/task/python/colcon_distutils_commands:/home/alumno1/Documents/TPF-PRA-LopezVilaclara-Vulcano/install/tpf_package/lib/python3.10/site-packages:${PYTHONPATH} /usr/bin/python3 -W ignore:setup.py install is deprecated -W ignore:easy_install command is deprecated setup.py egg_info --egg-base ../../../build/tpf_package build --build-base /home/alumno1/Documents/TPF-PRA-LopezVilaclara-Vulcano/build/tpf_package/build install --record /home/alumno1/Documents/TPF-PRA-LopezVilaclara-Vulcano/build/tpf_package/install.log --single-version-externally-managed install_data
[0.382s] running egg_info
[0.382s] writing ../../../build/tpf_package/tpf_package.egg-info/PKG-INFO
[0.382s] writing dependency_links to ../../../build/tpf_package/tpf_package.egg-info/dependency_links.txt
[0.382s] writing entry points to ../../../build/tpf_package/tpf_package.egg-info/entry_points.txt
[0.382s] writing requirements to ../../../build/tpf_package/tpf_package.egg-info/requires.txt
[0.382s] writing top-level names to ../../../build/tpf_package/tpf_package.egg-info/top_level.txt
[0.383s] reading manifest file '../../../build/tpf_package/tpf_package.egg-info/SOURCES.txt'
[0.383s] writing manifest file '../../../build/tpf_package/tpf_package.egg-info/SOURCES.txt'
[0.383s] running build
[0.383s] running build_py
[0.383s] running install
[0.383s] running install_lib
[0.384s] running install_data
[0.384s] running install_egg_info
[0.385s] removing '/home/alumno1/Documents/TPF-PRA-LopezVilaclara-Vulcano/install/tpf_package/lib/python3.10/site-packages/tpf_package-0.0.0-py3.10.egg-info' (and everything under it)
[0.385s] Copying ../../../build/tpf_package/tpf_package.egg-info to /home/alumno1/Documents/TPF-PRA-LopezVilaclara-Vulcano/install/tpf_package/lib/python3.10/site-packages/tpf_package-0.0.0-py3.10.egg-info
[0.385s] running install_scripts
[0.394s] Installing explorer_node script to /home/alumno1/Documents/TPF-PRA-LopezVilaclara-Vulcano/install/tpf_package/lib/tpf_package
[0.394s] Installing map_saver_node script to /home/alumno1/Documents/TPF-PRA-LopezVilaclara-Vulcano/install/tpf_package/lib/tpf_package
[0.394s] Installing slam_node script to /home/alumno1/Documents/TPF-PRA-LopezVilaclara-Vulcano/install/tpf_package/lib/tpf_package
[0.394s] writing list of installed files to '/home/alumno1/Documents/TPF-PRA-LopezVilaclara-Vulcano/build/tpf_package/install.log'
[0.404s] Invoked command in '/home/alumno1/Documents/TPF-PRA-LopezVilaclara-Vulcano/ros2_ws/src/tpf_package' returned '0': PYTHONPATH=/home/alumno1/Documents/TPF-PRA-LopezVilaclara-Vulcano/build/tpf_package/prefix_override:/usr/lib/python3/dist-packages/colcon_core/task/python/colcon_distutils_commands:/home/alumno1/Documents/TPF-PRA-LopezVilaclara-Vulcano/install/tpf_package/lib/python3.10/site-packages:${PYTHONPATH} /usr/bin/python3 -W ignore:setup.py install is deprecated -W ignore:easy_install command is deprecated setup.py egg_info --egg-base ../../../build/tpf_package build --build-base /home/alumno1/Documents/TPF-PRA-LopezVilaclara-Vulcano/build/tpf_package/build install --record /home/alumno1/Documents/TPF-PRA-LopezVilaclara-Vulcano/build/tpf_package/install.log --single-version-externally-managed install_data
