/home/alumno1/Documents/TPF-PRA-LopezVilaclara-Vulcano/install/tpf_package/lib/python3.10/site-packages/tpf_package/slam_node.py
/home/alumno1/Documents/TPF-PRA-LopezVilaclara-Vulcano/install/tpf_package/lib/python3.10/site-packages/tpf_package/map_saver_node.py
/home/alumno1/Documents/TPF-PRA-LopezVilaclara-Vulcano/install/tpf_package/lib/python3.10/site-packages/tpf_package/explorer_node.py
/home/alumno1/Documents/TPF-PRA-LopezVilaclara-Vulcano/install/tpf_package/lib/python3.10/site-packages/tpf_package/__init__.py
/home/alumno1/Documents/TPF-PRA-LopezVilaclara-Vulcano/install/tpf_package/lib/python3.10/site-packages/tpf_package/__pycache__/slam_node.cpython-310.pyc
/home/alumno1/Documents/TPF-PRA-LopezVilaclara-Vulcano/install/tpf_package/lib/python3.10/site-packages/tpf_package/__pycache__/map_saver_node.cpython-310.pyc
/home/alumno1/Documents/TPF-PRA-LopezVilaclara-Vulcano/install/tpf_package/lib/python3.10/site-packages/tpf_package/__pycache__/explorer_node.cpython-310.pyc
/home/alumno1/Documents/TPF-PRA-LopezVilaclara-Vulcano/install/tpf_package/lib/python3.10/site-packages/tpf_package/__pycache__/__init__.cpython-310.pyc
/home/alumno1/Documents/TPF-PRA-LopezVilaclara-Vulcano/install/tpf_package/share/ament_index/resource_index/packages/tpf_package
/home/alumno1/Documents/TPF-PRA-LopezVilaclara-Vulcano/install/tpf_package/share/tpf_package/package.xml
/home/alumno1/Documents/TPF-PRA-LopezVilaclara-Vulcano/install/tpf_package/share/tpf_package/launch/slam_launch.py
/home/alumno1/Documents/TPF-PRA-LopezVilaclara-Vulcano/install/tpf_package/share/tpf_package/config/slam_defaults.yaml
/home/alumno1/Documents/TPF-PRA-LopezVilaclara-Vulcano/install/tpf_package/share/tpf_package/rviz/slam_config2.rviz
/home/alumno1/Documents/TPF-PRA-LopezVilaclara-Vulcano/install/tpf_package/share/tpf_package/rviz/slam_config.rviz
/home/alumno1/Documents/TPF-PRA-LopezVilaclara-Vulcano/install/tpf_package/lib/python3.10/site-packages/tpf_package-0.0.0-py3.10.egg-info/requires.txt
/home/alumno1/Documents/TPF-PRA-LopezVilaclara-Vulcano/install/tpf_package/lib/python3.10/site-packages/tpf_package-0.0.0-py3.10.egg-info/top_level.txt
/home/alumno1/Documents/TPF-PRA-LopezVilaclara-Vulcano/install/tpf_package/lib/python3.10/site-packages/tpf_package-0.0.0-py3.10.egg-info/SOURCES.txt
/home/alumno1/Documents/TPF-PRA-LopezVilaclara-Vulcano/install/tpf_package/lib/python3.10/site-packages/tpf_package-0.0.0-py3.10.egg-info/PKG-INFO
/home/alumno1/Documents/TPF-PRA-LopezVilaclara-Vulcano/install/tpf_package/lib/python3.10/site-packages/tpf_package-0.0.0-py3.10.egg-info/entry_points.txt
/home/alumno1/Documents/TPF-PRA-LopezVilaclara-Vulcano/install/tpf_package/lib/python3.10/site-packages/tpf_package-0.0.0-py3.10.egg-info/zip-safe
/home/alumno1/Documents/TPF-PRA-LopezVilaclara-Vulcano/install/tpf_package/lib/python3.10/site-packages/tpf_package-0.0.0-py3.10.egg-info/dependency_links.txt
/home/alumno1/Documents/TPF-PRA-LopezVilaclara-Vulcano/install/tpf_package/lib/tpf_package/explorer_node
/home/alumno1/Documents/TPF-PRA-LopezVilaclara-Vulcano/install/tpf_package/lib/tpf_package/map_saver_node
/home/alumno1/Documents/TPF-PRA-LopezVilaclara-Vulcano/install/tpf_package/lib/tpf_package/slam_node
