[0.136s] Invoking command in '/home/facuvulcano/TPF-PRA-LopezVilaclara-Vulcano/build/turtlebot3_custom_simulation': CMAKE_PREFIX_PATH=${CMAKE_PREFIX_PATH}:/home/facuvulcano/TPF-PRA-LopezVilaclara-Vulcano/install/tpf_package:/home/facuvulcano/TPF-PRA-LopezVilaclara-Vulcano/install/tpf_navigation CONDA_PROMPT_MODIFIER=(rosenv) DEBUGINFOD_URLS=https://debuginfod.ubuntu.com /home/facuvulcano/miniconda3/envs/rosenv/bin/cmake --build /home/facuvulcano/TPF-PRA-LopezVilaclara-Vulcano/build/turtlebot3_custom_simulation -- -j32 -l32
[0.197s] [100%] Built target turtlebot3_custom_simulation
[0.208s] Invoked command in '/home/facuvulcano/TPF-PRA-LopezVilaclara-Vulcano/build/turtlebot3_custom_simulation' returned '0': CMAKE_PREFIX_PATH=${CMAKE_PREFIX_PATH}:/home/facuvulcano/TPF-PRA-LopezVilaclara-Vulcano/install/tpf_package:/home/facuvulcano/TPF-PRA-LopezVilaclara-Vulcano/install/tpf_navigation CONDA_PROMPT_MODIFIER=(rosenv) DEBUGINFOD_URLS=https://debuginfod.ubuntu.com /home/facuvulcano/miniconda3/envs/rosenv/bin/cmake --build /home/facuvulcano/TPF-PRA-LopezVilaclara-Vulcano/build/turtlebot3_custom_simulation -- -j32 -l32
[0.251s] Invoking command in '/home/facuvulcano/TPF-PRA-LopezVilaclara-Vulcano/build/turtlebot3_custom_simulation': CMAKE_PREFIX_PATH=${CMAKE_PREFIX_PATH}:/home/facuvulcano/TPF-PRA-LopezVilaclara-Vulcano/install/tpf_package:/home/facuvulcano/TPF-PRA-LopezVilaclara-Vulcano/install/tpf_navigation CONDA_PROMPT_MODIFIER=(rosenv) DEBUGINFOD_URLS=https://debuginfod.ubuntu.com /home/facuvulcano/miniconda3/envs/rosenv/bin/cmake --install /home/facuvulcano/TPF-PRA-LopezVilaclara-Vulcano/build/turtlebot3_custom_simulation
[0.258s] -- Install configuration: ""
[0.259s] -- Installing: /home/facuvulcano/TPF-PRA-LopezVilaclara-Vulcano/install/turtlebot3_custom_simulation/lib/turtlebot3_custom_simulation/turtlebot3_custom_simulation
[0.259s] -- Up-to-date: /home/facuvulcano/TPF-PRA-LopezVilaclara-Vulcano/install/turtlebot3_custom_simulation/share/turtlebot3_custom_simulation/launch
[0.260s] -- Up-to-date: /home/facuvulcano/TPF-PRA-LopezVilaclara-Vulcano/install/turtlebot3_custom_simulation/share/turtlebot3_custom_simulation/launch/custom_room.launch.py
[0.260s] -- Up-to-date: /home/facuvulcano/TPF-PRA-LopezVilaclara-Vulcano/install/turtlebot3_custom_simulation/share/turtlebot3_custom_simulation/launch/custom_casa_obs2.launch.py
[0.260s] -- Up-to-date: /home/facuvulcano/TPF-PRA-LopezVilaclara-Vulcano/install/turtlebot3_custom_simulation/share/turtlebot3_custom_simulation/launch/custom_simulation.launch.py
[0.260s] -- Up-to-date: /home/facuvulcano/TPF-PRA-LopezVilaclara-Vulcano/install/turtlebot3_custom_simulation/share/turtlebot3_custom_simulation/launch/custom_maze.launch.py
[0.260s] -- Up-to-date: /home/facuvulcano/TPF-PRA-LopezVilaclara-Vulcano/install/turtlebot3_custom_simulation/share/turtlebot3_custom_simulation/launch/custom_casa.launch.py
[0.261s] -- Up-to-date: /home/facuvulcano/TPF-PRA-LopezVilaclara-Vulcano/install/turtlebot3_custom_simulation/share/turtlebot3_custom_simulation/launch/custom_casa_obs.launch.py
[0.261s] -- Up-to-date: /home/facuvulcano/TPF-PRA-LopezVilaclara-Vulcano/install/turtlebot3_custom_simulation/share/turtlebot3_custom_simulation/param
[0.261s] -- Up-to-date: /home/facuvulcano/TPF-PRA-LopezVilaclara-Vulcano/install/turtlebot3_custom_simulation/share/turtlebot3_custom_simulation/param/burger.yaml
[0.261s] -- Up-to-date: /home/facuvulcano/TPF-PRA-LopezVilaclara-Vulcano/install/turtlebot3_custom_simulation/share/turtlebot3_custom_simulation/worlds
[0.261s] -- Up-to-date: /home/facuvulcano/TPF-PRA-LopezVilaclara-Vulcano/install/turtlebot3_custom_simulation/share/turtlebot3_custom_simulation/worlds/Walls
[0.261s] -- Up-to-date: /home/facuvulcano/TPF-PRA-LopezVilaclara-Vulcano/install/turtlebot3_custom_simulation/share/turtlebot3_custom_simulation/worlds/Walls/model.config
[0.261s] -- Up-to-date: /home/facuvulcano/TPF-PRA-LopezVilaclara-Vulcano/install/turtlebot3_custom_simulation/share/turtlebot3_custom_simulation/worlds/Walls/model.sdf
[0.261s] -- Up-to-date: /home/facuvulcano/TPF-PRA-LopezVilaclara-Vulcano/install/turtlebot3_custom_simulation/share/turtlebot3_custom_simulation/worlds/casa_obs.world
[0.261s] -- Up-to-date: /home/facuvulcano/TPF-PRA-LopezVilaclara-Vulcano/install/turtlebot3_custom_simulation/share/turtlebot3_custom_simulation/worlds/Suitcase2H
[0.261s] -- Up-to-date: /home/facuvulcano/TPF-PRA-LopezVilaclara-Vulcano/install/turtlebot3_custom_simulation/share/turtlebot3_custom_simulation/worlds/Suitcase2H/model.config
[0.261s] -- Up-to-date: /home/facuvulcano/TPF-PRA-LopezVilaclara-Vulcano/install/turtlebot3_custom_simulation/share/turtlebot3_custom_simulation/worlds/Suitcase2H/model.sdf
[0.261s] -- Up-to-date: /home/facuvulcano/TPF-PRA-LopezVilaclara-Vulcano/install/turtlebot3_custom_simulation/share/turtlebot3_custom_simulation/worlds/maze.world
[0.261s] -- Up-to-date: /home/facuvulcano/TPF-PRA-LopezVilaclara-Vulcano/install/turtlebot3_custom_simulation/share/turtlebot3_custom_simulation/worlds/map
[0.262s] -- Up-to-date: /home/facuvulcano/TPF-PRA-LopezVilaclara-Vulcano/install/turtlebot3_custom_simulation/share/turtlebot3_custom_simulation/worlds/map/map.pgm
[0.262s] -- Up-to-date: /home/facuvulcano/TPF-PRA-LopezVilaclara-Vulcano/install/turtlebot3_custom_simulation/share/turtlebot3_custom_simulation/worlds/map/map.yaml
[0.262s] -- Up-to-date: /home/facuvulcano/TPF-PRA-LopezVilaclara-Vulcano/install/turtlebot3_custom_simulation/share/turtlebot3_custom_simulation/worlds/HospitalBot
[0.262s] -- Up-to-date: /home/facuvulcano/TPF-PRA-LopezVilaclara-Vulcano/install/turtlebot3_custom_simulation/share/turtlebot3_custom_simulation/worlds/HospitalBot/model.config
[0.262s] -- Up-to-date: /home/facuvulcano/TPF-PRA-LopezVilaclara-Vulcano/install/turtlebot3_custom_simulation/share/turtlebot3_custom_simulation/worlds/HospitalBot/model.sdf
[0.262s] -- Up-to-date: /home/facuvulcano/TPF-PRA-LopezVilaclara-Vulcano/install/turtlebot3_custom_simulation/share/turtlebot3_custom_simulation/worlds/casa_o.world
[0.262s] -- Up-to-date: /home/facuvulcano/TPF-PRA-LopezVilaclara-Vulcano/install/turtlebot3_custom_simulation/share/turtlebot3_custom_simulation/worlds/Suitcase1
[0.262s] -- Up-to-date: /home/facuvulcano/TPF-PRA-LopezVilaclara-Vulcano/install/turtlebot3_custom_simulation/share/turtlebot3_custom_simulation/worlds/Suitcase1/model.config
[0.262s] -- Up-to-date: /home/facuvulcano/TPF-PRA-LopezVilaclara-Vulcano/install/turtlebot3_custom_simulation/share/turtlebot3_custom_simulation/worlds/Suitcase1/model.sdf
[0.262s] -- Up-to-date: /home/facuvulcano/TPF-PRA-LopezVilaclara-Vulcano/install/turtlebot3_custom_simulation/share/turtlebot3_custom_simulation/worlds/Armchair
[0.262s] -- Up-to-date: /home/facuvulcano/TPF-PRA-LopezVilaclara-Vulcano/install/turtlebot3_custom_simulation/share/turtlebot3_custom_simulation/worlds/Armchair/model.config
[0.262s] -- Up-to-date: /home/facuvulcano/TPF-PRA-LopezVilaclara-Vulcano/install/turtlebot3_custom_simulation/share/turtlebot3_custom_simulation/worlds/Armchair/model.sdf
[0.262s] -- Up-to-date: /home/facuvulcano/TPF-PRA-LopezVilaclara-Vulcano/install/turtlebot3_custom_simulation/share/turtlebot3_custom_simulation/worlds/slippery.world
[0.262s] -- Up-to-date: /home/facuvulcano/TPF-PRA-LopezVilaclara-Vulcano/install/turtlebot3_custom_simulation/share/turtlebot3_custom_simulation/worlds/casa.world
[0.263s] -- Up-to-date: /home/facuvulcano/TPF-PRA-LopezVilaclara-Vulcano/install/turtlebot3_custom_simulation/share/turtlebot3_custom_simulation/worlds/casa_obs2.world
[0.263s] -- Up-to-date: /home/facuvulcano/TPF-PRA-LopezVilaclara-Vulcano/install/turtlebot3_custom_simulation/share/turtlebot3_custom_simulation/worlds/Sofa
[0.263s] -- Up-to-date: /home/facuvulcano/TPF-PRA-LopezVilaclara-Vulcano/install/turtlebot3_custom_simulation/share/turtlebot3_custom_simulation/worlds/Sofa/model.config
[0.263s] -- Up-to-date: /home/facuvulcano/TPF-PRA-LopezVilaclara-Vulcano/install/turtlebot3_custom_simulation/share/turtlebot3_custom_simulation/worlds/Sofa/model.sdf
[0.263s] -- Up-to-date: /home/facuvulcano/TPF-PRA-LopezVilaclara-Vulcano/install/turtlebot3_custom_simulation/share/turtlebot3_custom_simulation/worlds/room.world
[0.263s] -- Up-to-date: /home/facuvulcano/TPF-PRA-LopezVilaclara-Vulcano/install/turtlebot3_custom_simulation/include/
[0.263s] -- Up-to-date: /home/facuvulcano/TPF-PRA-LopezVilaclara-Vulcano/install/turtlebot3_custom_simulation/include//turtlebot3_custom_simulation
[0.263s] -- Up-to-date: /home/facuvulcano/TPF-PRA-LopezVilaclara-Vulcano/install/turtlebot3_custom_simulation/include//turtlebot3_custom_simulation/turtlebot3_custom_simulation.hpp
[0.263s] -- Up-to-date: /home/facuvulcano/TPF-PRA-LopezVilaclara-Vulcano/install/turtlebot3_custom_simulation/share/ament_index/resource_index/package_run_dependencies/turtlebot3_custom_simulation
[0.263s] -- Up-to-date: /home/facuvulcano/TPF-PRA-LopezVilaclara-Vulcano/install/turtlebot3_custom_simulation/share/ament_index/resource_index/parent_prefix_path/turtlebot3_custom_simulation
[0.263s] -- Up-to-date: /home/facuvulcano/TPF-PRA-LopezVilaclara-Vulcano/install/turtlebot3_custom_simulation/share/turtlebot3_custom_simulation/environment/ament_prefix_path.sh
[0.263s] -- Up-to-date: /home/facuvulcano/TPF-PRA-LopezVilaclara-Vulcano/install/turtlebot3_custom_simulation/share/turtlebot3_custom_simulation/environment/ament_prefix_path.dsv
[0.263s] -- Up-to-date: /home/facuvulcano/TPF-PRA-LopezVilaclara-Vulcano/install/turtlebot3_custom_simulation/share/turtlebot3_custom_simulation/environment/path.sh
[0.263s] -- Up-to-date: /home/facuvulcano/TPF-PRA-LopezVilaclara-Vulcano/install/turtlebot3_custom_simulation/share/turtlebot3_custom_simulation/environment/path.dsv
[0.263s] -- Up-to-date: /home/facuvulcano/TPF-PRA-LopezVilaclara-Vulcano/install/turtlebot3_custom_simulation/share/turtlebot3_custom_simulation/local_setup.bash
[0.264s] -- Up-to-date: /home/facuvulcano/TPF-PRA-LopezVilaclara-Vulcano/install/turtlebot3_custom_simulation/share/turtlebot3_custom_simulation/local_setup.sh
[0.264s] -- Up-to-date: /home/facuvulcano/TPF-PRA-LopezVilaclara-Vulcano/install/turtlebot3_custom_simulation/share/turtlebot3_custom_simulation/local_setup.zsh
[0.264s] -- Up-to-date: /home/facuvulcano/TPF-PRA-LopezVilaclara-Vulcano/install/turtlebot3_custom_simulation/share/turtlebot3_custom_simulation/local_setup.dsv
[0.264s] -- Installing: /home/facuvulcano/TPF-PRA-LopezVilaclara-Vulcano/install/turtlebot3_custom_simulation/share/turtlebot3_custom_simulation/package.dsv
[0.264s] -- Up-to-date: /home/facuvulcano/TPF-PRA-LopezVilaclara-Vulcano/install/turtlebot3_custom_simulation/share/ament_index/resource_index/packages/turtlebot3_custom_simulation
[0.264s] -- Up-to-date: /home/facuvulcano/TPF-PRA-LopezVilaclara-Vulcano/install/turtlebot3_custom_simulation/share/turtlebot3_custom_simulation/cmake/ament_cmake_export_include_directories-extras.cmake
[0.264s] -- Up-to-date: /home/facuvulcano/TPF-PRA-LopezVilaclara-Vulcano/install/turtlebot3_custom_simulation/share/turtlebot3_custom_simulation/cmake/ament_cmake_export_dependencies-extras.cmake
[0.264s] -- Up-to-date: /home/facuvulcano/TPF-PRA-LopezVilaclara-Vulcano/install/turtlebot3_custom_simulation/share/turtlebot3_custom_simulation/cmake/turtlebot3_custom_simulationConfig.cmake
[0.264s] -- Up-to-date: /home/facuvulcano/TPF-PRA-LopezVilaclara-Vulcano/install/turtlebot3_custom_simulation/share/turtlebot3_custom_simulation/cmake/turtlebot3_custom_simulationConfig-version.cmake
[0.264s] -- Up-to-date: /home/facuvulcano/TPF-PRA-LopezVilaclara-Vulcano/install/turtlebot3_custom_simulation/share/turtlebot3_custom_simulation/package.xml
[0.265s] Invoked command in '/home/facuvulcano/TPF-PRA-LopezVilaclara-Vulcano/build/turtlebot3_custom_simulation' returned '0': CMAKE_PREFIX_PATH=${CMAKE_PREFIX_PATH}:/home/facuvulcano/TPF-PRA-LopezVilaclara-Vulcano/install/tpf_package:/home/facuvulcano/TPF-PRA-LopezVilaclara-Vulcano/install/tpf_navigation CONDA_PROMPT_MODIFIER=(rosenv) DEBUGINFOD_URLS=https://debuginfod.ubuntu.com /home/facuvulcano/miniconda3/envs/rosenv/bin/cmake --install /home/facuvulcano/TPF-PRA-LopezVilaclara-Vulcano/build/turtlebot3_custom_simulation
