[0.047s] DEBUG:colcon:Command line arguments: ['/usr/bin/colcon', 'build']
[0.047s] DEBUG:colcon:Parsed command line arguments: Namespace(log_base=None, log_level=None, verb_name='build', build_base='build', install_base='install', merge_install=False, symlink_install=False, test_result_base=None, continue_on_error=False, executor='parallel', parallel_workers=28, event_handlers=None, ignore_user_meta=False, metas=['./colcon.meta'], base_paths=['.'], packages_ignore=None, packages_ignore_regex=None, paths=None, packages_up_to=None, packages_up_to_regex=None, packages_above=None, packages_above_and_dependencies=None, packages_above_depth=None, packages_select_by_dep=None, packages_skip_by_dep=None, packages_skip_up_to=None, packages_select_build_failed=False, packages_skip_build_finished=False, packages_select_test_failures=False, packages_skip_test_passed=False, packages_select=None, packages_skip=None, packages_select_regex=None, packages_skip_regex=None, packages_start=None, packages_end=None, allow_overriding=[], cmake_args=None, cmake_target=None, cmake_target_skip_unavailable=False, cmake_clean_cache=False, cmake_clean_first=False, cmake_force_configure=False, ament_cmake_args=None, catkin_cmake_args=None, catkin_skip_building_tests=False, mixin_files=None, mixin=None, verb_parser=<colcon_mixin.mixin.mixin_argument.MixinArgumentDecorator object at 0x7fb154e88280>, verb_extension=<colcon_core.verb.build.BuildVerb object at 0x7fb154e5bd90>, main=<bound method BuildVerb.main of <colcon_core.verb.build.BuildVerb object at 0x7fb154e5bd90>>, mixin_verb=('build',))
[0.118s] Level 1:colcon.colcon_core.package_discovery:discover_packages(colcon_meta) check parameters
[0.118s] Level 1:colcon.colcon_core.package_discovery:discover_packages(recursive) check parameters
[0.118s] Level 1:colcon.colcon_core.package_discovery:discover_packages(ignore) check parameters
[0.118s] Level 1:colcon.colcon_core.package_discovery:discover_packages(path) check parameters
[0.118s] Level 1:colcon.colcon_core.package_discovery:discover_packages(colcon_meta) discover
[0.118s] Level 1:colcon.colcon_core.package_discovery:discover_packages(recursive) discover
[0.118s] INFO:colcon.colcon_core.package_discovery:Crawling recursively for packages in '/home/alumno1/Documents/TPF-PRA-LopezVilaclara-Vulcano'
[0.118s] Level 1:colcon.colcon_core.package_identification:_identify(.) by extensions ['ignore', 'ignore_ament_install']
[0.118s] Level 1:colcon.colcon_core.package_identification:_identify(.) by extension 'ignore'
[0.118s] Level 1:colcon.colcon_core.package_identification:_identify(.) by extension 'ignore_ament_install'
[0.118s] Level 1:colcon.colcon_core.package_identification:_identify(.) by extensions ['colcon_pkg']
[0.118s] Level 1:colcon.colcon_core.package_identification:_identify(.) by extension 'colcon_pkg'
[0.118s] Level 1:colcon.colcon_core.package_identification:_identify(.) by extensions ['colcon_meta']
[0.118s] Level 1:colcon.colcon_core.package_identification:_identify(.) by extension 'colcon_meta'
[0.118s] Level 1:colcon.colcon_core.package_identification:_identify(.) by extensions ['ros']
[0.118s] Level 1:colcon.colcon_core.package_identification:_identify(.) by extension 'ros'
[0.123s] Level 1:colcon.colcon_core.package_identification:_identify(.) by extensions ['cmake', 'python']
[0.123s] Level 1:colcon.colcon_core.package_identification:_identify(.) by extension 'cmake'
[0.123s] Level 1:colcon.colcon_core.package_identification:_identify(.) by extension 'python'
[0.123s] Level 1:colcon.colcon_core.package_identification:_identify(.) by extensions ['python_setup_py']
[0.123s] Level 1:colcon.colcon_core.package_identification:_identify(.) by extension 'python_setup_py'
[0.123s] Level 1:colcon.colcon_core.package_identification:_identify(build) by extensions ['ignore', 'ignore_ament_install']
[0.123s] Level 1:colcon.colcon_core.package_identification:_identify(build) by extension 'ignore'
[0.123s] Level 1:colcon.colcon_core.package_identification:_identify(build) ignored
[0.123s] Level 1:colcon.colcon_core.package_identification:_identify(install) by extensions ['ignore', 'ignore_ament_install']
[0.123s] Level 1:colcon.colcon_core.package_identification:_identify(install) by extension 'ignore'
[0.123s] Level 1:colcon.colcon_core.package_identification:_identify(install) ignored
[0.123s] Level 1:colcon.colcon_core.package_identification:_identify(log) by extensions ['ignore', 'ignore_ament_install']
[0.123s] Level 1:colcon.colcon_core.package_identification:_identify(log) by extension 'ignore'
[0.123s] Level 1:colcon.colcon_core.package_identification:_identify(log) ignored
[0.123s] Level 1:colcon.colcon_core.package_identification:_identify(maps) by extensions ['ignore', 'ignore_ament_install']
[0.123s] Level 1:colcon.colcon_core.package_identification:_identify(maps) by extension 'ignore'
[0.124s] Level 1:colcon.colcon_core.package_identification:_identify(maps) by extension 'ignore_ament_install'
[0.124s] Level 1:colcon.colcon_core.package_identification:_identify(maps) by extensions ['colcon_pkg']
[0.124s] Level 1:colcon.colcon_core.package_identification:_identify(maps) by extension 'colcon_pkg'
[0.124s] Level 1:colcon.colcon_core.package_identification:_identify(maps) by extensions ['colcon_meta']
[0.124s] Level 1:colcon.colcon_core.package_identification:_identify(maps) by extension 'colcon_meta'
[0.124s] Level 1:colcon.colcon_core.package_identification:_identify(maps) by extensions ['ros']
[0.124s] Level 1:colcon.colcon_core.package_identification:_identify(maps) by extension 'ros'
[0.124s] Level 1:colcon.colcon_core.package_identification:_identify(maps) by extensions ['cmake', 'python']
[0.124s] Level 1:colcon.colcon_core.package_identification:_identify(maps) by extension 'cmake'
[0.124s] Level 1:colcon.colcon_core.package_identification:_identify(maps) by extension 'python'
[0.124s] Level 1:colcon.colcon_core.package_identification:_identify(maps) by extensions ['python_setup_py']
[0.124s] Level 1:colcon.colcon_core.package_identification:_identify(maps) by extension 'python_setup_py'
[0.124s] Level 1:colcon.colcon_core.package_identification:_identify(ros2_ws) by extensions ['ignore', 'ignore_ament_install']
[0.124s] Level 1:colcon.colcon_core.package_identification:_identify(ros2_ws) by extension 'ignore'
[0.124s] Level 1:colcon.colcon_core.package_identification:_identify(ros2_ws) by extension 'ignore_ament_install'
[0.124s] Level 1:colcon.colcon_core.package_identification:_identify(ros2_ws) by extensions ['colcon_pkg']
[0.124s] Level 1:colcon.colcon_core.package_identification:_identify(ros2_ws) by extension 'colcon_pkg'
[0.124s] Level 1:colcon.colcon_core.package_identification:_identify(ros2_ws) by extensions ['colcon_meta']
[0.124s] Level 1:colcon.colcon_core.package_identification:_identify(ros2_ws) by extension 'colcon_meta'
[0.124s] Level 1:colcon.colcon_core.package_identification:_identify(ros2_ws) by extensions ['ros']
[0.124s] Level 1:colcon.colcon_core.package_identification:_identify(ros2_ws) by extension 'ros'
[0.124s] Level 1:colcon.colcon_core.package_identification:_identify(ros2_ws) by extensions ['cmake', 'python']
[0.124s] Level 1:colcon.colcon_core.package_identification:_identify(ros2_ws) by extension 'cmake'
[0.124s] Level 1:colcon.colcon_core.package_identification:_identify(ros2_ws) by extension 'python'
[0.124s] Level 1:colcon.colcon_core.package_identification:_identify(ros2_ws) by extensions ['python_setup_py']
[0.124s] Level 1:colcon.colcon_core.package_identification:_identify(ros2_ws) by extension 'python_setup_py'
[0.124s] Level 1:colcon.colcon_core.package_identification:_identify(ros2_ws/src) by extensions ['ignore', 'ignore_ament_install']
[0.124s] Level 1:colcon.colcon_core.package_identification:_identify(ros2_ws/src) by extension 'ignore'
[0.124s] Level 1:colcon.colcon_core.package_identification:_identify(ros2_ws/src) by extension 'ignore_ament_install'
[0.124s] Level 1:colcon.colcon_core.package_identification:_identify(ros2_ws/src) by extensions ['colcon_pkg']
[0.124s] Level 1:colcon.colcon_core.package_identification:_identify(ros2_ws/src) by extension 'colcon_pkg'
[0.124s] Level 1:colcon.colcon_core.package_identification:_identify(ros2_ws/src) by extensions ['colcon_meta']
[0.124s] Level 1:colcon.colcon_core.package_identification:_identify(ros2_ws/src) by extension 'colcon_meta'
[0.124s] Level 1:colcon.colcon_core.package_identification:_identify(ros2_ws/src) by extensions ['ros']
[0.124s] Level 1:colcon.colcon_core.package_identification:_identify(ros2_ws/src) by extension 'ros'
[0.124s] Level 1:colcon.colcon_core.package_identification:_identify(ros2_ws/src) by extensions ['cmake', 'python']
[0.124s] Level 1:colcon.colcon_core.package_identification:_identify(ros2_ws/src) by extension 'cmake'
[0.124s] Level 1:colcon.colcon_core.package_identification:_identify(ros2_ws/src) by extension 'python'
[0.124s] Level 1:colcon.colcon_core.package_identification:_identify(ros2_ws/src) by extensions ['python_setup_py']
[0.124s] Level 1:colcon.colcon_core.package_identification:_identify(ros2_ws/src) by extension 'python_setup_py'
[0.124s] Level 1:colcon.colcon_core.package_identification:_identify(ros2_ws/src/tpf_navigation) by extensions ['ignore', 'ignore_ament_install']
[0.124s] Level 1:colcon.colcon_core.package_identification:_identify(ros2_ws/src/tpf_navigation) by extension 'ignore'
[0.124s] Level 1:colcon.colcon_core.package_identification:_identify(ros2_ws/src/tpf_navigation) by extension 'ignore_ament_install'
[0.124s] Level 1:colcon.colcon_core.package_identification:_identify(ros2_ws/src/tpf_navigation) by extensions ['colcon_pkg']
[0.124s] Level 1:colcon.colcon_core.package_identification:_identify(ros2_ws/src/tpf_navigation) by extension 'colcon_pkg'
[0.124s] Level 1:colcon.colcon_core.package_identification:_identify(ros2_ws/src/tpf_navigation) by extensions ['colcon_meta']
[0.124s] Level 1:colcon.colcon_core.package_identification:_identify(ros2_ws/src/tpf_navigation) by extension 'colcon_meta'
[0.124s] Level 1:colcon.colcon_core.package_identification:_identify(ros2_ws/src/tpf_navigation) by extensions ['ros']
[0.124s] Level 1:colcon.colcon_core.package_identification:_identify(ros2_ws/src/tpf_navigation) by extension 'ros'
[0.126s] DEBUG:colcon.colcon_core.package_identification:Package 'ros2_ws/src/tpf_navigation' with type 'ros.ament_python' and name 'tpf_navigation'
[0.126s] Level 1:colcon.colcon_core.package_identification:_identify(ros2_ws/src/tpf_package) by extensions ['ignore', 'ignore_ament_install']
[0.126s] Level 1:colcon.colcon_core.package_identification:_identify(ros2_ws/src/tpf_package) by extension 'ignore'
[0.126s] Level 1:colcon.colcon_core.package_identification:_identify(ros2_ws/src/tpf_package) by extension 'ignore_ament_install'
[0.126s] Level 1:colcon.colcon_core.package_identification:_identify(ros2_ws/src/tpf_package) by extensions ['colcon_pkg']
[0.126s] Level 1:colcon.colcon_core.package_identification:_identify(ros2_ws/src/tpf_package) by extension 'colcon_pkg'
[0.126s] Level 1:colcon.colcon_core.package_identification:_identify(ros2_ws/src/tpf_package) by extensions ['colcon_meta']
[0.126s] Level 1:colcon.colcon_core.package_identification:_identify(ros2_ws/src/tpf_package) by extension 'colcon_meta'
[0.126s] Level 1:colcon.colcon_core.package_identification:_identify(ros2_ws/src/tpf_package) by extensions ['ros']
[0.126s] Level 1:colcon.colcon_core.package_identification:_identify(ros2_ws/src/tpf_package) by extension 'ros'
[0.126s] DEBUG:colcon.colcon_core.package_identification:Package 'ros2_ws/src/tpf_package' with type 'ros.ament_python' and name 'tpf_package'
[0.127s] Level 1:colcon.colcon_core.package_identification:_identify(ros2_ws/src/turtlebot3_custom_simulation (3)) by extensions ['ignore', 'ignore_ament_install']
[0.127s] Level 1:colcon.colcon_core.package_identification:_identify(ros2_ws/src/turtlebot3_custom_simulation (3)) by extension 'ignore'
[0.127s] Level 1:colcon.colcon_core.package_identification:_identify(ros2_ws/src/turtlebot3_custom_simulation (3)) by extension 'ignore_ament_install'
[0.127s] Level 1:colcon.colcon_core.package_identification:_identify(ros2_ws/src/turtlebot3_custom_simulation (3)) by extensions ['colcon_pkg']
[0.127s] Level 1:colcon.colcon_core.package_identification:_identify(ros2_ws/src/turtlebot3_custom_simulation (3)) by extension 'colcon_pkg'
[0.127s] Level 1:colcon.colcon_core.package_identification:_identify(ros2_ws/src/turtlebot3_custom_simulation (3)) by extensions ['colcon_meta']
[0.127s] Level 1:colcon.colcon_core.package_identification:_identify(ros2_ws/src/turtlebot3_custom_simulation (3)) by extension 'colcon_meta'
[0.127s] Level 1:colcon.colcon_core.package_identification:_identify(ros2_ws/src/turtlebot3_custom_simulation (3)) by extensions ['ros']
[0.127s] Level 1:colcon.colcon_core.package_identification:_identify(ros2_ws/src/turtlebot3_custom_simulation (3)) by extension 'ros'
[0.127s] Level 1:colcon.colcon_core.package_identification:_identify(ros2_ws/src/turtlebot3_custom_simulation (3)) by extensions ['cmake', 'python']
[0.127s] Level 1:colcon.colcon_core.package_identification:_identify(ros2_ws/src/turtlebot3_custom_simulation (3)) by extension 'cmake'
[0.127s] Level 1:colcon.colcon_core.package_identification:_identify(ros2_ws/src/turtlebot3_custom_simulation (3)) by extension 'python'
[0.127s] Level 1:colcon.colcon_core.package_identification:_identify(ros2_ws/src/turtlebot3_custom_simulation (3)) by extensions ['python_setup_py']
[0.127s] Level 1:colcon.colcon_core.package_identification:_identify(ros2_ws/src/turtlebot3_custom_simulation (3)) by extension 'python_setup_py'
[0.127s] Level 1:colcon.colcon_core.package_identification:_identify(ros2_ws/src/turtlebot3_custom_simulation (3)/turtlebot3_custom_simulation) by extensions ['ignore', 'ignore_ament_install']
[0.127s] Level 1:colcon.colcon_core.package_identification:_identify(ros2_ws/src/turtlebot3_custom_simulation (3)/turtlebot3_custom_simulation) by extension 'ignore'
[0.127s] Level 1:colcon.colcon_core.package_identification:_identify(ros2_ws/src/turtlebot3_custom_simulation (3)/turtlebot3_custom_simulation) by extension 'ignore_ament_install'
[0.127s] Level 1:colcon.colcon_core.package_identification:_identify(ros2_ws/src/turtlebot3_custom_simulation (3)/turtlebot3_custom_simulation) by extensions ['colcon_pkg']
[0.127s] Level 1:colcon.colcon_core.package_identification:_identify(ros2_ws/src/turtlebot3_custom_simulation (3)/turtlebot3_custom_simulation) by extension 'colcon_pkg'
[0.127s] Level 1:colcon.colcon_core.package_identification:_identify(ros2_ws/src/turtlebot3_custom_simulation (3)/turtlebot3_custom_simulation) by extensions ['colcon_meta']
[0.127s] Level 1:colcon.colcon_core.package_identification:_identify(ros2_ws/src/turtlebot3_custom_simulation (3)/turtlebot3_custom_simulation) by extension 'colcon_meta'
[0.127s] Level 1:colcon.colcon_core.package_identification:_identify(ros2_ws/src/turtlebot3_custom_simulation (3)/turtlebot3_custom_simulation) by extensions ['ros']
[0.127s] Level 1:colcon.colcon_core.package_identification:_identify(ros2_ws/src/turtlebot3_custom_simulation (3)/turtlebot3_custom_simulation) by extension 'ros'
[0.127s] DEBUG:colcon.colcon_core.package_identification:Package 'ros2_ws/src/turtlebot3_custom_simulation (3)/turtlebot3_custom_simulation' with type 'ros.ament_cmake' and name 'turtlebot3_custom_simulation'
[0.127s] Level 1:colcon.colcon_core.package_discovery:discover_packages(recursive) using defaults
[0.127s] Level 1:colcon.colcon_core.package_discovery:discover_packages(ignore) discover
[0.127s] Level 1:colcon.colcon_core.package_discovery:discover_packages(ignore) using defaults
[0.127s] Level 1:colcon.colcon_core.package_discovery:discover_packages(path) discover
[0.127s] Level 1:colcon.colcon_core.package_discovery:discover_packages(path) using defaults
[0.140s] Level 1:colcon.colcon_core.package_discovery:discover_packages(prefix_path) check parameters
[0.140s] Level 1:colcon.colcon_core.package_discovery:discover_packages(prefix_path) discover
[0.141s] DEBUG:colcon.colcon_installed_package_information.package_discovery:Found 3 installed packages in /home/alumno1/Documents/TPF-PRA-LopezVilaclara-Vulcano/install
[0.141s] DEBUG:colcon.colcon_installed_package_information.package_discovery:Found 16 installed packages in /home/alumno1/turtlebot3_ws/install
[0.142s] DEBUG:colcon.colcon_installed_package_information.package_discovery:Found 363 installed packages in /opt/ros/humble
[0.143s] Level 1:colcon.colcon_core.package_discovery:discover_packages(prefix_path) using defaults
[0.160s] Level 5:colcon.colcon_core.verb:set package 'tpf_package' build argument 'cmake_args' from command line to 'None'
[0.160s] Level 5:colcon.colcon_core.verb:set package 'tpf_package' build argument 'cmake_target' from command line to 'None'
[0.160s] Level 5:colcon.colcon_core.verb:set package 'tpf_package' build argument 'cmake_target_skip_unavailable' from command line to 'False'
[0.160s] Level 5:colcon.colcon_core.verb:set package 'tpf_package' build argument 'cmake_clean_cache' from command line to 'False'
[0.160s] Level 5:colcon.colcon_core.verb:set package 'tpf_package' build argument 'cmake_clean_first' from command line to 'False'
[0.160s] Level 5:colcon.colcon_core.verb:set package 'tpf_package' build argument 'cmake_force_configure' from command line to 'False'
[0.160s] Level 5:colcon.colcon_core.verb:set package 'tpf_package' build argument 'ament_cmake_args' from command line to 'None'
[0.160s] Level 5:colcon.colcon_core.verb:set package 'tpf_package' build argument 'catkin_cmake_args' from command line to 'None'
[0.160s] Level 5:colcon.colcon_core.verb:set package 'tpf_package' build argument 'catkin_skip_building_tests' from command line to 'False'
[0.160s] DEBUG:colcon.colcon_core.verb:Building package 'tpf_package' with the following arguments: {'ament_cmake_args': None, 'build_base': '/home/alumno1/Documents/TPF-PRA-LopezVilaclara-Vulcano/build/tpf_package', 'catkin_cmake_args': None, 'catkin_skip_building_tests': False, 'cmake_args': None, 'cmake_clean_cache': False, 'cmake_clean_first': False, 'cmake_force_configure': False, 'cmake_target': None, 'cmake_target_skip_unavailable': False, 'install_base': '/home/alumno1/Documents/TPF-PRA-LopezVilaclara-Vulcano/install/tpf_package', 'merge_install': False, 'path': '/home/alumno1/Documents/TPF-PRA-LopezVilaclara-Vulcano/ros2_ws/src/tpf_package', 'symlink_install': False, 'test_result_base': None}
[0.161s] Level 5:colcon.colcon_core.verb:set package 'turtlebot3_custom_simulation' build argument 'cmake_args' from command line to 'None'
[0.161s] Level 5:colcon.colcon_core.verb:set package 'turtlebot3_custom_simulation' build argument 'cmake_target' from command line to 'None'
[0.161s] Level 5:colcon.colcon_core.verb:set package 'turtlebot3_custom_simulation' build argument 'cmake_target_skip_unavailable' from command line to 'False'
[0.161s] Level 5:colcon.colcon_core.verb:set package 'turtlebot3_custom_simulation' build argument 'cmake_clean_cache' from command line to 'False'
[0.161s] Level 5:colcon.colcon_core.verb:set package 'turtlebot3_custom_simulation' build argument 'cmake_clean_first' from command line to 'False'
[0.161s] Level 5:colcon.colcon_core.verb:set package 'turtlebot3_custom_simulation' build argument 'cmake_force_configure' from command line to 'False'
[0.161s] Level 5:colcon.colcon_core.verb:set package 'turtlebot3_custom_simulation' build argument 'ament_cmake_args' from command line to 'None'
[0.161s] Level 5:colcon.colcon_core.verb:set package 'turtlebot3_custom_simulation' build argument 'catkin_cmake_args' from command line to 'None'
[0.161s] Level 5:colcon.colcon_core.verb:set package 'turtlebot3_custom_simulation' build argument 'catkin_skip_building_tests' from command line to 'False'
[0.161s] DEBUG:colcon.colcon_core.verb:Building package 'turtlebot3_custom_simulation' with the following arguments: {'ament_cmake_args': None, 'build_base': '/home/alumno1/Documents/TPF-PRA-LopezVilaclara-Vulcano/build/turtlebot3_custom_simulation', 'catkin_cmake_args': None, 'catkin_skip_building_tests': False, 'cmake_args': None, 'cmake_clean_cache': False, 'cmake_clean_first': False, 'cmake_force_configure': False, 'cmake_target': None, 'cmake_target_skip_unavailable': False, 'install_base': '/home/alumno1/Documents/TPF-PRA-LopezVilaclara-Vulcano/install/turtlebot3_custom_simulation', 'merge_install': False, 'path': '/home/alumno1/Documents/TPF-PRA-LopezVilaclara-Vulcano/ros2_ws/src/turtlebot3_custom_simulation (3)/turtlebot3_custom_simulation', 'symlink_install': False, 'test_result_base': None}
[0.161s] Level 5:colcon.colcon_core.verb:set package 'tpf_navigation' build argument 'cmake_args' from command line to 'None'
[0.161s] Level 5:colcon.colcon_core.verb:set package 'tpf_navigation' build argument 'cmake_target' from command line to 'None'
[0.161s] Level 5:colcon.colcon_core.verb:set package 'tpf_navigation' build argument 'cmake_target_skip_unavailable' from command line to 'False'
[0.161s] Level 5:colcon.colcon_core.verb:set package 'tpf_navigation' build argument 'cmake_clean_cache' from command line to 'False'
[0.161s] Level 5:colcon.colcon_core.verb:set package 'tpf_navigation' build argument 'cmake_clean_first' from command line to 'False'
[0.161s] Level 5:colcon.colcon_core.verb:set package 'tpf_navigation' build argument 'cmake_force_configure' from command line to 'False'
[0.161s] Level 5:colcon.colcon_core.verb:set package 'tpf_navigation' build argument 'ament_cmake_args' from command line to 'None'
[0.161s] Level 5:colcon.colcon_core.verb:set package 'tpf_navigation' build argument 'catkin_cmake_args' from command line to 'None'
[0.161s] Level 5:colcon.colcon_core.verb:set package 'tpf_navigation' build argument 'catkin_skip_building_tests' from command line to 'False'
[0.161s] DEBUG:colcon.colcon_core.verb:Building package 'tpf_navigation' with the following arguments: {'ament_cmake_args': None, 'build_base': '/home/alumno1/Documents/TPF-PRA-LopezVilaclara-Vulcano/build/tpf_navigation', 'catkin_cmake_args': None, 'catkin_skip_building_tests': False, 'cmake_args': None, 'cmake_clean_cache': False, 'cmake_clean_first': False, 'cmake_force_configure': False, 'cmake_target': None, 'cmake_target_skip_unavailable': False, 'install_base': '/home/alumno1/Documents/TPF-PRA-LopezVilaclara-Vulcano/install/tpf_navigation', 'merge_install': False, 'path': '/home/alumno1/Documents/TPF-PRA-LopezVilaclara-Vulcano/ros2_ws/src/tpf_navigation', 'symlink_install': False, 'test_result_base': None}
[0.161s] INFO:colcon.colcon_core.executor:Executing jobs using 'parallel' executor
[0.162s] DEBUG:colcon.colcon_parallel_executor.executor.parallel:run_until_complete
[0.162s] INFO:colcon.colcon_ros.task.ament_python.build:Building ROS package in '/home/alumno1/Documents/TPF-PRA-LopezVilaclara-Vulcano/ros2_ws/src/tpf_package' with build type 'ament_python'
[0.162s] Level 1:colcon.colcon_core.shell:create_environment_hook('tpf_package', 'ament_prefix_path')
[0.163s] INFO:colcon.colcon_core.plugin_system:Skipping extension 'colcon_core.shell.bat': Not used on non-Windows systems
[0.163s] INFO:colcon.colcon_core.shell:Creating environment hook '/home/alumno1/Documents/TPF-PRA-LopezVilaclara-Vulcano/install/tpf_package/share/tpf_package/hook/ament_prefix_path.ps1'
[0.163s] INFO:colcon.colcon_core.shell:Creating environment descriptor '/home/alumno1/Documents/TPF-PRA-LopezVilaclara-Vulcano/install/tpf_package/share/tpf_package/hook/ament_prefix_path.dsv'
[0.163s] INFO:colcon.colcon_core.shell:Creating environment hook '/home/alumno1/Documents/TPF-PRA-LopezVilaclara-Vulcano/install/tpf_package/share/tpf_package/hook/ament_prefix_path.sh'
[0.163s] INFO:colcon.colcon_core.shell:Skip shell extension 'powershell' for command environment: Not usable outside of PowerShell
[0.163s] DEBUG:colcon.colcon_core.shell:Skip shell extension 'dsv' for command environment
[0.165s] INFO:colcon.colcon_ros.task.ament_cmake.build:Building ROS package in '/home/alumno1/Documents/TPF-PRA-LopezVilaclara-Vulcano/ros2_ws/src/turtlebot3_custom_simulation (3)/turtlebot3_custom_simulation' with build type 'ament_cmake'
[0.166s] INFO:colcon.colcon_cmake.task.cmake.build:Building CMake package in '/home/alumno1/Documents/TPF-PRA-LopezVilaclara-Vulcano/ros2_ws/src/turtlebot3_custom_simulation (3)/turtlebot3_custom_simulation'
[0.166s] INFO:colcon.colcon_core.shell:Skip shell extension 'powershell' for command environment: Not usable outside of PowerShell
[0.166s] DEBUG:colcon.colcon_core.shell:Skip shell extension 'dsv' for command environment
[0.278s] INFO:colcon.colcon_core.task.python.build:Building Python package in '/home/alumno1/Documents/TPF-PRA-LopezVilaclara-Vulcano/ros2_ws/src/tpf_package'
[0.278s] INFO:colcon.colcon_core.shell:Skip shell extension 'powershell' for command environment: Not usable outside of PowerShell
[0.278s] DEBUG:colcon.colcon_core.shell:Skip shell extension 'dsv' for command environment
[0.283s] DEBUG:colcon.colcon_core.event_handler.log_command:Invoking command in '/home/alumno1/Documents/TPF-PRA-LopezVilaclara-Vulcano/build/turtlebot3_custom_simulation': CMAKE_PREFIX_PATH=${CMAKE_PREFIX_PATH}:/home/alumno1/Documents/TPF-PRA-LopezVilaclara-Vulcano/install/tpf_navigation:/home/alumno1/Documents/TPF-PRA-LopezVilaclara-Vulcano/install/tpf_package:/home/alumno1/turtlebot3_ws/install/turtlebot3_teleop:/home/alumno1/turtlebot3_ws/install/turtlebot3_example:/opt/ros/humble /usr/bin/cmake --build /home/alumno1/Documents/TPF-PRA-LopezVilaclara-Vulcano/build/turtlebot3_custom_simulation -- -j28 -l28
[0.325s] DEBUG:colcon.colcon_core.event_handler.log_command:Invoked command in '/home/alumno1/Documents/TPF-PRA-LopezVilaclara-Vulcano/build/turtlebot3_custom_simulation' returned '0': CMAKE_PREFIX_PATH=${CMAKE_PREFIX_PATH}:/home/alumno1/Documents/TPF-PRA-LopezVilaclara-Vulcano/install/tpf_navigation:/home/alumno1/Documents/TPF-PRA-LopezVilaclara-Vulcano/install/tpf_package:/home/alumno1/turtlebot3_ws/install/turtlebot3_teleop:/home/alumno1/turtlebot3_ws/install/turtlebot3_example:/opt/ros/humble /usr/bin/cmake --build /home/alumno1/Documents/TPF-PRA-LopezVilaclara-Vulcano/build/turtlebot3_custom_simulation -- -j28 -l28
[0.330s] DEBUG:colcon.colcon_core.event_handler.log_command:Invoking command in '/home/alumno1/Documents/TPF-PRA-LopezVilaclara-Vulcano/build/turtlebot3_custom_simulation': CMAKE_PREFIX_PATH=${CMAKE_PREFIX_PATH}:/home/alumno1/Documents/TPF-PRA-LopezVilaclara-Vulcano/install/tpf_navigation:/home/alumno1/Documents/TPF-PRA-LopezVilaclara-Vulcano/install/tpf_package:/home/alumno1/turtlebot3_ws/install/turtlebot3_teleop:/home/alumno1/turtlebot3_ws/install/turtlebot3_example:/opt/ros/humble /usr/bin/cmake --install /home/alumno1/Documents/TPF-PRA-LopezVilaclara-Vulcano/build/turtlebot3_custom_simulation
[0.336s] Level 1:colcon.colcon_core.environment:create_environment_scripts_only(turtlebot3_custom_simulation)
[0.336s] DEBUG:colcon.colcon_core.event_handler.log_command:Invoked command in '/home/alumno1/Documents/TPF-PRA-LopezVilaclara-Vulcano/build/turtlebot3_custom_simulation' returned '0': CMAKE_PREFIX_PATH=${CMAKE_PREFIX_PATH}:/home/alumno1/Documents/TPF-PRA-LopezVilaclara-Vulcano/install/tpf_navigation:/home/alumno1/Documents/TPF-PRA-LopezVilaclara-Vulcano/install/tpf_package:/home/alumno1/turtlebot3_ws/install/turtlebot3_teleop:/home/alumno1/turtlebot3_ws/install/turtlebot3_example:/opt/ros/humble /usr/bin/cmake --install /home/alumno1/Documents/TPF-PRA-LopezVilaclara-Vulcano/build/turtlebot3_custom_simulation
[0.338s] Level 1:colcon.colcon_core.environment:checking '/home/alumno1/Documents/TPF-PRA-LopezVilaclara-Vulcano/install/turtlebot3_custom_simulation' for CMake module files
[0.338s] Level 1:colcon.colcon_core.environment:checking '/home/alumno1/Documents/TPF-PRA-LopezVilaclara-Vulcano/install/turtlebot3_custom_simulation' for CMake config files
[0.339s] Level 1:colcon.colcon_core.shell:create_environment_hook('turtlebot3_custom_simulation', 'cmake_prefix_path')
[0.339s] INFO:colcon.colcon_core.shell:Creating environment hook '/home/alumno1/Documents/TPF-PRA-LopezVilaclara-Vulcano/install/turtlebot3_custom_simulation/share/turtlebot3_custom_simulation/hook/cmake_prefix_path.ps1'
[0.339s] INFO:colcon.colcon_core.shell:Creating environment descriptor '/home/alumno1/Documents/TPF-PRA-LopezVilaclara-Vulcano/install/turtlebot3_custom_simulation/share/turtlebot3_custom_simulation/hook/cmake_prefix_path.dsv'
[0.340s] INFO:colcon.colcon_core.shell:Creating environment hook '/home/alumno1/Documents/TPF-PRA-LopezVilaclara-Vulcano/install/turtlebot3_custom_simulation/share/turtlebot3_custom_simulation/hook/cmake_prefix_path.sh'
[0.340s] Level 1:colcon.colcon_core.environment:checking '/home/alumno1/Documents/TPF-PRA-LopezVilaclara-Vulcano/install/turtlebot3_custom_simulation/lib'
[0.340s] Level 1:colcon.colcon_core.environment:checking '/home/alumno1/Documents/TPF-PRA-LopezVilaclara-Vulcano/install/turtlebot3_custom_simulation/bin'
[0.340s] Level 1:colcon.colcon_core.environment:checking '/home/alumno1/Documents/TPF-PRA-LopezVilaclara-Vulcano/install/turtlebot3_custom_simulation/lib/pkgconfig/turtlebot3_custom_simulation.pc'
[0.340s] Level 1:colcon.colcon_core.environment:checking '/home/alumno1/Documents/TPF-PRA-LopezVilaclara-Vulcano/install/turtlebot3_custom_simulation/lib/python3.10/site-packages'
[0.340s] Level 1:colcon.colcon_core.environment:checking '/home/alumno1/Documents/TPF-PRA-LopezVilaclara-Vulcano/install/turtlebot3_custom_simulation/bin'
[0.341s] INFO:colcon.colcon_core.shell:Creating package script '/home/alumno1/Documents/TPF-PRA-LopezVilaclara-Vulcano/install/turtlebot3_custom_simulation/share/turtlebot3_custom_simulation/package.ps1'
[0.341s] INFO:colcon.colcon_core.shell:Creating package descriptor '/home/alumno1/Documents/TPF-PRA-LopezVilaclara-Vulcano/install/turtlebot3_custom_simulation/share/turtlebot3_custom_simulation/package.dsv'
[0.341s] INFO:colcon.colcon_core.shell:Creating package script '/home/alumno1/Documents/TPF-PRA-LopezVilaclara-Vulcano/install/turtlebot3_custom_simulation/share/turtlebot3_custom_simulation/package.sh'
[0.342s] INFO:colcon.colcon_core.shell:Creating package script '/home/alumno1/Documents/TPF-PRA-LopezVilaclara-Vulcano/install/turtlebot3_custom_simulation/share/turtlebot3_custom_simulation/package.bash'
[0.342s] INFO:colcon.colcon_core.shell:Creating package script '/home/alumno1/Documents/TPF-PRA-LopezVilaclara-Vulcano/install/turtlebot3_custom_simulation/share/turtlebot3_custom_simulation/package.zsh'
[0.342s] Level 1:colcon.colcon_core.environment:create_file_with_runtime_dependencies(/home/alumno1/Documents/TPF-PRA-LopezVilaclara-Vulcano/install/turtlebot3_custom_simulation/share/colcon-core/packages/turtlebot3_custom_simulation)
[0.342s] Level 1:colcon.colcon_core.environment:create_environment_scripts_only(turtlebot3_custom_simulation)
[0.343s] Level 1:colcon.colcon_core.environment:checking '/home/alumno1/Documents/TPF-PRA-LopezVilaclara-Vulcano/install/turtlebot3_custom_simulation' for CMake module files
[0.343s] Level 1:colcon.colcon_core.environment:checking '/home/alumno1/Documents/TPF-PRA-LopezVilaclara-Vulcano/install/turtlebot3_custom_simulation' for CMake config files
[0.343s] Level 1:colcon.colcon_core.shell:create_environment_hook('turtlebot3_custom_simulation', 'cmake_prefix_path')
[0.343s] INFO:colcon.colcon_core.shell:Creating environment hook '/home/alumno1/Documents/TPF-PRA-LopezVilaclara-Vulcano/install/turtlebot3_custom_simulation/share/turtlebot3_custom_simulation/hook/cmake_prefix_path.ps1'
[0.343s] INFO:colcon.colcon_core.shell:Creating environment descriptor '/home/alumno1/Documents/TPF-PRA-LopezVilaclara-Vulcano/install/turtlebot3_custom_simulation/share/turtlebot3_custom_simulation/hook/cmake_prefix_path.dsv'
[0.343s] INFO:colcon.colcon_core.shell:Creating environment hook '/home/alumno1/Documents/TPF-PRA-LopezVilaclara-Vulcano/install/turtlebot3_custom_simulation/share/turtlebot3_custom_simulation/hook/cmake_prefix_path.sh'
[0.343s] Level 1:colcon.colcon_core.environment:checking '/home/alumno1/Documents/TPF-PRA-LopezVilaclara-Vulcano/install/turtlebot3_custom_simulation/lib'
[0.343s] Level 1:colcon.colcon_core.environment:checking '/home/alumno1/Documents/TPF-PRA-LopezVilaclara-Vulcano/install/turtlebot3_custom_simulation/bin'
[0.343s] Level 1:colcon.colcon_core.environment:checking '/home/alumno1/Documents/TPF-PRA-LopezVilaclara-Vulcano/install/turtlebot3_custom_simulation/lib/pkgconfig/turtlebot3_custom_simulation.pc'
[0.344s] Level 1:colcon.colcon_core.environment:checking '/home/alumno1/Documents/TPF-PRA-LopezVilaclara-Vulcano/install/turtlebot3_custom_simulation/lib/python3.10/site-packages'
[0.344s] Level 1:colcon.colcon_core.environment:checking '/home/alumno1/Documents/TPF-PRA-LopezVilaclara-Vulcano/install/turtlebot3_custom_simulation/bin'
[0.344s] INFO:colcon.colcon_core.shell:Creating package script '/home/alumno1/Documents/TPF-PRA-LopezVilaclara-Vulcano/install/turtlebot3_custom_simulation/share/turtlebot3_custom_simulation/package.ps1'
[0.344s] INFO:colcon.colcon_core.shell:Creating package descriptor '/home/alumno1/Documents/TPF-PRA-LopezVilaclara-Vulcano/install/turtlebot3_custom_simulation/share/turtlebot3_custom_simulation/package.dsv'
[0.344s] INFO:colcon.colcon_core.shell:Creating package script '/home/alumno1/Documents/TPF-PRA-LopezVilaclara-Vulcano/install/turtlebot3_custom_simulation/share/turtlebot3_custom_simulation/package.sh'
[0.344s] INFO:colcon.colcon_core.shell:Creating package script '/home/alumno1/Documents/TPF-PRA-LopezVilaclara-Vulcano/install/turtlebot3_custom_simulation/share/turtlebot3_custom_simulation/package.bash'
[0.344s] INFO:colcon.colcon_core.shell:Creating package script '/home/alumno1/Documents/TPF-PRA-LopezVilaclara-Vulcano/install/turtlebot3_custom_simulation/share/turtlebot3_custom_simulation/package.zsh'
[0.344s] Level 1:colcon.colcon_core.environment:create_file_with_runtime_dependencies(/home/alumno1/Documents/TPF-PRA-LopezVilaclara-Vulcano/install/turtlebot3_custom_simulation/share/colcon-core/packages/turtlebot3_custom_simulation)
[0.444s] DEBUG:colcon.colcon_core.event_handler.log_command:Invoking command in '/home/alumno1/Documents/TPF-PRA-LopezVilaclara-Vulcano/ros2_ws/src/tpf_package': PYTHONPATH=/home/alumno1/Documents/TPF-PRA-LopezVilaclara-Vulcano/build/tpf_package/prefix_override:/usr/lib/python3/dist-packages/colcon_core/task/python/colcon_distutils_commands:/home/alumno1/Documents/TPF-PRA-LopezVilaclara-Vulcano/install/tpf_package/lib/python3.10/site-packages:${PYTHONPATH} /usr/bin/python3 -W ignore:setup.py install is deprecated -W ignore:easy_install command is deprecated setup.py egg_info --egg-base ../../../build/tpf_package build --build-base /home/alumno1/Documents/TPF-PRA-LopezVilaclara-Vulcano/build/tpf_package/build install --record /home/alumno1/Documents/TPF-PRA-LopezVilaclara-Vulcano/build/tpf_package/install.log --single-version-externally-managed install_data
[0.570s] Level 1:colcon.colcon_core.environment:checking '/home/alumno1/Documents/TPF-PRA-LopezVilaclara-Vulcano/install/tpf_package' for CMake module files
[0.570s] DEBUG:colcon.colcon_core.event_handler.log_command:Invoked command in '/home/alumno1/Documents/TPF-PRA-LopezVilaclara-Vulcano/ros2_ws/src/tpf_package' returned '0': PYTHONPATH=/home/alumno1/Documents/TPF-PRA-LopezVilaclara-Vulcano/build/tpf_package/prefix_override:/usr/lib/python3/dist-packages/colcon_core/task/python/colcon_distutils_commands:/home/alumno1/Documents/TPF-PRA-LopezVilaclara-Vulcano/install/tpf_package/lib/python3.10/site-packages:${PYTHONPATH} /usr/bin/python3 -W ignore:setup.py install is deprecated -W ignore:easy_install command is deprecated setup.py egg_info --egg-base ../../../build/tpf_package build --build-base /home/alumno1/Documents/TPF-PRA-LopezVilaclara-Vulcano/build/tpf_package/build install --record /home/alumno1/Documents/TPF-PRA-LopezVilaclara-Vulcano/build/tpf_package/install.log --single-version-externally-managed install_data
[0.570s] Level 1:colcon.colcon_core.environment:checking '/home/alumno1/Documents/TPF-PRA-LopezVilaclara-Vulcano/install/tpf_package' for CMake config files
[0.570s] Level 1:colcon.colcon_core.environment:checking '/home/alumno1/Documents/TPF-PRA-LopezVilaclara-Vulcano/install/tpf_package/lib'
[0.570s] Level 1:colcon.colcon_core.environment:checking '/home/alumno1/Documents/TPF-PRA-LopezVilaclara-Vulcano/install/tpf_package/bin'
[0.571s] Level 1:colcon.colcon_core.environment:checking '/home/alumno1/Documents/TPF-PRA-LopezVilaclara-Vulcano/install/tpf_package/lib/pkgconfig/tpf_package.pc'
[0.571s] Level 1:colcon.colcon_core.environment:checking '/home/alumno1/Documents/TPF-PRA-LopezVilaclara-Vulcano/install/tpf_package/lib/python3.10/site-packages'
[0.571s] Level 1:colcon.colcon_core.shell:create_environment_hook('tpf_package', 'pythonpath')
[0.571s] INFO:colcon.colcon_core.shell:Creating environment hook '/home/alumno1/Documents/TPF-PRA-LopezVilaclara-Vulcano/install/tpf_package/share/tpf_package/hook/pythonpath.ps1'
[0.571s] INFO:colcon.colcon_core.shell:Creating environment descriptor '/home/alumno1/Documents/TPF-PRA-LopezVilaclara-Vulcano/install/tpf_package/share/tpf_package/hook/pythonpath.dsv'
[0.571s] INFO:colcon.colcon_core.shell:Creating environment hook '/home/alumno1/Documents/TPF-PRA-LopezVilaclara-Vulcano/install/tpf_package/share/tpf_package/hook/pythonpath.sh'
[0.571s] Level 1:colcon.colcon_core.environment:checking '/home/alumno1/Documents/TPF-PRA-LopezVilaclara-Vulcano/install/tpf_package/bin'
[0.571s] Level 1:colcon.colcon_core.environment:create_environment_scripts_only(tpf_package)
[0.572s] INFO:colcon.colcon_core.shell:Creating package script '/home/alumno1/Documents/TPF-PRA-LopezVilaclara-Vulcano/install/tpf_package/share/tpf_package/package.ps1'
[0.572s] INFO:colcon.colcon_core.shell:Creating package descriptor '/home/alumno1/Documents/TPF-PRA-LopezVilaclara-Vulcano/install/tpf_package/share/tpf_package/package.dsv'
[0.572s] INFO:colcon.colcon_core.shell:Creating package script '/home/alumno1/Documents/TPF-PRA-LopezVilaclara-Vulcano/install/tpf_package/share/tpf_package/package.sh'
[0.572s] INFO:colcon.colcon_core.shell:Creating package script '/home/alumno1/Documents/TPF-PRA-LopezVilaclara-Vulcano/install/tpf_package/share/tpf_package/package.bash'
[0.572s] INFO:colcon.colcon_core.shell:Creating package script '/home/alumno1/Documents/TPF-PRA-LopezVilaclara-Vulcano/install/tpf_package/share/tpf_package/package.zsh'
[0.572s] Level 1:colcon.colcon_core.environment:create_file_with_runtime_dependencies(/home/alumno1/Documents/TPF-PRA-LopezVilaclara-Vulcano/install/tpf_package/share/colcon-core/packages/tpf_package)
[0.572s] INFO:colcon.colcon_ros.task.ament_python.build:Building ROS package in '/home/alumno1/Documents/TPF-PRA-LopezVilaclara-Vulcano/ros2_ws/src/tpf_navigation' with build type 'ament_python'
[0.573s] Level 1:colcon.colcon_core.shell:create_environment_hook('tpf_navigation', 'ament_prefix_path')
[0.573s] INFO:colcon.colcon_core.shell:Creating environment hook '/home/alumno1/Documents/TPF-PRA-LopezVilaclara-Vulcano/install/tpf_navigation/share/tpf_navigation/hook/ament_prefix_path.ps1'
[0.573s] INFO:colcon.colcon_core.shell:Creating environment descriptor '/home/alumno1/Documents/TPF-PRA-LopezVilaclara-Vulcano/install/tpf_navigation/share/tpf_navigation/hook/ament_prefix_path.dsv'
[0.573s] INFO:colcon.colcon_core.shell:Creating environment hook '/home/alumno1/Documents/TPF-PRA-LopezVilaclara-Vulcano/install/tpf_navigation/share/tpf_navigation/hook/ament_prefix_path.sh'
[0.573s] INFO:colcon.colcon_core.shell:Skip shell extension 'powershell' for command environment: Not usable outside of PowerShell
[0.573s] DEBUG:colcon.colcon_core.shell:Skip shell extension 'dsv' for command environment
[0.698s] INFO:colcon.colcon_core.task.python.build:Building Python package in '/home/alumno1/Documents/TPF-PRA-LopezVilaclara-Vulcano/ros2_ws/src/tpf_navigation'
[0.699s] INFO:colcon.colcon_core.shell:Skip shell extension 'powershell' for command environment: Not usable outside of PowerShell
[0.699s] DEBUG:colcon.colcon_core.shell:Skip shell extension 'dsv' for command environment
[0.855s] DEBUG:colcon.colcon_core.event_handler.log_command:Invoking command in '/home/alumno1/Documents/TPF-PRA-LopezVilaclara-Vulcano/ros2_ws/src/tpf_navigation': AMENT_PREFIX_PATH=/home/alumno1/Documents/TPF-PRA-LopezVilaclara-Vulcano/install/tpf_package:/home/alumno1/Documents/TPF-PRA-LopezVilaclara-Vulcano/install/turtlebot3_custom_simulation:/home/alumno1/Documents/TPF-PRA-LopezVilaclara-Vulcano/install/tpf_navigation:/home/alumno1/turtlebot3_ws/install/turtlebot3:/home/alumno1/turtlebot3_ws/install/turtlebot3_teleop:/home/alumno1/turtlebot3_ws/install/turtlebot3_simulations:/home/alumno1/turtlebot3_ws/install/turtlebot3_bringup:/home/alumno1/turtlebot3_ws/install/turtlebot3_node:/home/alumno1/turtlebot3_ws/install/turtlebot3_navigation2:/home/alumno1/turtlebot3_ws/install/turtlebot3_fake_node:/home/alumno1/turtlebot3_ws/install/turtlebot3_example:/home/alumno1/turtlebot3_ws/install/turtlebot3_custom_simulation:/home/alumno1/turtlebot3_ws/install/turtlebot3_msgs:/home/alumno1/turtlebot3_ws/install/turtlebot3_gazebo:/home/alumno1/turtlebot3_ws/install/turtlebot3_description:/home/alumno1/turtlebot3_ws/install/turtlebot3_cartographer:/home/alumno1/turtlebot3_ws/install/dynamixel_sdk_examples:/home/alumno1/turtlebot3_ws/install/dynamixel_sdk_custom_interfaces:/home/alumno1/turtlebot3_ws/install/dynamixel_sdk:/opt/ros/humble PYTHONPATH=/home/alumno1/Documents/TPF-PRA-LopezVilaclara-Vulcano/build/tpf_navigation/prefix_override:/usr/lib/python3/dist-packages/colcon_core/task/python/colcon_distutils_commands:/home/alumno1/Documents/TPF-PRA-LopezVilaclara-Vulcano/install/tpf_navigation/lib/python3.10/site-packages:/home/alumno1/Documents/TPF-PRA-LopezVilaclara-Vulcano/install/tpf_package/lib/python3.10/site-packages:/home/alumno1/Documents/TPF-PRA-LopezVilaclara-Vulcano/install/tpf_navigation/lib/python3.10/site-packages:/home/alumno1/turtlebot3_ws/build/turtlebot3_teleop:/home/alumno1/turtlebot3_ws/install/turtlebot3_teleop/lib/python3.10/site-packages:/home/alumno1/turtlebot3_ws/build/turtlebot3_example:/home/alumno1/turtlebot3_ws/install/turtlebot3_example/lib/python3.10/site-packages:/home/alumno1/turtlebot3_ws/install/turtlebot3_msgs/local/lib/python3.10/dist-packages:/home/alumno1/turtlebot3_ws/install/dynamixel_sdk_custom_interfaces/local/lib/python3.10/dist-packages:/opt/ros/humble/lib/python3.10/site-packages:/opt/ros/humble/local/lib/python3.10/dist-packages /usr/bin/python3 -W ignore:setup.py install is deprecated -W ignore:easy_install command is deprecated setup.py egg_info --egg-base ../../../build/tpf_navigation build --build-base /home/alumno1/Documents/TPF-PRA-LopezVilaclara-Vulcano/build/tpf_navigation/build install --record /home/alumno1/Documents/TPF-PRA-LopezVilaclara-Vulcano/build/tpf_navigation/install.log --single-version-externally-managed install_data
[0.986s] Level 1:colcon.colcon_core.environment:checking '/home/alumno1/Documents/TPF-PRA-LopezVilaclara-Vulcano/install/tpf_navigation' for CMake module files
[0.987s] DEBUG:colcon.colcon_core.event_handler.log_command:Invoked command in '/home/alumno1/Documents/TPF-PRA-LopezVilaclara-Vulcano/ros2_ws/src/tpf_navigation' returned '0': AMENT_PREFIX_PATH=/home/alumno1/Documents/TPF-PRA-LopezVilaclara-Vulcano/install/tpf_package:/home/alumno1/Documents/TPF-PRA-LopezVilaclara-Vulcano/install/turtlebot3_custom_simulation:/home/alumno1/Documents/TPF-PRA-LopezVilaclara-Vulcano/install/tpf_navigation:/home/alumno1/turtlebot3_ws/install/turtlebot3:/home/alumno1/turtlebot3_ws/install/turtlebot3_teleop:/home/alumno1/turtlebot3_ws/install/turtlebot3_simulations:/home/alumno1/turtlebot3_ws/install/turtlebot3_bringup:/home/alumno1/turtlebot3_ws/install/turtlebot3_node:/home/alumno1/turtlebot3_ws/install/turtlebot3_navigation2:/home/alumno1/turtlebot3_ws/install/turtlebot3_fake_node:/home/alumno1/turtlebot3_ws/install/turtlebot3_example:/home/alumno1/turtlebot3_ws/install/turtlebot3_custom_simulation:/home/alumno1/turtlebot3_ws/install/turtlebot3_msgs:/home/alumno1/turtlebot3_ws/install/turtlebot3_gazebo:/home/alumno1/turtlebot3_ws/install/turtlebot3_description:/home/alumno1/turtlebot3_ws/install/turtlebot3_cartographer:/home/alumno1/turtlebot3_ws/install/dynamixel_sdk_examples:/home/alumno1/turtlebot3_ws/install/dynamixel_sdk_custom_interfaces:/home/alumno1/turtlebot3_ws/install/dynamixel_sdk:/opt/ros/humble PYTHONPATH=/home/alumno1/Documents/TPF-PRA-LopezVilaclara-Vulcano/build/tpf_navigation/prefix_override:/usr/lib/python3/dist-packages/colcon_core/task/python/colcon_distutils_commands:/home/alumno1/Documents/TPF-PRA-LopezVilaclara-Vulcano/install/tpf_navigation/lib/python3.10/site-packages:/home/alumno1/Documents/TPF-PRA-LopezVilaclara-Vulcano/install/tpf_package/lib/python3.10/site-packages:/home/alumno1/Documents/TPF-PRA-LopezVilaclara-Vulcano/install/tpf_navigation/lib/python3.10/site-packages:/home/alumno1/turtlebot3_ws/build/turtlebot3_teleop:/home/alumno1/turtlebot3_ws/install/turtlebot3_teleop/lib/python3.10/site-packages:/home/alumno1/turtlebot3_ws/build/turtlebot3_example:/home/alumno1/turtlebot3_ws/install/turtlebot3_example/lib/python3.10/site-packages:/home/alumno1/turtlebot3_ws/install/turtlebot3_msgs/local/lib/python3.10/dist-packages:/home/alumno1/turtlebot3_ws/install/dynamixel_sdk_custom_interfaces/local/lib/python3.10/dist-packages:/opt/ros/humble/lib/python3.10/site-packages:/opt/ros/humble/local/lib/python3.10/dist-packages /usr/bin/python3 -W ignore:setup.py install is deprecated -W ignore:easy_install command is deprecated setup.py egg_info --egg-base ../../../build/tpf_navigation build --build-base /home/alumno1/Documents/TPF-PRA-LopezVilaclara-Vulcano/build/tpf_navigation/build install --record /home/alumno1/Documents/TPF-PRA-LopezVilaclara-Vulcano/build/tpf_navigation/install.log --single-version-externally-managed install_data
[0.987s] Level 1:colcon.colcon_core.environment:checking '/home/alumno1/Documents/TPF-PRA-LopezVilaclara-Vulcano/install/tpf_navigation' for CMake config files
[0.987s] Level 1:colcon.colcon_core.environment:checking '/home/alumno1/Documents/TPF-PRA-LopezVilaclara-Vulcano/install/tpf_navigation/lib'
[0.987s] Level 1:colcon.colcon_core.environment:checking '/home/alumno1/Documents/TPF-PRA-LopezVilaclara-Vulcano/install/tpf_navigation/bin'
[0.987s] Level 1:colcon.colcon_core.environment:checking '/home/alumno1/Documents/TPF-PRA-LopezVilaclara-Vulcano/install/tpf_navigation/lib/pkgconfig/tpf_navigation.pc'
[0.987s] Level 1:colcon.colcon_core.environment:checking '/home/alumno1/Documents/TPF-PRA-LopezVilaclara-Vulcano/install/tpf_navigation/lib/python3.10/site-packages'
[0.987s] Level 1:colcon.colcon_core.shell:create_environment_hook('tpf_navigation', 'pythonpath')
[0.987s] INFO:colcon.colcon_core.shell:Creating environment hook '/home/alumno1/Documents/TPF-PRA-LopezVilaclara-Vulcano/install/tpf_navigation/share/tpf_navigation/hook/pythonpath.ps1'
[0.988s] INFO:colcon.colcon_core.shell:Creating environment descriptor '/home/alumno1/Documents/TPF-PRA-LopezVilaclara-Vulcano/install/tpf_navigation/share/tpf_navigation/hook/pythonpath.dsv'
[0.988s] INFO:colcon.colcon_core.shell:Creating environment hook '/home/alumno1/Documents/TPF-PRA-LopezVilaclara-Vulcano/install/tpf_navigation/share/tpf_navigation/hook/pythonpath.sh'
[0.988s] Level 1:colcon.colcon_core.environment:checking '/home/alumno1/Documents/TPF-PRA-LopezVilaclara-Vulcano/install/tpf_navigation/bin'
[0.988s] Level 1:colcon.colcon_core.environment:create_environment_scripts_only(tpf_navigation)
[0.988s] INFO:colcon.colcon_core.shell:Creating package script '/home/alumno1/Documents/TPF-PRA-LopezVilaclara-Vulcano/install/tpf_navigation/share/tpf_navigation/package.ps1'
[0.988s] INFO:colcon.colcon_core.shell:Creating package descriptor '/home/alumno1/Documents/TPF-PRA-LopezVilaclara-Vulcano/install/tpf_navigation/share/tpf_navigation/package.dsv'
[0.988s] INFO:colcon.colcon_core.shell:Creating package script '/home/alumno1/Documents/TPF-PRA-LopezVilaclara-Vulcano/install/tpf_navigation/share/tpf_navigation/package.sh'
[0.989s] INFO:colcon.colcon_core.shell:Creating package script '/home/alumno1/Documents/TPF-PRA-LopezVilaclara-Vulcano/install/tpf_navigation/share/tpf_navigation/package.bash'
[0.989s] INFO:colcon.colcon_core.shell:Creating package script '/home/alumno1/Documents/TPF-PRA-LopezVilaclara-Vulcano/install/tpf_navigation/share/tpf_navigation/package.zsh'
[0.989s] Level 1:colcon.colcon_core.environment:create_file_with_runtime_dependencies(/home/alumno1/Documents/TPF-PRA-LopezVilaclara-Vulcano/install/tpf_navigation/share/colcon-core/packages/tpf_navigation)
[0.989s] DEBUG:colcon.colcon_parallel_executor.executor.parallel:closing loop
[0.989s] DEBUG:colcon.colcon_parallel_executor.executor.parallel:loop closed
[0.989s] DEBUG:colcon.colcon_parallel_executor.executor.parallel:run_until_complete finished with '0'
[0.989s] DEBUG:colcon.colcon_core.event_reactor:joining thread
[0.993s] INFO:colcon.colcon_core.plugin_system:Skipping extension 'colcon_notification.desktop_notification.terminal_notifier': Not used on non-Darwin systems
[0.993s] INFO:colcon.colcon_core.plugin_system:Skipping extension 'colcon_notification.desktop_notification.win32': Not used on non-Windows systems
[0.993s] INFO:colcon.colcon_notification.desktop_notification:Sending desktop notification using 'notify2'
[0.999s] DEBUG:colcon.colcon_core.event_reactor:joined thread
[0.999s] INFO:colcon.colcon_core.shell:Creating prefix script '/home/alumno1/Documents/TPF-PRA-LopezVilaclara-Vulcano/install/local_setup.ps1'
[0.999s] INFO:colcon.colcon_core.shell:Creating prefix util module '/home/alumno1/Documents/TPF-PRA-LopezVilaclara-Vulcano/install/_local_setup_util_ps1.py'
[1.000s] INFO:colcon.colcon_core.shell:Creating prefix chain script '/home/alumno1/Documents/TPF-PRA-LopezVilaclara-Vulcano/install/setup.ps1'
[1.001s] INFO:colcon.colcon_core.shell:Creating prefix script '/home/alumno1/Documents/TPF-PRA-LopezVilaclara-Vulcano/install/local_setup.sh'
[1.001s] INFO:colcon.colcon_core.shell:Creating prefix util module '/home/alumno1/Documents/TPF-PRA-LopezVilaclara-Vulcano/install/_local_setup_util_sh.py'
[1.001s] INFO:colcon.colcon_core.shell:Creating prefix chain script '/home/alumno1/Documents/TPF-PRA-LopezVilaclara-Vulcano/install/setup.sh'
[1.002s] INFO:colcon.colcon_core.shell:Creating prefix script '/home/alumno1/Documents/TPF-PRA-LopezVilaclara-Vulcano/install/local_setup.bash'
[1.002s] INFO:colcon.colcon_core.shell:Creating prefix chain script '/home/alumno1/Documents/TPF-PRA-LopezVilaclara-Vulcano/install/setup.bash'
[1.002s] INFO:colcon.colcon_core.shell:Creating prefix script '/home/alumno1/Documents/TPF-PRA-LopezVilaclara-Vulcano/install/local_setup.zsh'
[1.003s] INFO:colcon.colcon_core.shell:Creating prefix chain script '/home/alumno1/Documents/TPF-PRA-LopezVilaclara-Vulcano/install/setup.zsh'
