running egg_info
creating ../../../build/tpf_package/tpf_package.egg-info
writing ../../../build/tpf_package/tpf_package.egg-info/PKG-INFO
writing dependency_links to ../../../build/tpf_package/tpf_package.egg-info/dependency_links.txt
writing entry points to ../../../build/tpf_package/tpf_package.egg-info/entry_points.txt
writing requirements to ../../../build/tpf_package/tpf_package.egg-info/requires.txt
writing top-level names to ../../../build/tpf_package/tpf_package.egg-info/top_level.txt
writing manifest file '../../../build/tpf_package/tpf_package.egg-info/SOURCES.txt'
reading manifest file '../../../build/tpf_package/tpf_package.egg-info/SOURCES.txt'
writing manifest file '../../../build/tpf_package/tpf_package.egg-info/SOURCES.txt'
running build
running build_py
creating /home/alumno1/Documents/TPF-PRA-LopezVilaclara-Vulcano/build/tpf_package/build
creating /home/alumno1/Documents/TPF-PRA-LopezVilaclara-Vulcano/build/tpf_package/build/lib
creating /home/alumno1/Documents/TPF-PRA-LopezVilaclara-Vulcano/build/tpf_package/build/lib/tpf_package
copying tpf_package/slam_node.py -> /home/alumno1/Documents/TPF-PRA-LopezVilaclara-Vulcano/build/tpf_package/build/lib/tpf_package
copying tpf_package/map_saver_node.py -> /home/alumno1/Documents/TPF-PRA-LopezVilaclara-Vulcano/build/tpf_package/build/lib/tpf_package
copying tpf_package/explorer_node.py -> /home/alumno1/Documents/TPF-PRA-LopezVilaclara-Vulcano/build/tpf_package/build/lib/tpf_package
copying tpf_package/__init__.py -> /home/alumno1/Documents/TPF-PRA-LopezVilaclara-Vulcano/build/tpf_package/build/lib/tpf_package
running install
running install_lib
creating /home/alumno1/Documents/TPF-PRA-LopezVilaclara-Vulcano/install/tpf_package/lib/python3.10/site-packages/tpf_package
copying /home/alumno1/Documents/TPF-PRA-LopezVilaclara-Vulcano/build/tpf_package/build/lib/tpf_package/slam_node.py -> /home/alumno1/Documents/TPF-PRA-LopezVilaclara-Vulcano/install/tpf_package/lib/python3.10/site-packages/tpf_package
copying /home/alumno1/Documents/TPF-PRA-LopezVilaclara-Vulcano/build/tpf_package/build/lib/tpf_package/map_saver_node.py -> /home/alumno1/Documents/TPF-PRA-LopezVilaclara-Vulcano/install/tpf_package/lib/python3.10/site-packages/tpf_package
copying /home/alumno1/Documents/TPF-PRA-LopezVilaclara-Vulcano/build/tpf_package/build/lib/tpf_package/explorer_node.py -> /home/alumno1/Documents/TPF-PRA-LopezVilaclara-Vulcano/install/tpf_package/lib/python3.10/site-packages/tpf_package
copying /home/alumno1/Documents/TPF-PRA-LopezVilaclara-Vulcano/build/tpf_package/build/lib/tpf_package/__init__.py -> /home/alumno1/Documents/TPF-PRA-LopezVilaclara-Vulcano/install/tpf_package/lib/python3.10/site-packages/tpf_package
byte-compiling /home/alumno1/Documents/TPF-PRA-LopezVilaclara-Vulcano/install/tpf_package/lib/python3.10/site-packages/tpf_package/slam_node.py to slam_node.cpython-310.pyc
byte-compiling /home/alumno1/Documents/TPF-PRA-LopezVilaclara-Vulcano/install/tpf_package/lib/python3.10/site-packages/tpf_package/map_saver_node.py to map_saver_node.cpython-310.pyc
byte-compiling /home/alumno1/Documents/TPF-PRA-LopezVilaclara-Vulcano/install/tpf_package/lib/python3.10/site-packages/tpf_package/explorer_node.py to explorer_node.cpython-310.pyc
byte-compiling /home/alumno1/Documents/TPF-PRA-LopezVilaclara-Vulcano/install/tpf_package/lib/python3.10/site-packages/tpf_package/__init__.py to __init__.cpython-310.pyc
running install_data
creating /home/alumno1/Documents/TPF-PRA-LopezVilaclara-Vulcano/install/tpf_package/share/ament_index
creating /home/alumno1/Documents/TPF-PRA-LopezVilaclara-Vulcano/install/tpf_package/share/ament_index/resource_index
creating /home/alumno1/Documents/TPF-PRA-LopezVilaclara-Vulcano/install/tpf_package/share/ament_index/resource_index/packages
copying resource/tpf_package -> /home/alumno1/Documents/TPF-PRA-LopezVilaclara-Vulcano/install/tpf_package/share/ament_index/resource_index/packages
copying package.xml -> /home/alumno1/Documents/TPF-PRA-LopezVilaclara-Vulcano/install/tpf_package/share/tpf_package
creating /home/alumno1/Documents/TPF-PRA-LopezVilaclara-Vulcano/install/tpf_package/share/tpf_package/launch
copying launch/slam_launch.py -> /home/alumno1/Documents/TPF-PRA-LopezVilaclara-Vulcano/install/tpf_package/share/tpf_package/launch
creating /home/alumno1/Documents/TPF-PRA-LopezVilaclara-Vulcano/install/tpf_package/share/tpf_package/config
copying config/slam_defaults.yaml -> /home/alumno1/Documents/TPF-PRA-LopezVilaclara-Vulcano/install/tpf_package/share/tpf_package/config
creating /home/alumno1/Documents/TPF-PRA-LopezVilaclara-Vulcano/install/tpf_package/share/tpf_package/rviz
copying rviz/slam_config2.rviz -> /home/alumno1/Documents/TPF-PRA-LopezVilaclara-Vulcano/install/tpf_package/share/tpf_package/rviz
copying rviz/slam_config.rviz -> /home/alumno1/Documents/TPF-PRA-LopezVilaclara-Vulcano/install/tpf_package/share/tpf_package/rviz
running install_egg_info
Copying ../../../build/tpf_package/tpf_package.egg-info to /home/alumno1/Documents/TPF-PRA-LopezVilaclara-Vulcano/install/tpf_package/lib/python3.10/site-packages/tpf_package-0.0.0-py3.10.egg-info
running install_scripts
Installing explorer_node script to /home/alumno1/Documents/TPF-PRA-LopezVilaclara-Vulcano/install/tpf_package/lib/tpf_package
Installing map_saver_node script to /home/alumno1/Documents/TPF-PRA-LopezVilaclara-Vulcano/install/tpf_package/lib/tpf_package
Installing slam_node script to /home/alumno1/Documents/TPF-PRA-LopezVilaclara-Vulcano/install/tpf_package/lib/tpf_package
writing list of installed files to '/home/alumno1/Documents/TPF-PRA-LopezVilaclara-Vulcano/build/tpf_package/install.log'
