[0.281s] Invoking command in '/home/alumno1/Documents/TPF-PRA-LopezVilaclara-Vulcano/ros2_ws/src/tpf_package': PYTHONPATH=/home/alumno1/Documents/TPF-PRA-LopezVilaclara-Vulcano/build/tpf_package/prefix_override:/usr/lib/python3/dist-packages/colcon_core/task/python/colcon_distutils_commands:/home/alumno1/Documents/TPF-PRA-LopezVilaclara-Vulcano/install/tpf_package/lib/python3.10/site-packages:${PYTHONPATH} /usr/bin/python3 -W ignore:setup.py install is deprecated -W ignore:easy_install command is deprecated setup.py egg_info --egg-base ../../../build/tpf_package build --build-base /home/alumno1/Documents/TPF-PRA-LopezVilaclara-Vulcano/build/tpf_package/build install --record /home/alumno1/Documents/TPF-PRA-LopezVilaclara-Vulcano/build/tpf_package/install.log --single-version-externally-managed install_data
[0.388s] running egg_info
[0.389s] creating ../../../build/tpf_package/tpf_package.egg-info
[0.389s] writing ../../../build/tpf_package/tpf_package.egg-info/PKG-INFO
[0.389s] writing dependency_links to ../../../build/tpf_package/tpf_package.egg-info/dependency_links.txt
[0.389s] writing entry points to ../../../build/tpf_package/tpf_package.egg-info/entry_points.txt
[0.389s] writing requirements to ../../../build/tpf_package/tpf_package.egg-info/requires.txt
[0.389s] writing top-level names to ../../../build/tpf_package/tpf_package.egg-info/top_level.txt
[0.389s] writing manifest file '../../../build/tpf_package/tpf_package.egg-info/SOURCES.txt'
[0.389s] reading manifest file '../../../build/tpf_package/tpf_package.egg-info/SOURCES.txt'
[0.390s] writing manifest file '../../../build/tpf_package/tpf_package.egg-info/SOURCES.txt'
[0.390s] running build
[0.390s] running build_py
[0.390s] creating /home/alumno1/Documents/TPF-PRA-LopezVilaclara-Vulcano/build/tpf_package/build
[0.390s] creating /home/alumno1/Documents/TPF-PRA-LopezVilaclara-Vulcano/build/tpf_package/build/lib
[0.390s] creating /home/alumno1/Documents/TPF-PRA-LopezVilaclara-Vulcano/build/tpf_package/build/lib/tpf_package
[0.390s] copying tpf_package/slam_node.py -> /home/alumno1/Documents/TPF-PRA-LopezVilaclara-Vulcano/build/tpf_package/build/lib/tpf_package
[0.390s] copying tpf_package/map_saver_node.py -> /home/alumno1/Documents/TPF-PRA-LopezVilaclara-Vulcano/build/tpf_package/build/lib/tpf_package
[0.390s] copying tpf_package/explorer_node.py -> /home/alumno1/Documents/TPF-PRA-LopezVilaclara-Vulcano/build/tpf_package/build/lib/tpf_package
[0.390s] copying tpf_package/__init__.py -> /home/alumno1/Documents/TPF-PRA-LopezVilaclara-Vulcano/build/tpf_package/build/lib/tpf_package
[0.390s] running install
[0.390s] running install_lib
[0.390s] creating /home/alumno1/Documents/TPF-PRA-LopezVilaclara-Vulcano/install/tpf_package/lib/python3.10/site-packages/tpf_package
[0.390s] copying /home/alumno1/Documents/TPF-PRA-LopezVilaclara-Vulcano/build/tpf_package/build/lib/tpf_package/slam_node.py -> /home/alumno1/Documents/TPF-PRA-LopezVilaclara-Vulcano/install/tpf_package/lib/python3.10/site-packages/tpf_package
[0.390s] copying /home/alumno1/Documents/TPF-PRA-LopezVilaclara-Vulcano/build/tpf_package/build/lib/tpf_package/map_saver_node.py -> /home/alumno1/Documents/TPF-PRA-LopezVilaclara-Vulcano/install/tpf_package/lib/python3.10/site-packages/tpf_package
[0.391s] copying /home/alumno1/Documents/TPF-PRA-LopezVilaclara-Vulcano/build/tpf_package/build/lib/tpf_package/explorer_node.py -> /home/alumno1/Documents/TPF-PRA-LopezVilaclara-Vulcano/install/tpf_package/lib/python3.10/site-packages/tpf_package
[0.391s] copying /home/alumno1/Documents/TPF-PRA-LopezVilaclara-Vulcano/build/tpf_package/build/lib/tpf_package/__init__.py -> /home/alumno1/Documents/TPF-PRA-LopezVilaclara-Vulcano/install/tpf_package/lib/python3.10/site-packages/tpf_package
[0.391s] byte-compiling /home/alumno1/Documents/TPF-PRA-LopezVilaclara-Vulcano/install/tpf_package/lib/python3.10/site-packages/tpf_package/slam_node.py to slam_node.cpython-310.pyc
[0.392s] byte-compiling /home/alumno1/Documents/TPF-PRA-LopezVilaclara-Vulcano/install/tpf_package/lib/python3.10/site-packages/tpf_package/map_saver_node.py to map_saver_node.cpython-310.pyc
[0.392s] byte-compiling /home/alumno1/Documents/TPF-PRA-LopezVilaclara-Vulcano/install/tpf_package/lib/python3.10/site-packages/tpf_package/explorer_node.py to explorer_node.cpython-310.pyc
[0.393s] byte-compiling /home/alumno1/Documents/TPF-PRA-LopezVilaclara-Vulcano/install/tpf_package/lib/python3.10/site-packages/tpf_package/__init__.py to __init__.cpython-310.pyc
[0.393s] running install_data
[0.393s] creating /home/alumno1/Documents/TPF-PRA-LopezVilaclara-Vulcano/install/tpf_package/share/ament_index
[0.393s] creating /home/alumno1/Documents/TPF-PRA-LopezVilaclara-Vulcano/install/tpf_package/share/ament_index/resource_index
[0.393s] creating /home/alumno1/Documents/TPF-PRA-LopezVilaclara-Vulcano/install/tpf_package/share/ament_index/resource_index/packages
[0.393s] copying resource/tpf_package -> /home/alumno1/Documents/TPF-PRA-LopezVilaclara-Vulcano/install/tpf_package/share/ament_index/resource_index/packages
[0.393s] copying package.xml -> /home/alumno1/Documents/TPF-PRA-LopezVilaclara-Vulcano/install/tpf_package/share/tpf_package
[0.393s] creating /home/alumno1/Documents/TPF-PRA-LopezVilaclara-Vulcano/install/tpf_package/share/tpf_package/launch
[0.393s] copying launch/slam_launch.py -> /home/alumno1/Documents/TPF-PRA-LopezVilaclara-Vulcano/install/tpf_package/share/tpf_package/launch
[0.393s] creating /home/alumno1/Documents/TPF-PRA-LopezVilaclara-Vulcano/install/tpf_package/share/tpf_package/config
[0.393s] copying config/slam_defaults.yaml -> /home/alumno1/Documents/TPF-PRA-LopezVilaclara-Vulcano/install/tpf_package/share/tpf_package/config
[0.393s] creating /home/alumno1/Documents/TPF-PRA-LopezVilaclara-Vulcano/install/tpf_package/share/tpf_package/rviz
[0.393s] copying rviz/slam_config2.rviz -> /home/alumno1/Documents/TPF-PRA-LopezVilaclara-Vulcano/install/tpf_package/share/tpf_package/rviz
[0.393s] copying rviz/slam_config.rviz -> /home/alumno1/Documents/TPF-PRA-LopezVilaclara-Vulcano/install/tpf_package/share/tpf_package/rviz
[0.393s] running install_egg_info
[0.394s] Copying ../../../build/tpf_package/tpf_package.egg-info to /home/alumno1/Documents/TPF-PRA-LopezVilaclara-Vulcano/install/tpf_package/lib/python3.10/site-packages/tpf_package-0.0.0-py3.10.egg-info
[0.394s] running install_scripts
[0.403s] Installing explorer_node script to /home/alumno1/Documents/TPF-PRA-LopezVilaclara-Vulcano/install/tpf_package/lib/tpf_package
[0.403s] Installing map_saver_node script to /home/alumno1/Documents/TPF-PRA-LopezVilaclara-Vulcano/install/tpf_package/lib/tpf_package
[0.403s] Installing slam_node script to /home/alumno1/Documents/TPF-PRA-LopezVilaclara-Vulcano/install/tpf_package/lib/tpf_package
[0.403s] writing list of installed files to '/home/alumno1/Documents/TPF-PRA-LopezVilaclara-Vulcano/build/tpf_package/install.log'
[0.414s] Invoked command in '/home/alumno1/Documents/TPF-PRA-LopezVilaclara-Vulcano/ros2_ws/src/tpf_package' returned '0': PYTHONPATH=/home/alumno1/Documents/TPF-PRA-LopezVilaclara-Vulcano/build/tpf_package/prefix_override:/usr/lib/python3/dist-packages/colcon_core/task/python/colcon_distutils_commands:/home/alumno1/Documents/TPF-PRA-LopezVilaclara-Vulcano/install/tpf_package/lib/python3.10/site-packages:${PYTHONPATH} /usr/bin/python3 -W ignore:setup.py install is deprecated -W ignore:easy_install command is deprecated setup.py egg_info --egg-base ../../../build/tpf_package build --build-base /home/alumno1/Documents/TPF-PRA-LopezVilaclara-Vulcano/build/tpf_package/build install --record /home/alumno1/Documents/TPF-PRA-LopezVilaclara-Vulcano/build/tpf_package/install.log --single-version-externally-managed install_data
