[0.273s] [34mcolcon[0m [1;30mDEBUG[0m [32mCommand line arguments: ['/home/facuvulcano/miniconda3/envs/rosenv/bin/colcon', 'build'][0m
[0.273s] [34mcolcon[0m [1;30mDEBUG[0m [32mParsed command line arguments: Namespace(log_base=None, log_level=None, verb_name='build', build_base='build', install_base='install', merge_install=False, symlink_install=False, test_result_base=None, continue_on_error=False, executor='parallel', parallel_workers=32, event_handlers=None, ignore_user_meta=False, metas=['./colcon.meta'], base_paths=['.'], packages_ignore=None, packages_ignore_regex=None, paths=None, packages_up_to=None, packages_up_to_regex=None, packages_above=None, packages_above_and_dependencies=None, packages_above_depth=None, packages_select_by_dep=None, packages_skip_by_dep=None, packages_skip_up_to=None, packages_select_build_failed=False, packages_skip_build_finished=False, packages_select_test_failures=False, packages_skip_test_passed=False, packages_select=None, packages_skip=None, packages_select_regex=None, packages_skip_regex=None, packages_start=None, packages_end=None, cmake_args=None, cmake_target=None, cmake_target_skip_unavailable=False, cmake_clean_cache=False, cmake_clean_first=False, cmake_force_configure=False, ament_cmake_args=None, catkin_cmake_args=None, catkin_skip_building_tests=False, verb_parser=<colcon_defaults.argument_parser.defaults.DefaultArgumentsDecorator object at 0x75d820fe29d0>, verb_extension=<colcon_core.verb.build.BuildVerb object at 0x75d820fe1890>, main=<bound method BuildVerb.main of <colcon_core.verb.build.BuildVerb object at 0x75d820fe1890>>)[0m
[0.320s] [34mcolcon.colcon_core.package_discovery[0m [1;30mLevel 1[0m discover_packages(colcon_meta) check parameters
[0.320s] [34mcolcon.colcon_core.package_discovery[0m [1;30mLevel 1[0m discover_packages(recursive) check parameters
[0.320s] [34mcolcon.colcon_core.package_discovery[0m [1;30mLevel 1[0m discover_packages(ignore) check parameters
[0.320s] [34mcolcon.colcon_core.package_discovery[0m [1;30mLevel 1[0m discover_packages(path) check parameters
[0.320s] [34mcolcon.colcon_core.package_discovery[0m [1;30mLevel 1[0m discover_packages(colcon_meta) discover
[0.320s] [34mcolcon.colcon_core.package_discovery[0m [1;30mLevel 1[0m discover_packages(recursive) discover
[0.321s] [34mcolcon.colcon_core.package_discovery[0m [1;30mINFO[0m Crawling recursively for packages in '/home/facuvulcano/TPF-PRA-LopezVilaclara-Vulcano'
[0.321s] [34mcolcon.colcon_core.package_identification[0m [1;30mLevel 1[0m _identify(.) by extensions ['ignore', 'ignore_ament_install']
[0.321s] [34mcolcon.colcon_core.package_identification[0m [1;30mLevel 1[0m _identify(.) by extension 'ignore'
[0.321s] [34mcolcon.colcon_core.package_identification[0m [1;30mLevel 1[0m _identify(.) by extension 'ignore_ament_install'
[0.321s] [34mcolcon.colcon_core.package_identification[0m [1;30mLevel 1[0m _identify(.) by extensions ['colcon_pkg']
[0.321s] [34mcolcon.colcon_core.package_identification[0m [1;30mLevel 1[0m _identify(.) by extension 'colcon_pkg'
[0.321s] [34mcolcon.colcon_core.package_identification[0m [1;30mLevel 1[0m _identify(.) by extensions ['colcon_meta']
[0.321s] [34mcolcon.colcon_core.package_identification[0m [1;30mLevel 1[0m _identify(.) by extension 'colcon_meta'
[0.321s] [34mcolcon.colcon_core.package_identification[0m [1;30mLevel 1[0m _identify(.) by extensions ['ros']
[0.321s] [34mcolcon.colcon_core.package_identification[0m [1;30mLevel 1[0m _identify(.) by extension 'ros'
[0.345s] [34mcolcon.colcon_core.package_identification[0m [1;30mLevel 1[0m _identify(.) by extensions ['cmake', 'python']
[0.345s] [34mcolcon.colcon_core.package_identification[0m [1;30mLevel 1[0m _identify(.) by extension 'cmake'
[0.345s] [34mcolcon.colcon_core.package_identification[0m [1;30mLevel 1[0m _identify(.) by extension 'python'
[0.345s] [34mcolcon.colcon_core.package_identification[0m [1;30mLevel 1[0m _identify(.) by extensions ['python_setup_py']
[0.345s] [34mcolcon.colcon_core.package_identification[0m [1;30mLevel 1[0m _identify(.) by extension 'python_setup_py'
[0.345s] [34mcolcon.colcon_core.package_identification[0m [1;30mLevel 1[0m _identify(build) by extensions ['ignore', 'ignore_ament_install']
[0.345s] [34mcolcon.colcon_core.package_identification[0m [1;30mLevel 1[0m _identify(build) by extension 'ignore'
[0.345s] [34mcolcon.colcon_core.package_identification[0m [1;30mLevel 1[0m _identify(build) ignored
[0.345s] [34mcolcon.colcon_core.package_identification[0m [1;30mLevel 1[0m _identify(install) by extensions ['ignore', 'ignore_ament_install']
[0.346s] [34mcolcon.colcon_core.package_identification[0m [1;30mLevel 1[0m _identify(install) by extension 'ignore'
[0.346s] [34mcolcon.colcon_core.package_identification[0m [1;30mLevel 1[0m _identify(install) ignored
[0.346s] [34mcolcon.colcon_core.package_identification[0m [1;30mLevel 1[0m _identify(log) by extensions ['ignore', 'ignore_ament_install']
[0.346s] [34mcolcon.colcon_core.package_identification[0m [1;30mLevel 1[0m _identify(log) by extension 'ignore'
[0.346s] [34mcolcon.colcon_core.package_identification[0m [1;30mLevel 1[0m _identify(log) ignored
[0.346s] [34mcolcon.colcon_core.package_identification[0m [1;30mLevel 1[0m _identify(ros2_ws) by extensions ['ignore', 'ignore_ament_install']
[0.346s] [34mcolcon.colcon_core.package_identification[0m [1;30mLevel 1[0m _identify(ros2_ws) by extension 'ignore'
[0.346s] [34mcolcon.colcon_core.package_identification[0m [1;30mLevel 1[0m _identify(ros2_ws) by extension 'ignore_ament_install'
[0.346s] [34mcolcon.colcon_core.package_identification[0m [1;30mLevel 1[0m _identify(ros2_ws) by extensions ['colcon_pkg']
[0.346s] [34mcolcon.colcon_core.package_identification[0m [1;30mLevel 1[0m _identify(ros2_ws) by extension 'colcon_pkg'
[0.346s] [34mcolcon.colcon_core.package_identification[0m [1;30mLevel 1[0m _identify(ros2_ws) by extensions ['colcon_meta']
[0.346s] [34mcolcon.colcon_core.package_identification[0m [1;30mLevel 1[0m _identify(ros2_ws) by extension 'colcon_meta'
[0.346s] [34mcolcon.colcon_core.package_identification[0m [1;30mLevel 1[0m _identify(ros2_ws) by extensions ['ros']
[0.346s] [34mcolcon.colcon_core.package_identification[0m [1;30mLevel 1[0m _identify(ros2_ws) by extension 'ros'
[0.346s] [34mcolcon.colcon_core.package_identification[0m [1;30mLevel 1[0m _identify(ros2_ws) by extensions ['cmake', 'python']
[0.346s] [34mcolcon.colcon_core.package_identification[0m [1;30mLevel 1[0m _identify(ros2_ws) by extension 'cmake'
[0.346s] [34mcolcon.colcon_core.package_identification[0m [1;30mLevel 1[0m _identify(ros2_ws) by extension 'python'
[0.346s] [34mcolcon.colcon_core.package_identification[0m [1;30mLevel 1[0m _identify(ros2_ws) by extensions ['python_setup_py']
[0.346s] [34mcolcon.colcon_core.package_identification[0m [1;30mLevel 1[0m _identify(ros2_ws) by extension 'python_setup_py'
[0.346s] [34mcolcon.colcon_core.package_identification[0m [1;30mLevel 1[0m _identify(ros2_ws/src) by extensions ['ignore', 'ignore_ament_install']
[0.346s] [34mcolcon.colcon_core.package_identification[0m [1;30mLevel 1[0m _identify(ros2_ws/src) by extension 'ignore'
[0.346s] [34mcolcon.colcon_core.package_identification[0m [1;30mLevel 1[0m _identify(ros2_ws/src) by extension 'ignore_ament_install'
[0.346s] [34mcolcon.colcon_core.package_identification[0m [1;30mLevel 1[0m _identify(ros2_ws/src) by extensions ['colcon_pkg']
[0.346s] [34mcolcon.colcon_core.package_identification[0m [1;30mLevel 1[0m _identify(ros2_ws/src) by extension 'colcon_pkg'
[0.346s] [34mcolcon.colcon_core.package_identification[0m [1;30mLevel 1[0m _identify(ros2_ws/src) by extensions ['colcon_meta']
[0.346s] [34mcolcon.colcon_core.package_identification[0m [1;30mLevel 1[0m _identify(ros2_ws/src) by extension 'colcon_meta'
[0.346s] [34mcolcon.colcon_core.package_identification[0m [1;30mLevel 1[0m _identify(ros2_ws/src) by extensions ['ros']
[0.346s] [34mcolcon.colcon_core.package_identification[0m [1;30mLevel 1[0m _identify(ros2_ws/src) by extension 'ros'
[0.346s] [34mcolcon.colcon_core.package_identification[0m [1;30mLevel 1[0m _identify(ros2_ws/src) by extensions ['cmake', 'python']
[0.346s] [34mcolcon.colcon_core.package_identification[0m [1;30mLevel 1[0m _identify(ros2_ws/src) by extension 'cmake'
[0.346s] [34mcolcon.colcon_core.package_identification[0m [1;30mLevel 1[0m _identify(ros2_ws/src) by extension 'python'
[0.346s] [34mcolcon.colcon_core.package_identification[0m [1;30mLevel 1[0m _identify(ros2_ws/src) by extensions ['python_setup_py']
[0.346s] [34mcolcon.colcon_core.package_identification[0m [1;30mLevel 1[0m _identify(ros2_ws/src) by extension 'python_setup_py'
[0.346s] [34mcolcon.colcon_core.package_identification[0m [1;30mLevel 1[0m _identify(ros2_ws/src/tpf_navigation) by extensions ['ignore', 'ignore_ament_install']
[0.346s] [34mcolcon.colcon_core.package_identification[0m [1;30mLevel 1[0m _identify(ros2_ws/src/tpf_navigation) by extension 'ignore'
[0.346s] [34mcolcon.colcon_core.package_identification[0m [1;30mLevel 1[0m _identify(ros2_ws/src/tpf_navigation) by extension 'ignore_ament_install'
[0.346s] [34mcolcon.colcon_core.package_identification[0m [1;30mLevel 1[0m _identify(ros2_ws/src/tpf_navigation) by extensions ['colcon_pkg']
[0.346s] [34mcolcon.colcon_core.package_identification[0m [1;30mLevel 1[0m _identify(ros2_ws/src/tpf_navigation) by extension 'colcon_pkg'
[0.346s] [34mcolcon.colcon_core.package_identification[0m [1;30mLevel 1[0m _identify(ros2_ws/src/tpf_navigation) by extensions ['colcon_meta']
[0.346s] [34mcolcon.colcon_core.package_identification[0m [1;30mLevel 1[0m _identify(ros2_ws/src/tpf_navigation) by extension 'colcon_meta'
[0.346s] [34mcolcon.colcon_core.package_identification[0m [1;30mLevel 1[0m _identify(ros2_ws/src/tpf_navigation) by extensions ['ros']
[0.346s] [34mcolcon.colcon_core.package_identification[0m [1;30mLevel 1[0m _identify(ros2_ws/src/tpf_navigation) by extension 'ros'
[0.349s] [34mcolcon.colcon_core.package_identification[0m [1;30mDEBUG[0m [32mPackage 'ros2_ws/src/tpf_navigation' with type 'ros.ament_python' and name 'tpf_navigation'[0m
[0.349s] [34mcolcon.colcon_core.package_identification[0m [1;30mLevel 1[0m _identify(ros2_ws/src/tpf_package) by extensions ['ignore', 'ignore_ament_install']
[0.349s] [34mcolcon.colcon_core.package_identification[0m [1;30mLevel 1[0m _identify(ros2_ws/src/tpf_package) by extension 'ignore'
[0.349s] [34mcolcon.colcon_core.package_identification[0m [1;30mLevel 1[0m _identify(ros2_ws/src/tpf_package) by extension 'ignore_ament_install'
[0.349s] [34mcolcon.colcon_core.package_identification[0m [1;30mLevel 1[0m _identify(ros2_ws/src/tpf_package) by extensions ['colcon_pkg']
[0.349s] [34mcolcon.colcon_core.package_identification[0m [1;30mLevel 1[0m _identify(ros2_ws/src/tpf_package) by extension 'colcon_pkg'
[0.349s] [34mcolcon.colcon_core.package_identification[0m [1;30mLevel 1[0m _identify(ros2_ws/src/tpf_package) by extensions ['colcon_meta']
[0.349s] [34mcolcon.colcon_core.package_identification[0m [1;30mLevel 1[0m _identify(ros2_ws/src/tpf_package) by extension 'colcon_meta'
[0.349s] [34mcolcon.colcon_core.package_identification[0m [1;30mLevel 1[0m _identify(ros2_ws/src/tpf_package) by extensions ['ros']
[0.349s] [34mcolcon.colcon_core.package_identification[0m [1;30mLevel 1[0m _identify(ros2_ws/src/tpf_package) by extension 'ros'
[0.349s] [34mcolcon.colcon_core.package_identification[0m [1;30mDEBUG[0m [32mPackage 'ros2_ws/src/tpf_package' with type 'ros.ament_python' and name 'tpf_package'[0m
[0.349s] [34mcolcon.colcon_core.package_identification[0m [1;30mLevel 1[0m _identify(ros2_ws/src/turtlebot3_custom_simulation (3)) by extensions ['ignore', 'ignore_ament_install']
[0.349s] [34mcolcon.colcon_core.package_identification[0m [1;30mLevel 1[0m _identify(ros2_ws/src/turtlebot3_custom_simulation (3)) by extension 'ignore'
[0.349s] [34mcolcon.colcon_core.package_identification[0m [1;30mLevel 1[0m _identify(ros2_ws/src/turtlebot3_custom_simulation (3)) by extension 'ignore_ament_install'
[0.349s] [34mcolcon.colcon_core.package_identification[0m [1;30mLevel 1[0m _identify(ros2_ws/src/turtlebot3_custom_simulation (3)) by extensions ['colcon_pkg']
[0.349s] [34mcolcon.colcon_core.package_identification[0m [1;30mLevel 1[0m _identify(ros2_ws/src/turtlebot3_custom_simulation (3)) by extension 'colcon_pkg'
[0.349s] [34mcolcon.colcon_core.package_identification[0m [1;30mLevel 1[0m _identify(ros2_ws/src/turtlebot3_custom_simulation (3)) by extensions ['colcon_meta']
[0.349s] [34mcolcon.colcon_core.package_identification[0m [1;30mLevel 1[0m _identify(ros2_ws/src/turtlebot3_custom_simulation (3)) by extension 'colcon_meta'
[0.349s] [34mcolcon.colcon_core.package_identification[0m [1;30mLevel 1[0m _identify(ros2_ws/src/turtlebot3_custom_simulation (3)) by extensions ['ros']
[0.349s] [34mcolcon.colcon_core.package_identification[0m [1;30mLevel 1[0m _identify(ros2_ws/src/turtlebot3_custom_simulation (3)) by extension 'ros'
[0.349s] [34mcolcon.colcon_core.package_identification[0m [1;30mLevel 1[0m _identify(ros2_ws/src/turtlebot3_custom_simulation (3)) by extensions ['cmake', 'python']
[0.349s] [34mcolcon.colcon_core.package_identification[0m [1;30mLevel 1[0m _identify(ros2_ws/src/turtlebot3_custom_simulation (3)) by extension 'cmake'
[0.350s] [34mcolcon.colcon_core.package_identification[0m [1;30mLevel 1[0m _identify(ros2_ws/src/turtlebot3_custom_simulation (3)) by extension 'python'
[0.350s] [34mcolcon.colcon_core.package_identification[0m [1;30mLevel 1[0m _identify(ros2_ws/src/turtlebot3_custom_simulation (3)) by extensions ['python_setup_py']
[0.350s] [34mcolcon.colcon_core.package_identification[0m [1;30mLevel 1[0m _identify(ros2_ws/src/turtlebot3_custom_simulation (3)) by extension 'python_setup_py'
[0.350s] [34mcolcon.colcon_core.package_identification[0m [1;30mLevel 1[0m _identify(ros2_ws/src/turtlebot3_custom_simulation (3)/turtlebot3_custom_simulation) by extensions ['ignore', 'ignore_ament_install']
[0.350s] [34mcolcon.colcon_core.package_identification[0m [1;30mLevel 1[0m _identify(ros2_ws/src/turtlebot3_custom_simulation (3)/turtlebot3_custom_simulation) by extension 'ignore'
[0.350s] [34mcolcon.colcon_core.package_identification[0m [1;30mLevel 1[0m _identify(ros2_ws/src/turtlebot3_custom_simulation (3)/turtlebot3_custom_simulation) by extension 'ignore_ament_install'
[0.350s] [34mcolcon.colcon_core.package_identification[0m [1;30mLevel 1[0m _identify(ros2_ws/src/turtlebot3_custom_simulation (3)/turtlebot3_custom_simulation) by extensions ['colcon_pkg']
[0.350s] [34mcolcon.colcon_core.package_identification[0m [1;30mLevel 1[0m _identify(ros2_ws/src/turtlebot3_custom_simulation (3)/turtlebot3_custom_simulation) by extension 'colcon_pkg'
[0.350s] [34mcolcon.colcon_core.package_identification[0m [1;30mLevel 1[0m _identify(ros2_ws/src/turtlebot3_custom_simulation (3)/turtlebot3_custom_simulation) by extensions ['colcon_meta']
[0.350s] [34mcolcon.colcon_core.package_identification[0m [1;30mLevel 1[0m _identify(ros2_ws/src/turtlebot3_custom_simulation (3)/turtlebot3_custom_simulation) by extension 'colcon_meta'
[0.350s] [34mcolcon.colcon_core.package_identification[0m [1;30mLevel 1[0m _identify(ros2_ws/src/turtlebot3_custom_simulation (3)/turtlebot3_custom_simulation) by extensions ['ros']
[0.350s] [34mcolcon.colcon_core.package_identification[0m [1;30mLevel 1[0m _identify(ros2_ws/src/turtlebot3_custom_simulation (3)/turtlebot3_custom_simulation) by extension 'ros'
[0.350s] [34mcolcon.colcon_core.package_identification[0m [1;30mDEBUG[0m [32mPackage 'ros2_ws/src/turtlebot3_custom_simulation (3)/turtlebot3_custom_simulation' with type 'ros.ament_cmake' and name 'turtlebot3_custom_simulation'[0m
[0.350s] [34mcolcon.colcon_core.package_discovery[0m [1;30mLevel 1[0m discover_packages(recursive) using defaults
[0.350s] [34mcolcon.colcon_core.package_discovery[0m [1;30mLevel 1[0m discover_packages(ignore) discover
[0.350s] [34mcolcon.colcon_core.package_discovery[0m [1;30mLevel 1[0m discover_packages(ignore) using defaults
[0.350s] [34mcolcon.colcon_core.package_discovery[0m [1;30mLevel 1[0m discover_packages(path) discover
[0.350s] [34mcolcon.colcon_core.package_discovery[0m [1;30mLevel 1[0m discover_packages(path) using defaults
[0.375s] [34mcolcon.colcon_core.verb[0m [1;30mLevel 5[0m set package 'tpf_navigation' build argument 'cmake_args' from command line to 'None'
[0.375s] [34mcolcon.colcon_core.verb[0m [1;30mLevel 5[0m set package 'tpf_navigation' build argument 'cmake_target' from command line to 'None'
[0.375s] [34mcolcon.colcon_core.verb[0m [1;30mLevel 5[0m set package 'tpf_navigation' build argument 'cmake_target_skip_unavailable' from command line to 'False'
[0.375s] [34mcolcon.colcon_core.verb[0m [1;30mLevel 5[0m set package 'tpf_navigation' build argument 'cmake_clean_cache' from command line to 'False'
[0.375s] [34mcolcon.colcon_core.verb[0m [1;30mLevel 5[0m set package 'tpf_navigation' build argument 'cmake_clean_first' from command line to 'False'
[0.375s] [34mcolcon.colcon_core.verb[0m [1;30mLevel 5[0m set package 'tpf_navigation' build argument 'cmake_force_configure' from command line to 'False'
[0.375s] [34mcolcon.colcon_core.verb[0m [1;30mLevel 5[0m set package 'tpf_navigation' build argument 'ament_cmake_args' from command line to 'None'
[0.375s] [34mcolcon.colcon_core.verb[0m [1;30mLevel 5[0m set package 'tpf_navigation' build argument 'catkin_cmake_args' from command line to 'None'
[0.376s] [34mcolcon.colcon_core.verb[0m [1;30mLevel 5[0m set package 'tpf_navigation' build argument 'catkin_skip_building_tests' from command line to 'False'
[0.376s] [34mcolcon.colcon_core.verb[0m [1;30mDEBUG[0m [32mBuilding package 'tpf_navigation' with the following arguments: {'ament_cmake_args': None, 'build_base': '/home/facuvulcano/TPF-PRA-LopezVilaclara-Vulcano/build/tpf_navigation', 'catkin_cmake_args': None, 'catkin_skip_building_tests': False, 'cmake_args': None, 'cmake_clean_cache': False, 'cmake_clean_first': False, 'cmake_force_configure': False, 'cmake_target': None, 'cmake_target_skip_unavailable': False, 'install_base': '/home/facuvulcano/TPF-PRA-LopezVilaclara-Vulcano/install/tpf_navigation', 'merge_install': False, 'path': '/home/facuvulcano/TPF-PRA-LopezVilaclara-Vulcano/ros2_ws/src/tpf_navigation', 'symlink_install': False, 'test_result_base': None}[0m
[0.376s] [34mcolcon.colcon_core.verb[0m [1;30mLevel 5[0m set package 'tpf_package' build argument 'cmake_args' from command line to 'None'
[0.376s] [34mcolcon.colcon_core.verb[0m [1;30mLevel 5[0m set package 'tpf_package' build argument 'cmake_target' from command line to 'None'
[0.376s] [34mcolcon.colcon_core.verb[0m [1;30mLevel 5[0m set package 'tpf_package' build argument 'cmake_target_skip_unavailable' from command line to 'False'
[0.376s] [34mcolcon.colcon_core.verb[0m [1;30mLevel 5[0m set package 'tpf_package' build argument 'cmake_clean_cache' from command line to 'False'
[0.376s] [34mcolcon.colcon_core.verb[0m [1;30mLevel 5[0m set package 'tpf_package' build argument 'cmake_clean_first' from command line to 'False'
[0.376s] [34mcolcon.colcon_core.verb[0m [1;30mLevel 5[0m set package 'tpf_package' build argument 'cmake_force_configure' from command line to 'False'
[0.376s] [34mcolcon.colcon_core.verb[0m [1;30mLevel 5[0m set package 'tpf_package' build argument 'ament_cmake_args' from command line to 'None'
[0.376s] [34mcolcon.colcon_core.verb[0m [1;30mLevel 5[0m set package 'tpf_package' build argument 'catkin_cmake_args' from command line to 'None'
[0.376s] [34mcolcon.colcon_core.verb[0m [1;30mLevel 5[0m set package 'tpf_package' build argument 'catkin_skip_building_tests' from command line to 'False'
[0.376s] [34mcolcon.colcon_core.verb[0m [1;30mDEBUG[0m [32mBuilding package 'tpf_package' with the following arguments: {'ament_cmake_args': None, 'build_base': '/home/facuvulcano/TPF-PRA-LopezVilaclara-Vulcano/build/tpf_package', 'catkin_cmake_args': None, 'catkin_skip_building_tests': False, 'cmake_args': None, 'cmake_clean_cache': False, 'cmake_clean_first': False, 'cmake_force_configure': False, 'cmake_target': None, 'cmake_target_skip_unavailable': False, 'install_base': '/home/facuvulcano/TPF-PRA-LopezVilaclara-Vulcano/install/tpf_package', 'merge_install': False, 'path': '/home/facuvulcano/TPF-PRA-LopezVilaclara-Vulcano/ros2_ws/src/tpf_package', 'symlink_install': False, 'test_result_base': None}[0m
[0.377s] [34mcolcon.colcon_core.verb[0m [1;30mLevel 5[0m set package 'turtlebot3_custom_simulation' build argument 'cmake_args' from command line to 'None'
[0.377s] [34mcolcon.colcon_core.verb[0m [1;30mLevel 5[0m set package 'turtlebot3_custom_simulation' build argument 'cmake_target' from command line to 'None'
[0.377s] [34mcolcon.colcon_core.verb[0m [1;30mLevel 5[0m set package 'turtlebot3_custom_simulation' build argument 'cmake_target_skip_unavailable' from command line to 'False'
[0.377s] [34mcolcon.colcon_core.verb[0m [1;30mLevel 5[0m set package 'turtlebot3_custom_simulation' build argument 'cmake_clean_cache' from command line to 'False'
[0.377s] [34mcolcon.colcon_core.verb[0m [1;30mLevel 5[0m set package 'turtlebot3_custom_simulation' build argument 'cmake_clean_first' from command line to 'False'
[0.377s] [34mcolcon.colcon_core.verb[0m [1;30mLevel 5[0m set package 'turtlebot3_custom_simulation' build argument 'cmake_force_configure' from command line to 'False'
[0.377s] [34mcolcon.colcon_core.verb[0m [1;30mLevel 5[0m set package 'turtlebot3_custom_simulation' build argument 'ament_cmake_args' from command line to 'None'
[0.377s] [34mcolcon.colcon_core.verb[0m [1;30mLevel 5[0m set package 'turtlebot3_custom_simulation' build argument 'catkin_cmake_args' from command line to 'None'
[0.377s] [34mcolcon.colcon_core.verb[0m [1;30mLevel 5[0m set package 'turtlebot3_custom_simulation' build argument 'catkin_skip_building_tests' from command line to 'False'
[0.377s] [34mcolcon.colcon_core.verb[0m [1;30mDEBUG[0m [32mBuilding package 'turtlebot3_custom_simulation' with the following arguments: {'ament_cmake_args': None, 'build_base': '/home/facuvulcano/TPF-PRA-LopezVilaclara-Vulcano/build/turtlebot3_custom_simulation', 'catkin_cmake_args': None, 'catkin_skip_building_tests': False, 'cmake_args': None, 'cmake_clean_cache': False, 'cmake_clean_first': False, 'cmake_force_configure': False, 'cmake_target': None, 'cmake_target_skip_unavailable': False, 'install_base': '/home/facuvulcano/TPF-PRA-LopezVilaclara-Vulcano/install/turtlebot3_custom_simulation', 'merge_install': False, 'path': '/home/facuvulcano/TPF-PRA-LopezVilaclara-Vulcano/ros2_ws/src/turtlebot3_custom_simulation (3)/turtlebot3_custom_simulation', 'symlink_install': False, 'test_result_base': None}[0m
[0.377s] [34mcolcon.colcon_core.executor[0m [1;30mINFO[0m Executing jobs using 'parallel' executor
[0.378s] [34mcolcon.colcon_parallel_executor.executor.parallel[0m [1;30mDEBUG[0m [32mrun_until_complete[0m
[0.378s] [34mcolcon.colcon_ros.task.ament_python.build[0m [1;30mINFO[0m Building ROS package in '/home/facuvulcano/TPF-PRA-LopezVilaclara-Vulcano/ros2_ws/src/tpf_navigation' with build type 'ament_python'
[0.378s] [34mcolcon.colcon_core.shell[0m [1;30mLevel 1[0m create_environment_hook('tpf_navigation', 'ament_prefix_path')
[0.383s] [34mcolcon.colcon_core.plugin_system[0m [1;30mINFO[0m Skipping extension 'colcon_core.shell.bat': Not used on non-Windows systems
[0.383s] [34mcolcon.colcon_core.shell[0m [1;30mINFO[0m Creating environment hook '/home/facuvulcano/TPF-PRA-LopezVilaclara-Vulcano/install/tpf_navigation/share/tpf_navigation/hook/ament_prefix_path.ps1'
[0.384s] [34mcolcon.colcon_core.shell[0m [1;30mINFO[0m Creating environment descriptor '/home/facuvulcano/TPF-PRA-LopezVilaclara-Vulcano/install/tpf_navigation/share/tpf_navigation/hook/ament_prefix_path.dsv'
[0.385s] [34mcolcon.colcon_core.shell[0m [1;30mINFO[0m Creating environment hook '/home/facuvulcano/TPF-PRA-LopezVilaclara-Vulcano/install/tpf_navigation/share/tpf_navigation/hook/ament_prefix_path.sh'
[0.386s] [34mcolcon.colcon_core.shell[0m [1;30mINFO[0m Skip shell extension 'powershell' for command environment: Not usable outside of PowerShell
[0.386s] [34mcolcon.colcon_core.shell[0m [1;30mDEBUG[0m [32mSkip shell extension 'dsv' for command environment[0m
[0.393s] [34mcolcon.colcon_ros.task.ament_python.build[0m [1;30mINFO[0m Building ROS package in '/home/facuvulcano/TPF-PRA-LopezVilaclara-Vulcano/ros2_ws/src/tpf_package' with build type 'ament_python'
[0.394s] [34mcolcon.colcon_core.shell[0m [1;30mLevel 1[0m create_environment_hook('tpf_package', 'ament_prefix_path')
[0.394s] [34mcolcon.colcon_core.shell[0m [1;30mINFO[0m Creating environment hook '/home/facuvulcano/TPF-PRA-LopezVilaclara-Vulcano/install/tpf_package/share/tpf_package/hook/ament_prefix_path.ps1'
[0.395s] [34mcolcon.colcon_core.shell[0m [1;30mINFO[0m Creating environment descriptor '/home/facuvulcano/TPF-PRA-LopezVilaclara-Vulcano/install/tpf_package/share/tpf_package/hook/ament_prefix_path.dsv'
[0.395s] [34mcolcon.colcon_core.shell[0m [1;30mINFO[0m Creating environment hook '/home/facuvulcano/TPF-PRA-LopezVilaclara-Vulcano/install/tpf_package/share/tpf_package/hook/ament_prefix_path.sh'
[0.396s] [34mcolcon.colcon_core.shell[0m [1;30mINFO[0m Skip shell extension 'powershell' for command environment: Not usable outside of PowerShell
[0.396s] [34mcolcon.colcon_core.shell[0m [1;30mDEBUG[0m [32mSkip shell extension 'dsv' for command environment[0m
[0.399s] [34mcolcon.colcon_ros.task.ament_cmake.build[0m [1;30mINFO[0m Building ROS package in '/home/facuvulcano/TPF-PRA-LopezVilaclara-Vulcano/ros2_ws/src/turtlebot3_custom_simulation (3)/turtlebot3_custom_simulation' with build type 'ament_cmake'
[0.400s] [34mcolcon.colcon_cmake.task.cmake.build[0m [1;30mINFO[0m Building CMake package in '/home/facuvulcano/TPF-PRA-LopezVilaclara-Vulcano/ros2_ws/src/turtlebot3_custom_simulation (3)/turtlebot3_custom_simulation'
[0.400s] [34mcolcon.colcon_core.shell[0m [1;30mINFO[0m Skip shell extension 'powershell' for command environment: Not usable outside of PowerShell
[0.400s] [34mcolcon.colcon_core.shell[0m [1;30mDEBUG[0m [32mSkip shell extension 'dsv' for command environment[0m
[0.534s] [34mcolcon.colcon_core.task.python.build[0m [1;30mINFO[0m Building Python package in '/home/facuvulcano/TPF-PRA-LopezVilaclara-Vulcano/ros2_ws/src/tpf_navigation'
[0.534s] [34mcolcon.colcon_core.shell[0m [1;30mINFO[0m Skip shell extension 'powershell' for command environment: Not usable outside of PowerShell
[0.534s] [34mcolcon.colcon_core.shell[0m [1;30mDEBUG[0m [32mSkip shell extension 'dsv' for command environment[0m
[0.648s] [34mcolcon.colcon_core.task.python.build[0m [1;30mINFO[0m Building Python package in '/home/facuvulcano/TPF-PRA-LopezVilaclara-Vulcano/ros2_ws/src/tpf_package'
[0.648s] [34mcolcon.colcon_core.shell[0m [1;30mINFO[0m Skip shell extension 'powershell' for command environment: Not usable outside of PowerShell
[0.648s] [34mcolcon.colcon_core.shell[0m [1;30mDEBUG[0m [32mSkip shell extension 'dsv' for command environment[0m
[0.652s] [34mcolcon.colcon_core.event_handler.log_command[0m [1;30mDEBUG[0m [32mInvoking command in '/home/facuvulcano/TPF-PRA-LopezVilaclara-Vulcano/build/turtlebot3_custom_simulation': CONDA_PROMPT_MODIFIER=(rosenv) DEBUGINFOD_URLS=https://debuginfod.ubuntu.com /home/facuvulcano/miniconda3/envs/rosenv/bin/cmake /home/facuvulcano/TPF-PRA-LopezVilaclara-Vulcano/ros2_ws/src/turtlebot3_custom_simulation (3)/turtlebot3_custom_simulation -DCMAKE_INSTALL_PREFIX=/home/facuvulcano/TPF-PRA-LopezVilaclara-Vulcano/install/turtlebot3_custom_simulation[0m
[0.897s] [34mcolcon.colcon_core.event_handler.log_command[0m [1;30mDEBUG[0m [32mInvoking command in '/home/facuvulcano/TPF-PRA-LopezVilaclara-Vulcano/ros2_ws/src/tpf_package': CONDA_PROMPT_MODIFIER=(rosenv) DEBUGINFOD_URLS=https://debuginfod.ubuntu.com PYTHONPATH=/home/facuvulcano/TPF-PRA-LopezVilaclara-Vulcano/build/tpf_package/prefix_override:/home/facuvulcano/miniconda3/envs/rosenv/lib/python3.11/site-packages/colcon_core/task/python/colcon_distutils_commands:/home/facuvulcano/TPF-PRA-LopezVilaclara-Vulcano/install/tpf_package/lib/python3.11/site-packages:${PYTHONPATH} /home/facuvulcano/miniconda3/envs/rosenv/bin/python3.11 -W ignore:setup.py install is deprecated -W ignore:easy_install command is deprecated setup.py egg_info --egg-base ../../../build/tpf_package build --build-base /home/facuvulcano/TPF-PRA-LopezVilaclara-Vulcano/build/tpf_package/build install --record /home/facuvulcano/TPF-PRA-LopezVilaclara-Vulcano/build/tpf_package/install.log --single-version-externally-managed install_data[0m
[0.899s] [34mcolcon.colcon_core.event_handler.log_command[0m [1;30mDEBUG[0m [32mInvoking command in '/home/facuvulcano/TPF-PRA-LopezVilaclara-Vulcano/ros2_ws/src/tpf_navigation': CONDA_PROMPT_MODIFIER=(rosenv) DEBUGINFOD_URLS=https://debuginfod.ubuntu.com PYTHONPATH=/home/facuvulcano/TPF-PRA-LopezVilaclara-Vulcano/build/tpf_navigation/prefix_override:/home/facuvulcano/miniconda3/envs/rosenv/lib/python3.11/site-packages/colcon_core/task/python/colcon_distutils_commands:/home/facuvulcano/TPF-PRA-LopezVilaclara-Vulcano/install/tpf_navigation/lib/python3.11/site-packages:${PYTHONPATH} /home/facuvulcano/miniconda3/envs/rosenv/bin/python3.11 -W ignore:setup.py install is deprecated -W ignore:easy_install command is deprecated setup.py egg_info --egg-base ../../../build/tpf_navigation build --build-base /home/facuvulcano/TPF-PRA-LopezVilaclara-Vulcano/build/tpf_navigation/build install --record /home/facuvulcano/TPF-PRA-LopezVilaclara-Vulcano/build/tpf_navigation/install.log --single-version-externally-managed install_data[0m
[1.091s] [34mcolcon.colcon_core.event_handler.log_command[0m [1;30mDEBUG[0m [32mInvoked command in '/home/facuvulcano/TPF-PRA-LopezVilaclara-Vulcano/ros2_ws/src/tpf_package' returned '0': CONDA_PROMPT_MODIFIER=(rosenv) DEBUGINFOD_URLS=https://debuginfod.ubuntu.com PYTHONPATH=/home/facuvulcano/TPF-PRA-LopezVilaclara-Vulcano/build/tpf_package/prefix_override:/home/facuvulcano/miniconda3/envs/rosenv/lib/python3.11/site-packages/colcon_core/task/python/colcon_distutils_commands:/home/facuvulcano/TPF-PRA-LopezVilaclara-Vulcano/install/tpf_package/lib/python3.11/site-packages:${PYTHONPATH} /home/facuvulcano/miniconda3/envs/rosenv/bin/python3.11 -W ignore:setup.py install is deprecated -W ignore:easy_install command is deprecated setup.py egg_info --egg-base ../../../build/tpf_package build --build-base /home/facuvulcano/TPF-PRA-LopezVilaclara-Vulcano/build/tpf_package/build install --record /home/facuvulcano/TPF-PRA-LopezVilaclara-Vulcano/build/tpf_package/install.log --single-version-externally-managed install_data[0m
[1.094s] [34mcolcon.colcon_core.environment[0m [1;30mLevel 1[0m checking '/home/facuvulcano/TPF-PRA-LopezVilaclara-Vulcano/install/tpf_package' for CMake module files
[1.094s] [34mcolcon.colcon_core.environment[0m [1;30mLevel 1[0m checking '/home/facuvulcano/TPF-PRA-LopezVilaclara-Vulcano/install/tpf_package' for CMake config files
[1.094s] [34mcolcon.colcon_core.environment[0m [1;30mLevel 1[0m checking '/home/facuvulcano/TPF-PRA-LopezVilaclara-Vulcano/install/tpf_package/lib'
[1.094s] [34mcolcon.colcon_core.environment[0m [1;30mLevel 1[0m checking '/home/facuvulcano/TPF-PRA-LopezVilaclara-Vulcano/install/tpf_package/bin'
[1.095s] [34mcolcon.colcon_core.environment[0m [1;30mLevel 1[0m checking '/home/facuvulcano/TPF-PRA-LopezVilaclara-Vulcano/install/tpf_package/lib/pkgconfig/tpf_package.pc'
[1.095s] [34mcolcon.colcon_core.environment[0m [1;30mLevel 1[0m checking '/home/facuvulcano/TPF-PRA-LopezVilaclara-Vulcano/install/tpf_package/lib/python3.11/site-packages'
[1.095s] [34mcolcon.colcon_core.shell[0m [1;30mLevel 1[0m create_environment_hook('tpf_package', 'pythonpath')
[1.095s] [34mcolcon.colcon_core.shell[0m [1;30mINFO[0m Creating environment hook '/home/facuvulcano/TPF-PRA-LopezVilaclara-Vulcano/install/tpf_package/share/tpf_package/hook/pythonpath.ps1'
[1.095s] [34mcolcon.colcon_core.shell[0m [1;30mINFO[0m Creating environment descriptor '/home/facuvulcano/TPF-PRA-LopezVilaclara-Vulcano/install/tpf_package/share/tpf_package/hook/pythonpath.dsv'
[1.095s] [34mcolcon.colcon_core.shell[0m [1;30mINFO[0m Creating environment hook '/home/facuvulcano/TPF-PRA-LopezVilaclara-Vulcano/install/tpf_package/share/tpf_package/hook/pythonpath.sh'
[1.095s] [34mcolcon.colcon_core.environment[0m [1;30mLevel 1[0m checking '/home/facuvulcano/TPF-PRA-LopezVilaclara-Vulcano/install/tpf_package/bin'
[1.095s] [34mcolcon.colcon_core.environment[0m [1;30mLevel 1[0m create_environment_scripts_only(tpf_package)
[1.096s] [34mcolcon.colcon_core.shell[0m [1;30mINFO[0m Creating package script '/home/facuvulcano/TPF-PRA-LopezVilaclara-Vulcano/install/tpf_package/share/tpf_package/package.ps1'
[1.096s] [34mcolcon.colcon_core.shell[0m [1;30mINFO[0m Creating package descriptor '/home/facuvulcano/TPF-PRA-LopezVilaclara-Vulcano/install/tpf_package/share/tpf_package/package.dsv'
[1.097s] [34mcolcon.colcon_core.shell[0m [1;30mINFO[0m Creating package script '/home/facuvulcano/TPF-PRA-LopezVilaclara-Vulcano/install/tpf_package/share/tpf_package/package.sh'
[1.097s] [34mcolcon.colcon_core.shell[0m [1;30mINFO[0m Creating package script '/home/facuvulcano/TPF-PRA-LopezVilaclara-Vulcano/install/tpf_package/share/tpf_package/package.bash'
[1.097s] [34mcolcon.colcon_core.shell[0m [1;30mINFO[0m Creating package script '/home/facuvulcano/TPF-PRA-LopezVilaclara-Vulcano/install/tpf_package/share/tpf_package/package.zsh'
[1.098s] [34mcolcon.colcon_core.environment[0m [1;30mLevel 1[0m create_file_with_runtime_dependencies(/home/facuvulcano/TPF-PRA-LopezVilaclara-Vulcano/install/tpf_package/share/colcon-core/packages/tpf_package)
[1.099s] [34mcolcon.colcon_core.environment[0m [1;30mLevel 1[0m checking '/home/facuvulcano/TPF-PRA-LopezVilaclara-Vulcano/install/tpf_navigation' for CMake module files
[1.099s] [34mcolcon.colcon_core.event_handler.log_command[0m [1;30mDEBUG[0m [32mInvoked command in '/home/facuvulcano/TPF-PRA-LopezVilaclara-Vulcano/ros2_ws/src/tpf_navigation' returned '0': CONDA_PROMPT_MODIFIER=(rosenv) DEBUGINFOD_URLS=https://debuginfod.ubuntu.com PYTHONPATH=/home/facuvulcano/TPF-PRA-LopezVilaclara-Vulcano/build/tpf_navigation/prefix_override:/home/facuvulcano/miniconda3/envs/rosenv/lib/python3.11/site-packages/colcon_core/task/python/colcon_distutils_commands:/home/facuvulcano/TPF-PRA-LopezVilaclara-Vulcano/install/tpf_navigation/lib/python3.11/site-packages:${PYTHONPATH} /home/facuvulcano/miniconda3/envs/rosenv/bin/python3.11 -W ignore:setup.py install is deprecated -W ignore:easy_install command is deprecated setup.py egg_info --egg-base ../../../build/tpf_navigation build --build-base /home/facuvulcano/TPF-PRA-LopezVilaclara-Vulcano/build/tpf_navigation/build install --record /home/facuvulcano/TPF-PRA-LopezVilaclara-Vulcano/build/tpf_navigation/install.log --single-version-externally-managed install_data[0m
[1.100s] [34mcolcon.colcon_core.environment[0m [1;30mLevel 1[0m checking '/home/facuvulcano/TPF-PRA-LopezVilaclara-Vulcano/install/tpf_navigation' for CMake config files
[1.100s] [34mcolcon.colcon_core.environment[0m [1;30mLevel 1[0m checking '/home/facuvulcano/TPF-PRA-LopezVilaclara-Vulcano/install/tpf_navigation/lib'
[1.100s] [34mcolcon.colcon_core.environment[0m [1;30mLevel 1[0m checking '/home/facuvulcano/TPF-PRA-LopezVilaclara-Vulcano/install/tpf_navigation/bin'
[1.100s] [34mcolcon.colcon_core.environment[0m [1;30mLevel 1[0m checking '/home/facuvulcano/TPF-PRA-LopezVilaclara-Vulcano/install/tpf_navigation/lib/pkgconfig/tpf_navigation.pc'
[1.100s] [34mcolcon.colcon_core.environment[0m [1;30mLevel 1[0m checking '/home/facuvulcano/TPF-PRA-LopezVilaclara-Vulcano/install/tpf_navigation/lib/python3.11/site-packages'
[1.100s] [34mcolcon.colcon_core.shell[0m [1;30mLevel 1[0m create_environment_hook('tpf_navigation', 'pythonpath')
[1.100s] [34mcolcon.colcon_core.shell[0m [1;30mINFO[0m Creating environment hook '/home/facuvulcano/TPF-PRA-LopezVilaclara-Vulcano/install/tpf_navigation/share/tpf_navigation/hook/pythonpath.ps1'
[1.100s] [34mcolcon.colcon_core.shell[0m [1;30mINFO[0m Creating environment descriptor '/home/facuvulcano/TPF-PRA-LopezVilaclara-Vulcano/install/tpf_navigation/share/tpf_navigation/hook/pythonpath.dsv'
[1.101s] [34mcolcon.colcon_core.shell[0m [1;30mINFO[0m Creating environment hook '/home/facuvulcano/TPF-PRA-LopezVilaclara-Vulcano/install/tpf_navigation/share/tpf_navigation/hook/pythonpath.sh'
[1.101s] [34mcolcon.colcon_core.environment[0m [1;30mLevel 1[0m checking '/home/facuvulcano/TPF-PRA-LopezVilaclara-Vulcano/install/tpf_navigation/bin'
[1.101s] [34mcolcon.colcon_core.environment[0m [1;30mLevel 1[0m create_environment_scripts_only(tpf_navigation)
[1.101s] [34mcolcon.colcon_core.shell[0m [1;30mINFO[0m Creating package script '/home/facuvulcano/TPF-PRA-LopezVilaclara-Vulcano/install/tpf_navigation/share/tpf_navigation/package.ps1'
[1.101s] [34mcolcon.colcon_core.shell[0m [1;30mINFO[0m Creating package descriptor '/home/facuvulcano/TPF-PRA-LopezVilaclara-Vulcano/install/tpf_navigation/share/tpf_navigation/package.dsv'
[1.101s] [34mcolcon.colcon_core.shell[0m [1;30mINFO[0m Creating package script '/home/facuvulcano/TPF-PRA-LopezVilaclara-Vulcano/install/tpf_navigation/share/tpf_navigation/package.sh'
[1.102s] [34mcolcon.colcon_core.shell[0m [1;30mINFO[0m Creating package script '/home/facuvulcano/TPF-PRA-LopezVilaclara-Vulcano/install/tpf_navigation/share/tpf_navigation/package.bash'
[1.102s] [34mcolcon.colcon_core.shell[0m [1;30mINFO[0m Creating package script '/home/facuvulcano/TPF-PRA-LopezVilaclara-Vulcano/install/tpf_navigation/share/tpf_navigation/package.zsh'
[1.102s] [34mcolcon.colcon_core.environment[0m [1;30mLevel 1[0m create_file_with_runtime_dependencies(/home/facuvulcano/TPF-PRA-LopezVilaclara-Vulcano/install/tpf_navigation/share/colcon-core/packages/tpf_navigation)
[4.307s] [34mcolcon.colcon_core.event_handler.log_command[0m [1;30mDEBUG[0m [32mInvoked command in '/home/facuvulcano/TPF-PRA-LopezVilaclara-Vulcano/build/turtlebot3_custom_simulation' returned '0': CONDA_PROMPT_MODIFIER=(rosenv) DEBUGINFOD_URLS=https://debuginfod.ubuntu.com /home/facuvulcano/miniconda3/envs/rosenv/bin/cmake /home/facuvulcano/TPF-PRA-LopezVilaclara-Vulcano/ros2_ws/src/turtlebot3_custom_simulation (3)/turtlebot3_custom_simulation -DCMAKE_INSTALL_PREFIX=/home/facuvulcano/TPF-PRA-LopezVilaclara-Vulcano/install/turtlebot3_custom_simulation[0m
[4.309s] [34mcolcon.colcon_core.event_handler.log_command[0m [1;30mDEBUG[0m [32mInvoking command in '/home/facuvulcano/TPF-PRA-LopezVilaclara-Vulcano/build/turtlebot3_custom_simulation': CONDA_PROMPT_MODIFIER=(rosenv) DEBUGINFOD_URLS=https://debuginfod.ubuntu.com /home/facuvulcano/miniconda3/envs/rosenv/bin/cmake --build /home/facuvulcano/TPF-PRA-LopezVilaclara-Vulcano/build/turtlebot3_custom_simulation -- -j32 -l32[0m
[10.937s] [34mcolcon.colcon_core.event_handler.log_command[0m [1;30mDEBUG[0m [32mInvoked command in '/home/facuvulcano/TPF-PRA-LopezVilaclara-Vulcano/build/turtlebot3_custom_simulation' returned '0': CONDA_PROMPT_MODIFIER=(rosenv) DEBUGINFOD_URLS=https://debuginfod.ubuntu.com /home/facuvulcano/miniconda3/envs/rosenv/bin/cmake --build /home/facuvulcano/TPF-PRA-LopezVilaclara-Vulcano/build/turtlebot3_custom_simulation -- -j32 -l32[0m
[10.970s] [34mcolcon.colcon_core.event_handler.log_command[0m [1;30mDEBUG[0m [32mInvoking command in '/home/facuvulcano/TPF-PRA-LopezVilaclara-Vulcano/build/turtlebot3_custom_simulation': CONDA_PROMPT_MODIFIER=(rosenv) DEBUGINFOD_URLS=https://debuginfod.ubuntu.com /home/facuvulcano/miniconda3/envs/rosenv/bin/cmake --install /home/facuvulcano/TPF-PRA-LopezVilaclara-Vulcano/build/turtlebot3_custom_simulation[0m
[10.982s] [34mcolcon.colcon_core.environment[0m [1;30mLevel 1[0m create_environment_scripts_only(turtlebot3_custom_simulation)
[10.983s] [34mcolcon.colcon_core.environment[0m [1;30mLevel 1[0m checking '/home/facuvulcano/TPF-PRA-LopezVilaclara-Vulcano/install/turtlebot3_custom_simulation' for CMake module files
[10.983s] [34mcolcon.colcon_core.event_handler.log_command[0m [1;30mDEBUG[0m [32mInvoked command in '/home/facuvulcano/TPF-PRA-LopezVilaclara-Vulcano/build/turtlebot3_custom_simulation' returned '0': CONDA_PROMPT_MODIFIER=(rosenv) DEBUGINFOD_URLS=https://debuginfod.ubuntu.com /home/facuvulcano/miniconda3/envs/rosenv/bin/cmake --install /home/facuvulcano/TPF-PRA-LopezVilaclara-Vulcano/build/turtlebot3_custom_simulation[0m
[10.983s] [34mcolcon.colcon_core.environment[0m [1;30mLevel 1[0m checking '/home/facuvulcano/TPF-PRA-LopezVilaclara-Vulcano/install/turtlebot3_custom_simulation' for CMake config files
[10.983s] [34mcolcon.colcon_core.shell[0m [1;30mLevel 1[0m create_environment_hook('turtlebot3_custom_simulation', 'cmake_prefix_path')
[10.983s] [34mcolcon.colcon_core.shell[0m [1;30mINFO[0m Creating environment hook '/home/facuvulcano/TPF-PRA-LopezVilaclara-Vulcano/install/turtlebot3_custom_simulation/share/turtlebot3_custom_simulation/hook/cmake_prefix_path.ps1'
[10.984s] [34mcolcon.colcon_core.shell[0m [1;30mINFO[0m Creating environment descriptor '/home/facuvulcano/TPF-PRA-LopezVilaclara-Vulcano/install/turtlebot3_custom_simulation/share/turtlebot3_custom_simulation/hook/cmake_prefix_path.dsv'
[10.984s] [34mcolcon.colcon_core.shell[0m [1;30mINFO[0m Creating environment hook '/home/facuvulcano/TPF-PRA-LopezVilaclara-Vulcano/install/turtlebot3_custom_simulation/share/turtlebot3_custom_simulation/hook/cmake_prefix_path.sh'
[10.984s] [34mcolcon.colcon_core.environment[0m [1;30mLevel 1[0m checking '/home/facuvulcano/TPF-PRA-LopezVilaclara-Vulcano/install/turtlebot3_custom_simulation/lib'
[10.984s] [34mcolcon.colcon_core.environment[0m [1;30mLevel 1[0m checking '/home/facuvulcano/TPF-PRA-LopezVilaclara-Vulcano/install/turtlebot3_custom_simulation/bin'
[10.984s] [34mcolcon.colcon_core.environment[0m [1;30mLevel 1[0m checking '/home/facuvulcano/TPF-PRA-LopezVilaclara-Vulcano/install/turtlebot3_custom_simulation/lib/pkgconfig/turtlebot3_custom_simulation.pc'
[10.985s] [34mcolcon.colcon_core.environment[0m [1;30mLevel 1[0m checking '/home/facuvulcano/TPF-PRA-LopezVilaclara-Vulcano/install/turtlebot3_custom_simulation/lib/python3.11/site-packages'
[10.985s] [34mcolcon.colcon_core.environment[0m [1;30mLevel 1[0m checking '/home/facuvulcano/TPF-PRA-LopezVilaclara-Vulcano/install/turtlebot3_custom_simulation/bin'
[10.985s] [34mcolcon.colcon_core.shell[0m [1;30mINFO[0m Creating package script '/home/facuvulcano/TPF-PRA-LopezVilaclara-Vulcano/install/turtlebot3_custom_simulation/share/turtlebot3_custom_simulation/package.ps1'
[10.986s] [34mcolcon.colcon_core.shell[0m [1;30mINFO[0m Creating package descriptor '/home/facuvulcano/TPF-PRA-LopezVilaclara-Vulcano/install/turtlebot3_custom_simulation/share/turtlebot3_custom_simulation/package.dsv'
[10.986s] [34mcolcon.colcon_core.shell[0m [1;30mINFO[0m Creating package script '/home/facuvulcano/TPF-PRA-LopezVilaclara-Vulcano/install/turtlebot3_custom_simulation/share/turtlebot3_custom_simulation/package.sh'
[10.986s] [34mcolcon.colcon_core.shell[0m [1;30mINFO[0m Creating package script '/home/facuvulcano/TPF-PRA-LopezVilaclara-Vulcano/install/turtlebot3_custom_simulation/share/turtlebot3_custom_simulation/package.bash'
[10.987s] [34mcolcon.colcon_core.shell[0m [1;30mINFO[0m Creating package script '/home/facuvulcano/TPF-PRA-LopezVilaclara-Vulcano/install/turtlebot3_custom_simulation/share/turtlebot3_custom_simulation/package.zsh'
[10.987s] [34mcolcon.colcon_core.environment[0m [1;30mLevel 1[0m create_file_with_runtime_dependencies(/home/facuvulcano/TPF-PRA-LopezVilaclara-Vulcano/install/turtlebot3_custom_simulation/share/colcon-core/packages/turtlebot3_custom_simulation)
[11.020s] [34mcolcon.colcon_core.environment[0m [1;30mLevel 1[0m create_environment_scripts_only(turtlebot3_custom_simulation)
[11.020s] [34mcolcon.colcon_core.environment[0m [1;30mLevel 1[0m checking '/home/facuvulcano/TPF-PRA-LopezVilaclara-Vulcano/install/turtlebot3_custom_simulation' for CMake module files
[11.021s] [34mcolcon.colcon_core.environment[0m [1;30mLevel 1[0m checking '/home/facuvulcano/TPF-PRA-LopezVilaclara-Vulcano/install/turtlebot3_custom_simulation' for CMake config files
[11.022s] [34mcolcon.colcon_core.shell[0m [1;30mLevel 1[0m create_environment_hook('turtlebot3_custom_simulation', 'cmake_prefix_path')
[11.022s] [34mcolcon.colcon_core.shell[0m [1;30mINFO[0m Creating environment hook '/home/facuvulcano/TPF-PRA-LopezVilaclara-Vulcano/install/turtlebot3_custom_simulation/share/turtlebot3_custom_simulation/hook/cmake_prefix_path.ps1'
[11.022s] [34mcolcon.colcon_core.shell[0m [1;30mINFO[0m Creating environment descriptor '/home/facuvulcano/TPF-PRA-LopezVilaclara-Vulcano/install/turtlebot3_custom_simulation/share/turtlebot3_custom_simulation/hook/cmake_prefix_path.dsv'
[11.023s] [34mcolcon.colcon_core.shell[0m [1;30mINFO[0m Creating environment hook '/home/facuvulcano/TPF-PRA-LopezVilaclara-Vulcano/install/turtlebot3_custom_simulation/share/turtlebot3_custom_simulation/hook/cmake_prefix_path.sh'
[11.024s] [34mcolcon.colcon_core.environment[0m [1;30mLevel 1[0m checking '/home/facuvulcano/TPF-PRA-LopezVilaclara-Vulcano/install/turtlebot3_custom_simulation/lib'
[11.024s] [34mcolcon.colcon_core.environment[0m [1;30mLevel 1[0m checking '/home/facuvulcano/TPF-PRA-LopezVilaclara-Vulcano/install/turtlebot3_custom_simulation/bin'
[11.024s] [34mcolcon.colcon_core.environment[0m [1;30mLevel 1[0m checking '/home/facuvulcano/TPF-PRA-LopezVilaclara-Vulcano/install/turtlebot3_custom_simulation/lib/pkgconfig/turtlebot3_custom_simulation.pc'
[11.024s] [34mcolcon.colcon_core.environment[0m [1;30mLevel 1[0m checking '/home/facuvulcano/TPF-PRA-LopezVilaclara-Vulcano/install/turtlebot3_custom_simulation/lib/python3.11/site-packages'
[11.024s] [34mcolcon.colcon_core.environment[0m [1;30mLevel 1[0m checking '/home/facuvulcano/TPF-PRA-LopezVilaclara-Vulcano/install/turtlebot3_custom_simulation/bin'
[11.025s] [34mcolcon.colcon_core.shell[0m [1;30mINFO[0m Creating package script '/home/facuvulcano/TPF-PRA-LopezVilaclara-Vulcano/install/turtlebot3_custom_simulation/share/turtlebot3_custom_simulation/package.ps1'
[11.025s] [34mcolcon.colcon_core.shell[0m [1;30mINFO[0m Creating package descriptor '/home/facuvulcano/TPF-PRA-LopezVilaclara-Vulcano/install/turtlebot3_custom_simulation/share/turtlebot3_custom_simulation/package.dsv'
[11.026s] [34mcolcon.colcon_core.shell[0m [1;30mINFO[0m Creating package script '/home/facuvulcano/TPF-PRA-LopezVilaclara-Vulcano/install/turtlebot3_custom_simulation/share/turtlebot3_custom_simulation/package.sh'
[11.026s] [34mcolcon.colcon_core.shell[0m [1;30mINFO[0m Creating package script '/home/facuvulcano/TPF-PRA-LopezVilaclara-Vulcano/install/turtlebot3_custom_simulation/share/turtlebot3_custom_simulation/package.bash'
[11.027s] [34mcolcon.colcon_core.shell[0m [1;30mINFO[0m Creating package script '/home/facuvulcano/TPF-PRA-LopezVilaclara-Vulcano/install/turtlebot3_custom_simulation/share/turtlebot3_custom_simulation/package.zsh'
[11.027s] [34mcolcon.colcon_core.environment[0m [1;30mLevel 1[0m create_file_with_runtime_dependencies(/home/facuvulcano/TPF-PRA-LopezVilaclara-Vulcano/install/turtlebot3_custom_simulation/share/colcon-core/packages/turtlebot3_custom_simulation)
[11.027s] [34mcolcon.colcon_parallel_executor.executor.parallel[0m [1;30mDEBUG[0m [32mclosing loop[0m
[11.028s] [34mcolcon.colcon_parallel_executor.executor.parallel[0m [1;30mDEBUG[0m [32mloop closed[0m
[11.028s] [34mcolcon.colcon_parallel_executor.executor.parallel[0m [1;30mDEBUG[0m [32mrun_until_complete finished with '0'[0m
[11.028s] [34mcolcon.colcon_core.event_reactor[0m [1;30mDEBUG[0m [32mjoining thread[0m
[11.029s] [34mcolcon.colcon_core.event_reactor[0m [1;30mDEBUG[0m [32mjoined thread[0m
[11.029s] [34mcolcon.colcon_core.shell[0m [1;30mINFO[0m Creating prefix script '/home/facuvulcano/TPF-PRA-LopezVilaclara-Vulcano/install/local_setup.ps1'
[11.038s] [34mcolcon.colcon_core.shell[0m [1;30mINFO[0m Creating prefix util module '/home/facuvulcano/TPF-PRA-LopezVilaclara-Vulcano/install/_local_setup_util_ps1.py'
[11.040s] [34mcolcon.colcon_core.shell[0m [1;30mINFO[0m Creating prefix chain script '/home/facuvulcano/TPF-PRA-LopezVilaclara-Vulcano/install/setup.ps1'
[11.041s] [34mcolcon.colcon_core.shell[0m [1;30mINFO[0m Creating prefix script '/home/facuvulcano/TPF-PRA-LopezVilaclara-Vulcano/install/local_setup.sh'
[11.042s] [34mcolcon.colcon_core.shell[0m [1;30mINFO[0m Creating prefix util module '/home/facuvulcano/TPF-PRA-LopezVilaclara-Vulcano/install/_local_setup_util_sh.py'
[11.042s] [34mcolcon.colcon_core.shell[0m [1;30mINFO[0m Creating prefix chain script '/home/facuvulcano/TPF-PRA-LopezVilaclara-Vulcano/install/setup.sh'
[11.044s] [34mcolcon.colcon_core.shell[0m [1;30mINFO[0m Creating prefix script '/home/facuvulcano/TPF-PRA-LopezVilaclara-Vulcano/install/local_setup.bash'
[11.045s] [34mcolcon.colcon_core.shell[0m [1;30mINFO[0m Creating prefix chain script '/home/facuvulcano/TPF-PRA-LopezVilaclara-Vulcano/install/setup.bash'
[11.046s] [34mcolcon.colcon_core.shell[0m [1;30mINFO[0m Creating prefix script '/home/facuvulcano/TPF-PRA-LopezVilaclara-Vulcano/install/local_setup.zsh'
[11.047s] [34mcolcon.colcon_core.shell[0m [1;30mINFO[0m Creating prefix chain script '/home/facuvulcano/TPF-PRA-LopezVilaclara-Vulcano/install/setup.zsh'
