[0.435s] Invoking command in '/home/facuvulcano/TPF-PRA-LopezVilaclara-Vulcano/ros2_ws/src/tpf_navigation': CONDA_PROMPT_MODIFIER=(rosenv) DEBUGINFOD_URLS=https://debuginfod.ubuntu.com PYTHONPATH=/home/facuvulcano/TPF-PRA-LopezVilaclara-Vulcano/build/tpf_navigation/prefix_override:/home/facuvulcano/miniconda3/envs/rosenv/lib/python3.11/site-packages/colcon_core/task/python/colcon_distutils_commands:/home/facuvulcano/TPF-PRA-LopezVilaclara-Vulcano/install/tpf_navigation/lib/python3.11/site-packages:${PYTHONPATH} /home/facuvulcano/miniconda3/envs/rosenv/bin/python3.11 -W ignore:setup.py install is deprecated -W ignore:easy_install command is deprecated setup.py egg_info --egg-base ../../../build/tpf_navigation build --build-base /home/facuvulcano/TPF-PRA-LopezVilaclara-Vulcano/build/tpf_navigation/build install --record /home/facuvulcano/TPF-PRA-LopezVilaclara-Vulcano/build/tpf_navigation/install.log --single-version-externally-managed install_data
[0.528s] /home/facuvulcano/miniconda3/envs/rosenv/lib/python3.11/site-packages/setuptools/_distutils/dist.py:289: UserWarning: Unknown distribution option: 'tests_require'
[0.528s]   warnings.warn(msg)
[0.566s] running egg_info
[0.572s] creating ../../../build/tpf_navigation/tpf_navigation.egg-info
[0.572s] writing ../../../build/tpf_navigation/tpf_navigation.egg-info/PKG-INFO
[0.573s] writing dependency_links to ../../../build/tpf_navigation/tpf_navigation.egg-info/dependency_links.txt
[0.573s] writing entry points to ../../../build/tpf_navigation/tpf_navigation.egg-info/entry_points.txt
[0.573s] writing requirements to ../../../build/tpf_navigation/tpf_navigation.egg-info/requires.txt
[0.573s] writing top-level names to ../../../build/tpf_navigation/tpf_navigation.egg-info/top_level.txt
[0.573s] writing manifest file '../../../build/tpf_navigation/tpf_navigation.egg-info/SOURCES.txt'
[0.587s] reading manifest file '../../../build/tpf_navigation/tpf_navigation.egg-info/SOURCES.txt'
[0.588s] writing manifest file '../../../build/tpf_navigation/tpf_navigation.egg-info/SOURCES.txt'
[0.588s] running build
[0.588s] running build_py
[0.588s] creating /home/facuvulcano/TPF-PRA-LopezVilaclara-Vulcano/build/tpf_navigation/build/lib/tpf_navigation
[0.588s] copying tpf_navigation/planner_node.py -> /home/facuvulcano/TPF-PRA-LopezVilaclara-Vulcano/build/tpf_navigation/build/lib/tpf_navigation
[0.588s] copying tpf_navigation/map_loader_node.py -> /home/facuvulcano/TPF-PRA-LopezVilaclara-Vulcano/build/tpf_navigation/build/lib/tpf_navigation
[0.588s] copying tpf_navigation/controller_node.py -> /home/facuvulcano/TPF-PRA-LopezVilaclara-Vulcano/build/tpf_navigation/build/lib/tpf_navigation
[0.588s] copying tpf_navigation/localization_node.py -> /home/facuvulcano/TPF-PRA-LopezVilaclara-Vulcano/build/tpf_navigation/build/lib/tpf_navigation
[0.588s] copying tpf_navigation/__init__.py -> /home/facuvulcano/TPF-PRA-LopezVilaclara-Vulcano/build/tpf_navigation/build/lib/tpf_navigation
[0.589s] running install
[0.592s] running install_lib
[0.598s] creating /home/facuvulcano/TPF-PRA-LopezVilaclara-Vulcano/install/tpf_navigation/lib/python3.11/site-packages/tpf_navigation
[0.598s] copying /home/facuvulcano/TPF-PRA-LopezVilaclara-Vulcano/build/tpf_navigation/build/lib/tpf_navigation/planner_node.py -> /home/facuvulcano/TPF-PRA-LopezVilaclara-Vulcano/install/tpf_navigation/lib/python3.11/site-packages/tpf_navigation
[0.598s] copying /home/facuvulcano/TPF-PRA-LopezVilaclara-Vulcano/build/tpf_navigation/build/lib/tpf_navigation/map_loader_node.py -> /home/facuvulcano/TPF-PRA-LopezVilaclara-Vulcano/install/tpf_navigation/lib/python3.11/site-packages/tpf_navigation
[0.598s] copying /home/facuvulcano/TPF-PRA-LopezVilaclara-Vulcano/build/tpf_navigation/build/lib/tpf_navigation/controller_node.py -> /home/facuvulcano/TPF-PRA-LopezVilaclara-Vulcano/install/tpf_navigation/lib/python3.11/site-packages/tpf_navigation
[0.598s] copying /home/facuvulcano/TPF-PRA-LopezVilaclara-Vulcano/build/tpf_navigation/build/lib/tpf_navigation/localization_node.py -> /home/facuvulcano/TPF-PRA-LopezVilaclara-Vulcano/install/tpf_navigation/lib/python3.11/site-packages/tpf_navigation
[0.598s] copying /home/facuvulcano/TPF-PRA-LopezVilaclara-Vulcano/build/tpf_navigation/build/lib/tpf_navigation/__init__.py -> /home/facuvulcano/TPF-PRA-LopezVilaclara-Vulcano/install/tpf_navigation/lib/python3.11/site-packages/tpf_navigation
[0.598s] byte-compiling /home/facuvulcano/TPF-PRA-LopezVilaclara-Vulcano/install/tpf_navigation/lib/python3.11/site-packages/tpf_navigation/planner_node.py to planner_node.cpython-311.pyc
[0.601s] byte-compiling /home/facuvulcano/TPF-PRA-LopezVilaclara-Vulcano/install/tpf_navigation/lib/python3.11/site-packages/tpf_navigation/map_loader_node.py to map_loader_node.cpython-311.pyc
[0.602s] byte-compiling /home/facuvulcano/TPF-PRA-LopezVilaclara-Vulcano/install/tpf_navigation/lib/python3.11/site-packages/tpf_navigation/controller_node.py to controller_node.cpython-311.pyc
[0.602s] byte-compiling /home/facuvulcano/TPF-PRA-LopezVilaclara-Vulcano/install/tpf_navigation/lib/python3.11/site-packages/tpf_navigation/localization_node.py to localization_node.cpython-311.pyc
[0.604s] byte-compiling /home/facuvulcano/TPF-PRA-LopezVilaclara-Vulcano/install/tpf_navigation/lib/python3.11/site-packages/tpf_navigation/__init__.py to __init__.cpython-311.pyc
[0.604s] running install_data
[0.605s] creating /home/facuvulcano/TPF-PRA-LopezVilaclara-Vulcano/install/tpf_navigation/share/ament_index/resource_index/packages
[0.605s] copying resource/tpf_navigation -> /home/facuvulcano/TPF-PRA-LopezVilaclara-Vulcano/install/tpf_navigation/share/ament_index/resource_index/packages
[0.605s] copying package.xml -> /home/facuvulcano/TPF-PRA-LopezVilaclara-Vulcano/install/tpf_navigation/share/tpf_navigation
[0.605s] creating /home/facuvulcano/TPF-PRA-LopezVilaclara-Vulcano/install/tpf_navigation/share/tpf_navigation/config
[0.605s] copying config/navigation_params.yaml -> /home/facuvulcano/TPF-PRA-LopezVilaclara-Vulcano/install/tpf_navigation/share/tpf_navigation/config
[0.606s] creating /home/facuvulcano/TPF-PRA-LopezVilaclara-Vulcano/install/tpf_navigation/share/tpf_navigation/launch
[0.606s] copying launch/navigation_launch.py -> /home/facuvulcano/TPF-PRA-LopezVilaclara-Vulcano/install/tpf_navigation/share/tpf_navigation/launch
[0.606s] running install_egg_info
[0.613s] Copying ../../../build/tpf_navigation/tpf_navigation.egg-info to /home/facuvulcano/TPF-PRA-LopezVilaclara-Vulcano/install/tpf_navigation/lib/python3.11/site-packages/tpf_navigation-0.0.0-py3.11.egg-info
[0.613s] running install_scripts
[0.655s] Installing controller_node script to /home/facuvulcano/TPF-PRA-LopezVilaclara-Vulcano/install/tpf_navigation/lib/tpf_navigation
[0.655s] Installing localization_node script to /home/facuvulcano/TPF-PRA-LopezVilaclara-Vulcano/install/tpf_navigation/lib/tpf_navigation
[0.656s] Installing map_loader_node script to /home/facuvulcano/TPF-PRA-LopezVilaclara-Vulcano/install/tpf_navigation/lib/tpf_navigation
[0.656s] Installing planner_node script to /home/facuvulcano/TPF-PRA-LopezVilaclara-Vulcano/install/tpf_navigation/lib/tpf_navigation
[0.656s] writing list of installed files to '/home/facuvulcano/TPF-PRA-LopezVilaclara-Vulcano/build/tpf_navigation/install.log'
[0.675s] Invoked command in '/home/facuvulcano/TPF-PRA-LopezVilaclara-Vulcano/ros2_ws/src/tpf_navigation' returned '0': CONDA_PROMPT_MODIFIER=(rosenv) DEBUGINFOD_URLS=https://debuginfod.ubuntu.com PYTHONPATH=/home/facuvulcano/TPF-PRA-LopezVilaclara-Vulcano/build/tpf_navigation/prefix_override:/home/facuvulcano/miniconda3/envs/rosenv/lib/python3.11/site-packages/colcon_core/task/python/colcon_distutils_commands:/home/facuvulcano/TPF-PRA-LopezVilaclara-Vulcano/install/tpf_navigation/lib/python3.11/site-packages:${PYTHONPATH} /home/facuvulcano/miniconda3/envs/rosenv/bin/python3.11 -W ignore:setup.py install is deprecated -W ignore:easy_install command is deprecated setup.py egg_info --egg-base ../../../build/tpf_navigation build --build-base /home/facuvulcano/TPF-PRA-LopezVilaclara-Vulcano/build/tpf_navigation/build install --record /home/facuvulcano/TPF-PRA-LopezVilaclara-Vulcano/build/tpf_navigation/install.log --single-version-externally-managed install_data
