/home/facuvulcano/miniconda3/envs/rosenv/lib/python3.11/site-packages/setuptools/_distutils/dist.py:289: UserWarning: Unknown distribution option: 'tests_require'
  warnings.warn(msg)
running develop
running egg_info
creating tpf_package.egg-info
writing tpf_package.egg-info/PKG-INFO
writing dependency_links to tpf_package.egg-info/dependency_links.txt
writing entry points to tpf_package.egg-info/entry_points.txt
writing requirements to tpf_package.egg-info/requires.txt
writing top-level names to tpf_package.egg-info/top_level.txt
writing manifest file 'tpf_package.egg-info/SOURCES.txt'
reading manifest file 'tpf_package.egg-info/SOURCES.txt'
writing manifest file 'tpf_package.egg-info/SOURCES.txt'
running build_ext
Creating /home/facuvulcano/TPF-PRA-LopezVilaclara-Vulcano/install/tpf_package/lib/python3.11/site-packages/tpf-package.egg-link (link to .)
Installing explorer_node script to /home/facuvulcano/TPF-PRA-LopezVilaclara-Vulcano/install/tpf_package/lib/tpf_package
Installing map_saver_node script to /home/facuvulcano/TPF-PRA-LopezVilaclara-Vulcano/install/tpf_package/lib/tpf_package
Installing slam_node script to /home/facuvulcano/TPF-PRA-LopezVilaclara-Vulcano/install/tpf_package/lib/tpf_package

Installed /home/facuvulcano/TPF-PRA-LopezVilaclara-Vulcano/build/tpf_package
running symlink_data
creating /home/facuvulcano/TPF-PRA-LopezVilaclara-Vulcano/install/tpf_package/share/ament_index/resource_index/packages
symbolically linking /home/facuvulcano/TPF-PRA-LopezVilaclara-Vulcano/build/tpf_package/resource/tpf_package -> /home/facuvulcano/TPF-PRA-LopezVilaclara-Vulcano/install/tpf_package/share/ament_index/resource_index/packages
symbolically linking /home/facuvulcano/TPF-PRA-LopezVilaclara-Vulcano/build/tpf_package/package.xml -> /home/facuvulcano/TPF-PRA-LopezVilaclara-Vulcano/install/tpf_package/share/tpf_package
creating /home/facuvulcano/TPF-PRA-LopezVilaclara-Vulcano/install/tpf_package/share/tpf_package/launch
symbolically linking /home/facuvulcano/TPF-PRA-LopezVilaclara-Vulcano/build/tpf_package/launch/slam_launch.py -> /home/facuvulcano/TPF-PRA-LopezVilaclara-Vulcano/install/tpf_package/share/tpf_package/launch
creating /home/facuvulcano/TPF-PRA-LopezVilaclara-Vulcano/install/tpf_package/share/tpf_package/config
symbolically linking /home/facuvulcano/TPF-PRA-LopezVilaclara-Vulcano/build/tpf_package/config/slam_defaults.yaml -> /home/facuvulcano/TPF-PRA-LopezVilaclara-Vulcano/install/tpf_package/share/tpf_package/config
