running develop
Removing /home/facuvulcano/TPF-PRA-LopezVilaclara-Vulcano/install/tpf_package/lib/python3.11/site-packages/tpf-package.egg-link (link to .)
running egg_info
writing ../../../build/tpf_package/tpf_package.egg-info/PKG-INFO
writing dependency_links to ../../../build/tpf_package/tpf_package.egg-info/dependency_links.txt
writing entry points to ../../../build/tpf_package/tpf_package.egg-info/entry_points.txt
writing requirements to ../../../build/tpf_package/tpf_package.egg-info/requires.txt
writing top-level names to ../../../build/tpf_package/tpf_package.egg-info/top_level.txt
reading manifest file '../../../build/tpf_package/tpf_package.egg-info/SOURCES.txt'
writing manifest file '../../../build/tpf_package/tpf_package.egg-info/SOURCES.txt'
running build
running build_py
creating /home/facuvulcano/TPF-PRA-LopezVilaclara-Vulcano/build/tpf_package/build/lib/tpf_package
copying tpf_package/map_saver_node.py -> /home/facuvulcano/TPF-PRA-LopezVilaclara-Vulcano/build/tpf_package/build/lib/tpf_package
copying tpf_package/slam_node.py -> /home/facuvulcano/TPF-PRA-LopezVilaclara-Vulcano/build/tpf_package/build/lib/tpf_package
copying tpf_package/explorer_node.py -> /home/facuvulcano/TPF-PRA-LopezVilaclara-Vulcano/build/tpf_package/build/lib/tpf_package
copying tpf_package/__init__.py -> /home/facuvulcano/TPF-PRA-LopezVilaclara-Vulcano/build/tpf_package/build/lib/tpf_package
running install
running install_lib
creating /home/facuvulcano/TPF-PRA-LopezVilaclara-Vulcano/install/tpf_package/lib/python3.11/site-packages/tpf_package
copying /home/facuvulcano/TPF-PRA-LopezVilaclara-Vulcano/build/tpf_package/build/lib/tpf_package/map_saver_node.py -> /home/facuvulcano/TPF-PRA-LopezVilaclara-Vulcano/install/tpf_package/lib/python3.11/site-packages/tpf_package
copying /home/facuvulcano/TPF-PRA-LopezVilaclara-Vulcano/build/tpf_package/build/lib/tpf_package/slam_node.py -> /home/facuvulcano/TPF-PRA-LopezVilaclara-Vulcano/install/tpf_package/lib/python3.11/site-packages/tpf_package
copying /home/facuvulcano/TPF-PRA-LopezVilaclara-Vulcano/build/tpf_package/build/lib/tpf_package/explorer_node.py -> /home/facuvulcano/TPF-PRA-LopezVilaclara-Vulcano/install/tpf_package/lib/python3.11/site-packages/tpf_package
copying /home/facuvulcano/TPF-PRA-LopezVilaclara-Vulcano/build/tpf_package/build/lib/tpf_package/__init__.py -> /home/facuvulcano/TPF-PRA-LopezVilaclara-Vulcano/install/tpf_package/lib/python3.11/site-packages/tpf_package
byte-compiling /home/facuvulcano/TPF-PRA-LopezVilaclara-Vulcano/install/tpf_package/lib/python3.11/site-packages/tpf_package/map_saver_node.py to map_saver_node.cpython-311.pyc
byte-compiling /home/facuvulcano/TPF-PRA-LopezVilaclara-Vulcano/install/tpf_package/lib/python3.11/site-packages/tpf_package/slam_node.py to slam_node.cpython-311.pyc
byte-compiling /home/facuvulcano/TPF-PRA-LopezVilaclara-Vulcano/install/tpf_package/lib/python3.11/site-packages/tpf_package/explorer_node.py to explorer_node.cpython-311.pyc
byte-compiling /home/facuvulcano/TPF-PRA-LopezVilaclara-Vulcano/install/tpf_package/lib/python3.11/site-packages/tpf_package/__init__.py to __init__.cpython-311.pyc
running install_data
copying resource/tpf_package -> /home/facuvulcano/TPF-PRA-LopezVilaclara-Vulcano/install/tpf_package/share/ament_index/resource_index/packages
copying package.xml -> /home/facuvulcano/TPF-PRA-LopezVilaclara-Vulcano/install/tpf_package/share/tpf_package
copying launch/slam_launch.py -> /home/facuvulcano/TPF-PRA-LopezVilaclara-Vulcano/install/tpf_package/share/tpf_package/launch
copying config/slam_defaults.yaml -> /home/facuvulcano/TPF-PRA-LopezVilaclara-Vulcano/install/tpf_package/share/tpf_package/config
running install_egg_info
Copying ../../../build/tpf_package/tpf_package.egg-info to /home/facuvulcano/TPF-PRA-LopezVilaclara-Vulcano/install/tpf_package/lib/python3.11/site-packages/tpf_package-0.0.0-py3.11.egg-info
running install_scripts
Installing explorer_node script to /home/facuvulcano/TPF-PRA-LopezVilaclara-Vulcano/install/tpf_package/lib/tpf_package
Installing map_saver_node script to /home/facuvulcano/TPF-PRA-LopezVilaclara-Vulcano/install/tpf_package/lib/tpf_package
Installing slam_node script to /home/facuvulcano/TPF-PRA-LopezVilaclara-Vulcano/install/tpf_package/lib/tpf_package
writing list of installed files to '/home/facuvulcano/TPF-PRA-LopezVilaclara-Vulcano/build/tpf_package/install.log'
