/home/facuvulcano/TPF-PRA-LopezVilaclara-Vulcano/install/tpf_navigation/lib/python3.11/site-packages/tpf_navigation/planner_node.py
/home/facuvulcano/TPF-PRA-LopezVilaclara-Vulcano/install/tpf_navigation/lib/python3.11/site-packages/tpf_navigation/map_loader_node.py
/home/facuvulcano/TPF-PRA-LopezVilaclara-Vulcano/install/tpf_navigation/lib/python3.11/site-packages/tpf_navigation/controller_node.py
/home/facuvulcano/TPF-PRA-LopezVilaclara-Vulcano/install/tpf_navigation/lib/python3.11/site-packages/tpf_navigation/localization_node.py
/home/facuvulcano/TPF-PRA-LopezVilaclara-Vulcano/install/tpf_navigation/lib/python3.11/site-packages/tpf_navigation/__init__.py
/home/facuvulcano/TPF-PRA-LopezVilaclara-Vulcano/install/tpf_navigation/lib/python3.11/site-packages/tpf_navigation/__pycache__/planner_node.cpython-311.pyc
/home/facuvulcano/TPF-PRA-LopezVilaclara-Vulcano/install/tpf_navigation/lib/python3.11/site-packages/tpf_navigation/__pycache__/map_loader_node.cpython-311.pyc
/home/facuvulcano/TPF-PRA-LopezVilaclara-Vulcano/install/tpf_navigation/lib/python3.11/site-packages/tpf_navigation/__pycache__/controller_node.cpython-311.pyc
/home/facuvulcano/TPF-PRA-LopezVilaclara-Vulcano/install/tpf_navigation/lib/python3.11/site-packages/tpf_navigation/__pycache__/localization_node.cpython-311.pyc
/home/facuvulcano/TPF-PRA-LopezVilaclara-Vulcano/install/tpf_navigation/lib/python3.11/site-packages/tpf_navigation/__pycache__/__init__.cpython-311.pyc
/home/facuvulcano/TPF-PRA-LopezVilaclara-Vulcano/install/tpf_navigation/share/ament_index/resource_index/packages/tpf_navigation
/home/facuvulcano/TPF-PRA-LopezVilaclara-Vulcano/install/tpf_navigation/share/tpf_navigation/package.xml
/home/facuvulcano/TPF-PRA-LopezVilaclara-Vulcano/install/tpf_navigation/share/tpf_navigation/config/navigation_params.yaml
/home/facuvulcano/TPF-PRA-LopezVilaclara-Vulcano/install/tpf_navigation/share/tpf_navigation/launch/navigation_launch.py
/home/facuvulcano/TPF-PRA-LopezVilaclara-Vulcano/install/tpf_navigation/lib/python3.11/site-packages/tpf_navigation-0.0.0-py3.11.egg-info/zip-safe
/home/facuvulcano/TPF-PRA-LopezVilaclara-Vulcano/install/tpf_navigation/lib/python3.11/site-packages/tpf_navigation-0.0.0-py3.11.egg-info/PKG-INFO
/home/facuvulcano/TPF-PRA-LopezVilaclara-Vulcano/install/tpf_navigation/lib/python3.11/site-packages/tpf_navigation-0.0.0-py3.11.egg-info/top_level.txt
/home/facuvulcano/TPF-PRA-LopezVilaclara-Vulcano/install/tpf_navigation/lib/python3.11/site-packages/tpf_navigation-0.0.0-py3.11.egg-info/entry_points.txt
/home/facuvulcano/TPF-PRA-LopezVilaclara-Vulcano/install/tpf_navigation/lib/python3.11/site-packages/tpf_navigation-0.0.0-py3.11.egg-info/requires.txt
/home/facuvulcano/TPF-PRA-LopezVilaclara-Vulcano/install/tpf_navigation/lib/python3.11/site-packages/tpf_navigation-0.0.0-py3.11.egg-info/dependency_links.txt
/home/facuvulcano/TPF-PRA-LopezVilaclara-Vulcano/install/tpf_navigation/lib/python3.11/site-packages/tpf_navigation-0.0.0-py3.11.egg-info/SOURCES.txt
/home/facuvulcano/TPF-PRA-LopezVilaclara-Vulcano/install/tpf_navigation/lib/tpf_navigation/controller_node
/home/facuvulcano/TPF-PRA-LopezVilaclara-Vulcano/install/tpf_navigation/lib/tpf_navigation/localization_node
/home/facuvulcano/TPF-PRA-LopezVilaclara-Vulcano/install/tpf_navigation/lib/tpf_navigation/map_loader_node
/home/facuvulcano/TPF-PRA-LopezVilaclara-Vulcano/install/tpf_navigation/lib/tpf_navigation/planner_node
