[0.284s] Invoking command in '/home/alumno1/Documents/TPF-PRA-LopezVilaclara-Vulcano/ros2_ws/src/tpf_navigation': AMENT_PREFIX_PATH=/home/alumno1/Documents/TPF-PRA-LopezVilaclara-Vulcano/install/tpf_package:/home/alumno1/Documents/TPF-PRA-LopezVilaclara-Vulcano/install/turtlebot3_custom_simulation:/home/alumno1/Documents/TPF-PRA-LopezVilaclara-Vulcano/install/tpf_navigation:/home/alumno1/turtlebot3_ws/install/turtlebot3:/home/alumno1/turtlebot3_ws/install/turtlebot3_teleop:/home/alumno1/turtlebot3_ws/install/turtlebot3_simulations:/home/alumno1/turtlebot3_ws/install/turtlebot3_bringup:/home/alumno1/turtlebot3_ws/install/turtlebot3_node:/home/alumno1/turtlebot3_ws/install/turtlebot3_navigation2:/home/alumno1/turtlebot3_ws/install/turtlebot3_fake_node:/home/alumno1/turtlebot3_ws/install/turtlebot3_example:/home/alumno1/turtlebot3_ws/install/turtlebot3_custom_simulation:/home/alumno1/turtlebot3_ws/install/turtlebot3_msgs:/home/alumno1/turtlebot3_ws/install/turtlebot3_gazebo:/home/alumno1/turtlebot3_ws/install/turtlebot3_description:/home/alumno1/turtlebot3_ws/install/turtlebot3_cartographer:/home/alumno1/turtlebot3_ws/install/dynamixel_sdk_examples:/home/alumno1/turtlebot3_ws/install/dynamixel_sdk_custom_interfaces:/home/alumno1/turtlebot3_ws/install/dynamixel_sdk:/opt/ros/humble PYTHONPATH=/home/alumno1/Documents/TPF-PRA-LopezVilaclara-Vulcano/build/tpf_navigation/prefix_override:/usr/lib/python3/dist-packages/colcon_core/task/python/colcon_distutils_commands:/home/alumno1/Documents/TPF-PRA-LopezVilaclara-Vulcano/install/tpf_navigation/lib/python3.10/site-packages:/home/alumno1/Documents/TPF-PRA-LopezVilaclara-Vulcano/install/tpf_package/lib/python3.10/site-packages:/home/alumno1/Documents/TPF-PRA-LopezVilaclara-Vulcano/install/tpf_navigation/lib/python3.10/site-packages:/home/alumno1/turtlebot3_ws/build/turtlebot3_teleop:/home/alumno1/turtlebot3_ws/install/turtlebot3_teleop/lib/python3.10/site-packages:/home/alumno1/turtlebot3_ws/build/turtlebot3_example:/home/alumno1/turtlebot3_ws/install/turtlebot3_example/lib/python3.10/site-packages:/home/alumno1/turtlebot3_ws/install/turtlebot3_msgs/local/lib/python3.10/dist-packages:/home/alumno1/turtlebot3_ws/install/dynamixel_sdk_custom_interfaces/local/lib/python3.10/dist-packages:/opt/ros/humble/lib/python3.10/site-packages:/opt/ros/humble/local/lib/python3.10/dist-packages /usr/bin/python3 -W ignore:setup.py install is deprecated -W ignore:easy_install command is deprecated setup.py egg_info --egg-base ../../../build/tpf_navigation build --build-base /home/alumno1/Documents/TPF-PRA-LopezVilaclara-Vulcano/build/tpf_navigation/build install --record /home/alumno1/Documents/TPF-PRA-LopezVilaclara-Vulcano/build/tpf_navigation/install.log --single-version-externally-managed install_data
[0.397s] running egg_info
[0.397s] creating ../../../build/tpf_navigation/tpf_navigation.egg-info
[0.397s] writing ../../../build/tpf_navigation/tpf_navigation.egg-info/PKG-INFO
[0.397s] writing dependency_links to ../../../build/tpf_navigation/tpf_navigation.egg-info/dependency_links.txt
[0.397s] writing entry points to ../../../build/tpf_navigation/tpf_navigation.egg-info/entry_points.txt
[0.397s] writing requirements to ../../../build/tpf_navigation/tpf_navigation.egg-info/requires.txt
[0.397s] writing top-level names to ../../../build/tpf_navigation/tpf_navigation.egg-info/top_level.txt
[0.397s] writing manifest file '../../../build/tpf_navigation/tpf_navigation.egg-info/SOURCES.txt'
[0.398s] reading manifest file '../../../build/tpf_navigation/tpf_navigation.egg-info/SOURCES.txt'
[0.398s] writing manifest file '../../../build/tpf_navigation/tpf_navigation.egg-info/SOURCES.txt'
[0.398s] running build
[0.398s] running build_py
[0.398s] creating /home/alumno1/Documents/TPF-PRA-LopezVilaclara-Vulcano/build/tpf_navigation/build
[0.398s] creating /home/alumno1/Documents/TPF-PRA-LopezVilaclara-Vulcano/build/tpf_navigation/build/lib
[0.398s] creating /home/alumno1/Documents/TPF-PRA-LopezVilaclara-Vulcano/build/tpf_navigation/build/lib/tpf_navigation
[0.398s] copying tpf_navigation/planner_node.py -> /home/alumno1/Documents/TPF-PRA-LopezVilaclara-Vulcano/build/tpf_navigation/build/lib/tpf_navigation
[0.398s] copying tpf_navigation/localization_node.py -> /home/alumno1/Documents/TPF-PRA-LopezVilaclara-Vulcano/build/tpf_navigation/build/lib/tpf_navigation
[0.398s] copying tpf_navigation/controller_node.py -> /home/alumno1/Documents/TPF-PRA-LopezVilaclara-Vulcano/build/tpf_navigation/build/lib/tpf_navigation
[0.399s] copying tpf_navigation/map_loader_node.py -> /home/alumno1/Documents/TPF-PRA-LopezVilaclara-Vulcano/build/tpf_navigation/build/lib/tpf_navigation
[0.399s] copying tpf_navigation/__init__.py -> /home/alumno1/Documents/TPF-PRA-LopezVilaclara-Vulcano/build/tpf_navigation/build/lib/tpf_navigation
[0.399s] running install
[0.399s] running install_lib
[0.399s] creating /home/alumno1/Documents/TPF-PRA-LopezVilaclara-Vulcano/install/tpf_navigation/lib/python3.10/site-packages/tpf_navigation
[0.399s] copying /home/alumno1/Documents/TPF-PRA-LopezVilaclara-Vulcano/build/tpf_navigation/build/lib/tpf_navigation/planner_node.py -> /home/alumno1/Documents/TPF-PRA-LopezVilaclara-Vulcano/install/tpf_navigation/lib/python3.10/site-packages/tpf_navigation
[0.399s] copying /home/alumno1/Documents/TPF-PRA-LopezVilaclara-Vulcano/build/tpf_navigation/build/lib/tpf_navigation/localization_node.py -> /home/alumno1/Documents/TPF-PRA-LopezVilaclara-Vulcano/install/tpf_navigation/lib/python3.10/site-packages/tpf_navigation
[0.399s] copying /home/alumno1/Documents/TPF-PRA-LopezVilaclara-Vulcano/build/tpf_navigation/build/lib/tpf_navigation/controller_node.py -> /home/alumno1/Documents/TPF-PRA-LopezVilaclara-Vulcano/install/tpf_navigation/lib/python3.10/site-packages/tpf_navigation
[0.399s] copying /home/alumno1/Documents/TPF-PRA-LopezVilaclara-Vulcano/build/tpf_navigation/build/lib/tpf_navigation/map_loader_node.py -> /home/alumno1/Documents/TPF-PRA-LopezVilaclara-Vulcano/install/tpf_navigation/lib/python3.10/site-packages/tpf_navigation
[0.399s] copying /home/alumno1/Documents/TPF-PRA-LopezVilaclara-Vulcano/build/tpf_navigation/build/lib/tpf_navigation/__init__.py -> /home/alumno1/Documents/TPF-PRA-LopezVilaclara-Vulcano/install/tpf_navigation/lib/python3.10/site-packages/tpf_navigation
[0.399s] byte-compiling /home/alumno1/Documents/TPF-PRA-LopezVilaclara-Vulcano/install/tpf_navigation/lib/python3.10/site-packages/tpf_navigation/planner_node.py to planner_node.cpython-310.pyc
[0.401s] byte-compiling /home/alumno1/Documents/TPF-PRA-LopezVilaclara-Vulcano/install/tpf_navigation/lib/python3.10/site-packages/tpf_navigation/localization_node.py to localization_node.cpython-310.pyc
[0.402s] byte-compiling /home/alumno1/Documents/TPF-PRA-LopezVilaclara-Vulcano/install/tpf_navigation/lib/python3.10/site-packages/tpf_navigation/controller_node.py to controller_node.cpython-310.pyc
[0.403s] byte-compiling /home/alumno1/Documents/TPF-PRA-LopezVilaclara-Vulcano/install/tpf_navigation/lib/python3.10/site-packages/tpf_navigation/map_loader_node.py to map_loader_node.cpython-310.pyc
[0.403s] byte-compiling /home/alumno1/Documents/TPF-PRA-LopezVilaclara-Vulcano/install/tpf_navigation/lib/python3.10/site-packages/tpf_navigation/__init__.py to __init__.cpython-310.pyc
[0.403s] running install_data
[0.404s] creating /home/alumno1/Documents/TPF-PRA-LopezVilaclara-Vulcano/install/tpf_navigation/share/ament_index
[0.404s] creating /home/alumno1/Documents/TPF-PRA-LopezVilaclara-Vulcano/install/tpf_navigation/share/ament_index/resource_index
[0.404s] creating /home/alumno1/Documents/TPF-PRA-LopezVilaclara-Vulcano/install/tpf_navigation/share/ament_index/resource_index/packages
[0.404s] copying resource/tpf_navigation -> /home/alumno1/Documents/TPF-PRA-LopezVilaclara-Vulcano/install/tpf_navigation/share/ament_index/resource_index/packages
[0.404s] copying package.xml -> /home/alumno1/Documents/TPF-PRA-LopezVilaclara-Vulcano/install/tpf_navigation/share/tpf_navigation
[0.404s] creating /home/alumno1/Documents/TPF-PRA-LopezVilaclara-Vulcano/install/tpf_navigation/share/tpf_navigation/config
[0.404s] copying config/navigation_params.yaml -> /home/alumno1/Documents/TPF-PRA-LopezVilaclara-Vulcano/install/tpf_navigation/share/tpf_navigation/config
[0.404s] creating /home/alumno1/Documents/TPF-PRA-LopezVilaclara-Vulcano/install/tpf_navigation/share/tpf_navigation/launch
[0.404s] copying launch/navigation_launch.py -> /home/alumno1/Documents/TPF-PRA-LopezVilaclara-Vulcano/install/tpf_navigation/share/tpf_navigation/launch
[0.404s] running install_egg_info
[0.404s] Copying ../../../build/tpf_navigation/tpf_navigation.egg-info to /home/alumno1/Documents/TPF-PRA-LopezVilaclara-Vulcano/install/tpf_navigation/lib/python3.10/site-packages/tpf_navigation-0.0.0-py3.10.egg-info
[0.405s] running install_scripts
[0.414s] Installing controller_node script to /home/alumno1/Documents/TPF-PRA-LopezVilaclara-Vulcano/install/tpf_navigation/lib/tpf_navigation
[0.414s] Installing localization_node script to /home/alumno1/Documents/TPF-PRA-LopezVilaclara-Vulcano/install/tpf_navigation/lib/tpf_navigation
[0.414s] Installing map_loader_node script to /home/alumno1/Documents/TPF-PRA-LopezVilaclara-Vulcano/install/tpf_navigation/lib/tpf_navigation
[0.414s] Installing planner_node script to /home/alumno1/Documents/TPF-PRA-LopezVilaclara-Vulcano/install/tpf_navigation/lib/tpf_navigation
[0.414s] writing list of installed files to '/home/alumno1/Documents/TPF-PRA-LopezVilaclara-Vulcano/build/tpf_navigation/install.log'
[0.425s] Invoked command in '/home/alumno1/Documents/TPF-PRA-LopezVilaclara-Vulcano/ros2_ws/src/tpf_navigation' returned '0': AMENT_PREFIX_PATH=/home/alumno1/Documents/TPF-PRA-LopezVilaclara-Vulcano/install/tpf_package:/home/alumno1/Documents/TPF-PRA-LopezVilaclara-Vulcano/install/turtlebot3_custom_simulation:/home/alumno1/Documents/TPF-PRA-LopezVilaclara-Vulcano/install/tpf_navigation:/home/alumno1/turtlebot3_ws/install/turtlebot3:/home/alumno1/turtlebot3_ws/install/turtlebot3_teleop:/home/alumno1/turtlebot3_ws/install/turtlebot3_simulations:/home/alumno1/turtlebot3_ws/install/turtlebot3_bringup:/home/alumno1/turtlebot3_ws/install/turtlebot3_node:/home/alumno1/turtlebot3_ws/install/turtlebot3_navigation2:/home/alumno1/turtlebot3_ws/install/turtlebot3_fake_node:/home/alumno1/turtlebot3_ws/install/turtlebot3_example:/home/alumno1/turtlebot3_ws/install/turtlebot3_custom_simulation:/home/alumno1/turtlebot3_ws/install/turtlebot3_msgs:/home/alumno1/turtlebot3_ws/install/turtlebot3_gazebo:/home/alumno1/turtlebot3_ws/install/turtlebot3_description:/home/alumno1/turtlebot3_ws/install/turtlebot3_cartographer:/home/alumno1/turtlebot3_ws/install/dynamixel_sdk_examples:/home/alumno1/turtlebot3_ws/install/dynamixel_sdk_custom_interfaces:/home/alumno1/turtlebot3_ws/install/dynamixel_sdk:/opt/ros/humble PYTHONPATH=/home/alumno1/Documents/TPF-PRA-LopezVilaclara-Vulcano/build/tpf_navigation/prefix_override:/usr/lib/python3/dist-packages/colcon_core/task/python/colcon_distutils_commands:/home/alumno1/Documents/TPF-PRA-LopezVilaclara-Vulcano/install/tpf_navigation/lib/python3.10/site-packages:/home/alumno1/Documents/TPF-PRA-LopezVilaclara-Vulcano/install/tpf_package/lib/python3.10/site-packages:/home/alumno1/Documents/TPF-PRA-LopezVilaclara-Vulcano/install/tpf_navigation/lib/python3.10/site-packages:/home/alumno1/turtlebot3_ws/build/turtlebot3_teleop:/home/alumno1/turtlebot3_ws/install/turtlebot3_teleop/lib/python3.10/site-packages:/home/alumno1/turtlebot3_ws/build/turtlebot3_example:/home/alumno1/turtlebot3_ws/install/turtlebot3_example/lib/python3.10/site-packages:/home/alumno1/turtlebot3_ws/install/turtlebot3_msgs/local/lib/python3.10/dist-packages:/home/alumno1/turtlebot3_ws/install/dynamixel_sdk_custom_interfaces/local/lib/python3.10/dist-packages:/opt/ros/humble/lib/python3.10/site-packages:/opt/ros/humble/local/lib/python3.10/dist-packages /usr/bin/python3 -W ignore:setup.py install is deprecated -W ignore:easy_install command is deprecated setup.py egg_info --egg-base ../../../build/tpf_navigation build --build-base /home/alumno1/Documents/TPF-PRA-LopezVilaclara-Vulcano/build/tpf_navigation/build install --record /home/alumno1/Documents/TPF-PRA-LopezVilaclara-Vulcano/build/tpf_navigation/install.log --single-version-externally-managed install_data
