running egg_info
writing ../../../build/tpf_navigation/tpf_navigation.egg-info/PKG-INFO
writing dependency_links to ../../../build/tpf_navigation/tpf_navigation.egg-info/dependency_links.txt
writing entry points to ../../../build/tpf_navigation/tpf_navigation.egg-info/entry_points.txt
writing requirements to ../../../build/tpf_navigation/tpf_navigation.egg-info/requires.txt
writing top-level names to ../../../build/tpf_navigation/tpf_navigation.egg-info/top_level.txt
reading manifest file '../../../build/tpf_navigation/tpf_navigation.egg-info/SOURCES.txt'
writing manifest file '../../../build/tpf_navigation/tpf_navigation.egg-info/SOURCES.txt'
running build
running build_py
running install
running install_lib
running install_data
copying config/navigation_params.yaml -> /home/alumno1/Documents/TPF-PRA-LopezVilaclara-Vulcano/install/tpf_navigation/share/tpf_navigation/config
running install_egg_info
removing '/home/alumno1/Documents/TPF-PRA-LopezVilaclara-Vulcano/install/tpf_navigation/lib/python3.10/site-packages/tpf_navigation-0.0.0-py3.10.egg-info' (and everything under it)
Copying ../../../build/tpf_navigation/tpf_navigation.egg-info to /home/alumno1/Documents/TPF-PRA-LopezVilaclara-Vulcano/install/tpf_navigation/lib/python3.10/site-packages/tpf_navigation-0.0.0-py3.10.egg-info
running install_scripts
Installing controller_node script to /home/alumno1/Documents/TPF-PRA-LopezVilaclara-Vulcano/install/tpf_navigation/lib/tpf_navigation
Installing localization_node script to /home/alumno1/Documents/TPF-PRA-LopezVilaclara-Vulcano/install/tpf_navigation/lib/tpf_navigation
Installing map_loader_node script to /home/alumno1/Documents/TPF-PRA-LopezVilaclara-Vulcano/install/tpf_navigation/lib/tpf_navigation
Installing planner_node script to /home/alumno1/Documents/TPF-PRA-LopezVilaclara-Vulcano/install/tpf_navigation/lib/tpf_navigation
writing list of installed files to '/home/alumno1/Documents/TPF-PRA-LopezVilaclara-Vulcano/build/tpf_navigation/install.log'
