[0.266s] Invoking command in '/home/facuvulcano/TPF-PRA-LopezVilaclara-Vulcano/build/tpf_package': CONDA_PROMPT_MODIFIER=(rosenv) DEBUGINFOD_URLS=https://debuginfod.ubuntu.com PYTHONPATH=/home/facuvulcano/TPF-PRA-LopezVilaclara-Vulcano/build/tpf_package/prefix_override:/home/facuvulcano/miniconda3/envs/rosenv/lib/python3.11/site-packages/colcon_core/task/python/colcon_distutils_commands:/home/facuvulcano/TPF-PRA-LopezVilaclara-Vulcano/install/tpf_package/lib/python3.11/site-packages:${PYTHONPATH} /home/facuvulcano/miniconda3/envs/rosenv/bin/python3.11 -W ignore:setup.py install is deprecated -W ignore:easy_install command is deprecated setup.py develop --editable --build-directory /home/facuvulcano/TPF-PRA-LopezVilaclara-Vulcano/build/tpf_package/build --no-deps symlink_data
[0.330s] /home/facuvulcano/miniconda3/envs/rosenv/lib/python3.11/site-packages/setuptools/_distutils/dist.py:289: UserWarning: Unknown distribution option: 'tests_require'
[0.330s]   warnings.warn(msg)
[0.379s] running develop
[0.449s] running egg_info
[0.454s] writing tpf_package.egg-info/PKG-INFO
[0.454s] writing dependency_links to tpf_package.egg-info/dependency_links.txt
[0.455s] writing entry points to tpf_package.egg-info/entry_points.txt
[0.455s] writing requirements to tpf_package.egg-info/requires.txt
[0.455s] writing top-level names to tpf_package.egg-info/top_level.txt
[0.465s] reading manifest file 'tpf_package.egg-info/SOURCES.txt'
[0.466s] writing manifest file 'tpf_package.egg-info/SOURCES.txt'
[0.471s] running build_ext
[0.471s] Creating /home/facuvulcano/TPF-PRA-LopezVilaclara-Vulcano/install/tpf_package/lib/python3.11/site-packages/tpf-package.egg-link (link to .)
[0.472s] Installing explorer_node script to /home/facuvulcano/TPF-PRA-LopezVilaclara-Vulcano/install/tpf_package/lib/tpf_package
[0.472s] Installing map_saver_node script to /home/facuvulcano/TPF-PRA-LopezVilaclara-Vulcano/install/tpf_package/lib/tpf_package
[0.472s] Installing slam_node script to /home/facuvulcano/TPF-PRA-LopezVilaclara-Vulcano/install/tpf_package/lib/tpf_package
[0.472s] 
[0.472s] Installed /home/facuvulcano/TPF-PRA-LopezVilaclara-Vulcano/build/tpf_package
[0.472s] running symlink_data
[0.487s] Invoked command in '/home/facuvulcano/TPF-PRA-LopezVilaclara-Vulcano/build/tpf_package' returned '0': CONDA_PROMPT_MODIFIER=(rosenv) DEBUGINFOD_URLS=https://debuginfod.ubuntu.com PYTHONPATH=/home/facuvulcano/TPF-PRA-LopezVilaclara-Vulcano/build/tpf_package/prefix_override:/home/facuvulcano/miniconda3/envs/rosenv/lib/python3.11/site-packages/colcon_core/task/python/colcon_distutils_commands:/home/facuvulcano/TPF-PRA-LopezVilaclara-Vulcano/install/tpf_package/lib/python3.11/site-packages:${PYTHONPATH} /home/facuvulcano/miniconda3/envs/rosenv/bin/python3.11 -W ignore:setup.py install is deprecated -W ignore:easy_install command is deprecated setup.py develop --editable --build-directory /home/facuvulcano/TPF-PRA-LopezVilaclara-Vulcano/build/tpf_package/build --no-deps symlink_data
