[0.272s] Invoking command in '/home/facuvulcano/TPF-PRA-LopezVilaclara-Vulcano/ros2_ws/src/tpf_navigation': AMENT_PREFIX_PATH=/home/facuvulcano/TPF-PRA-LopezVilaclara-Vulcano/install/tpf_package:/home/facuvulcano/TPF-PRA-LopezVilaclara-Vulcano/install/turtlebot3_custom_simulation:/home/facuvulcano/TPF-PRA-LopezVilaclara-Vulcano/install/tpf_navigation:/home/facuvulcano/miniconda3/envs/rosenv CONDA_PROMPT_MODIFIER=(rosenv) DEBUGINFOD_URLS=https://debuginfod.ubuntu.com PYTHONPATH=/home/facuvulcano/TPF-PRA-LopezVilaclara-Vulcano/build/tpf_navigation/prefix_override:/home/facuvulcano/miniconda3/envs/rosenv/lib/python3.11/site-packages/colcon_core/task/python/colcon_distutils_commands:/home/facuvulcano/TPF-PRA-LopezVilaclara-Vulcano/install/tpf_navigation/lib/python3.11/site-packages:${PYTHONPATH} /home/facuvulcano/miniconda3/envs/rosenv/bin/python3.11 -W ignore:setup.py install is deprecated -W ignore:easy_install command is deprecated setup.py egg_info --egg-base ../../../build/tpf_navigation build --build-base /home/facuvulcano/TPF-PRA-LopezVilaclara-Vulcano/build/tpf_navigation/build install --record /home/facuvulcano/TPF-PRA-LopezVilaclara-Vulcano/build/tpf_navigation/install.log --single-version-externally-managed install_data
[0.331s] /home/facuvulcano/miniconda3/envs/rosenv/lib/python3.11/site-packages/setuptools/_distutils/dist.py:289: UserWarning: Unknown distribution option: 'tests_require'
[0.331s]   warnings.warn(msg)
[0.356s] running egg_info
[0.360s] writing ../../../build/tpf_navigation/tpf_navigation.egg-info/PKG-INFO
[0.360s] writing dependency_links to ../../../build/tpf_navigation/tpf_navigation.egg-info/dependency_links.txt
[0.360s] writing entry points to ../../../build/tpf_navigation/tpf_navigation.egg-info/entry_points.txt
[0.360s] writing requirements to ../../../build/tpf_navigation/tpf_navigation.egg-info/requires.txt
[0.360s] writing top-level names to ../../../build/tpf_navigation/tpf_navigation.egg-info/top_level.txt
[0.369s] reading manifest file '../../../build/tpf_navigation/tpf_navigation.egg-info/SOURCES.txt'
[0.370s] writing manifest file '../../../build/tpf_navigation/tpf_navigation.egg-info/SOURCES.txt'
[0.370s] running build
[0.370s] running build_py
[0.370s] copying tpf_navigation/planner_node.py -> /home/facuvulcano/TPF-PRA-LopezVilaclara-Vulcano/build/tpf_navigation/build/lib/tpf_navigation
[0.370s] copying tpf_navigation/map_loader_node.py -> /home/facuvulcano/TPF-PRA-LopezVilaclara-Vulcano/build/tpf_navigation/build/lib/tpf_navigation
[0.370s] copying tpf_navigation/controller_node.py -> /home/facuvulcano/TPF-PRA-LopezVilaclara-Vulcano/build/tpf_navigation/build/lib/tpf_navigation
[0.370s] copying tpf_navigation/localization_node.py -> /home/facuvulcano/TPF-PRA-LopezVilaclara-Vulcano/build/tpf_navigation/build/lib/tpf_navigation
[0.370s] copying tpf_navigation/__init__.py -> /home/facuvulcano/TPF-PRA-LopezVilaclara-Vulcano/build/tpf_navigation/build/lib/tpf_navigation
[0.370s] running install
[0.372s] running install_lib
[0.377s] running install_data
[0.377s] copying resource/tpf_navigation -> /home/facuvulcano/TPF-PRA-LopezVilaclara-Vulcano/install/tpf_navigation/share/ament_index/resource_index/packages
[0.377s] copying package.xml -> /home/facuvulcano/TPF-PRA-LopezVilaclara-Vulcano/install/tpf_navigation/share/tpf_navigation
[0.377s] copying config/navigation_params.yaml -> /home/facuvulcano/TPF-PRA-LopezVilaclara-Vulcano/install/tpf_navigation/share/tpf_navigation/config
[0.377s] copying launch/navigation_launch.py -> /home/facuvulcano/TPF-PRA-LopezVilaclara-Vulcano/install/tpf_navigation/share/tpf_navigation/launch
[0.377s] running install_egg_info
[0.382s] removing '/home/facuvulcano/TPF-PRA-LopezVilaclara-Vulcano/install/tpf_navigation/lib/python3.11/site-packages/tpf_navigation-0.0.0-py3.11.egg-info' (and everything under it)
[0.382s] Copying ../../../build/tpf_navigation/tpf_navigation.egg-info to /home/facuvulcano/TPF-PRA-LopezVilaclara-Vulcano/install/tpf_navigation/lib/python3.11/site-packages/tpf_navigation-0.0.0-py3.11.egg-info
[0.382s] running install_scripts
[0.409s] Installing controller_node script to /home/facuvulcano/TPF-PRA-LopezVilaclara-Vulcano/install/tpf_navigation/lib/tpf_navigation
[0.409s] Installing localization_node script to /home/facuvulcano/TPF-PRA-LopezVilaclara-Vulcano/install/tpf_navigation/lib/tpf_navigation
[0.409s] Installing map_loader_node script to /home/facuvulcano/TPF-PRA-LopezVilaclara-Vulcano/install/tpf_navigation/lib/tpf_navigation
[0.409s] Installing planner_node script to /home/facuvulcano/TPF-PRA-LopezVilaclara-Vulcano/install/tpf_navigation/lib/tpf_navigation
[0.409s] writing list of installed files to '/home/facuvulcano/TPF-PRA-LopezVilaclara-Vulcano/build/tpf_navigation/install.log'
[0.421s] Invoked command in '/home/facuvulcano/TPF-PRA-LopezVilaclara-Vulcano/ros2_ws/src/tpf_navigation' returned '0': AMENT_PREFIX_PATH=/home/facuvulcano/TPF-PRA-LopezVilaclara-Vulcano/install/tpf_package:/home/facuvulcano/TPF-PRA-LopezVilaclara-Vulcano/install/turtlebot3_custom_simulation:/home/facuvulcano/TPF-PRA-LopezVilaclara-Vulcano/install/tpf_navigation:/home/facuvulcano/miniconda3/envs/rosenv CONDA_PROMPT_MODIFIER=(rosenv) DEBUGINFOD_URLS=https://debuginfod.ubuntu.com PYTHONPATH=/home/facuvulcano/TPF-PRA-LopezVilaclara-Vulcano/build/tpf_navigation/prefix_override:/home/facuvulcano/miniconda3/envs/rosenv/lib/python3.11/site-packages/colcon_core/task/python/colcon_distutils_commands:/home/facuvulcano/TPF-PRA-LopezVilaclara-Vulcano/install/tpf_navigation/lib/python3.11/site-packages:${PYTHONPATH} /home/facuvulcano/miniconda3/envs/rosenv/bin/python3.11 -W ignore:setup.py install is deprecated -W ignore:easy_install command is deprecated setup.py egg_info --egg-base ../../../build/tpf_navigation build --build-base /home/facuvulcano/TPF-PRA-LopezVilaclara-Vulcano/build/tpf_navigation/build install --record /home/facuvulcano/TPF-PRA-LopezVilaclara-Vulcano/build/tpf_navigation/install.log --single-version-externally-managed install_data
